
Showing Recent Errors Only

Build target React-RCTAppDelegate of project Pods with configuration Debug

ScanDependencies /Users/user276136/Library/Developer/Xcode/DerivedData/NSTApp-bcboxxksfhribggsmrlkjfsgkgxp/Build/Intermediates.noindex/Pods.build/Debug-iphonesimulator/React-RCTAppDelegate.build/Objects-normal/arm64/React-RCTAppDelegate-dummy.o /Users/user276136/Documents/Dev/NSTApp/ios/Pods/Target\ Support\ Files/React-RCTAppDelegate/React-RCTAppDelegate-dummy.m normal arm64 objective-c com.apple.compilers.llvm.clang.1_0.compiler (in target 'React-RCTAppDelegate' from project 'Pods')
    cd /Users/user276136/Documents/Dev/NSTApp/ios/Pods
    
    Using response file: /Users/user276136/Library/Developer/Xcode/DerivedData/NSTApp-bcboxxksfhribggsmrlkjfsgkgxp/Build/Intermediates.noindex/Pods.build/Debug-iphonesimulator/React-RCTAppDelegate.build/Objects-normal/arm64/e6072d4f65d7061329687fe24e3d63a7-common-args.resp
    
    builtin-ScanDependencies -o /Users/user276136/Library/Developer/Xcode/DerivedData/NSTApp-bcboxxksfhribggsmrlkjfsgkgxp/Build/Intermediates.noindex/Pods.build/Debug-iphonesimulator/React-RCTAppDelegate.build/Objects-normal/arm64/React-RCTAppDelegate-dummy.o.scan -- /Applications/Xcode.app/Contents/Developer/Toolchains/XcodeDefault.xctoolchain/usr/bin/clang -x objective-c -ivfsstatcache /Users/user276136/Library/Developer/Xcode/DerivedData/SDKStatCaches.noindex/iphonesimulator18.2-22C146-07b28473f605e47e75261259d3ef3b5a.sdkstatcache -fmessage-length\=0 -fdiagnostics-show-note-include-stack -fmacro-backtrace-limit\=0 -fno-color-diagnostics -fmodules-prune-interval\=86400 -fmodules-prune-after\=345600 -fbuild-session-file\=/Users/user276136/Library/Developer/Xcode/DerivedData/ModuleCache.noindex/Session.modulevalidation -fmodules-validate-once-per-build-session -Wnon-modular-include-in-framework-module -Werror\=non-modular-include-in-framework-module -Wno-trigraphs -Wno-missing-field-initializers -Wno-missing-prototypes -Werror\=return-type -Wdocumentation -Wunreachable-code -Wno-implicit-atomic-properties -Werror\=deprecated-objc-isa-usage -Wno-objc-interface-ivars -Werror\=objc-root-class -Wno-arc-repeated-use-of-weak -Wimplicit-retain-self -Wduplicate-method-match -Wno-missing-braces -Wparentheses -Wswitch -Wunused-function -Wno-unused-label -Wno-unused-parameter -Wunused-variable -Wunused-value -Wempty-body -Wuninitialized -Wconditional-uninitialized -Wno-unknown-pragmas -Wno-shadow -Wno-four-char-constants -Wno-conversion -Wconstant-conversion -Wint-conversion -Wbool-conversion -Wenum-conversion -Wno-float-conversion -Wnon-literal-null-conversion -Wobjc-literal-conversion -Wshorten-64-to-32 -Wpointer-sign -Wno-newline-eof -Wno-selector -Wno-strict-selector-match -Wundeclared-selector -Wdeprecated-implementations -Wno-implicit-fallthrough -fstrict-aliasing -Wprotocol -Wdeprecated-declarations -Wno-sign-conversion -Winfinite-recursion -Wcomma -Wblock-capture-autoreleasing -Wstrict-prototypes -Wno-semicolon-before-method-body -Wunguarded-availability -index-store-path /Users/user276136/Library/Developer/Xcode/DerivedData/NSTApp-bcboxxksfhribggsmrlkjfsgkgxp/Index.noindex/DataStore @/Users/user276136/Library/Developer/Xcode/DerivedData/NSTApp-bcboxxksfhribggsmrlkjfsgkgxp/Build/Intermediates.noindex/Pods.build/Debug-iphonesimulator/React-RCTAppDelegate.build/Objects-normal/arm64/e6072d4f65d7061329687fe24e3d63a7-common-args.resp -include /Users/user276136/Documents/Dev/NSTApp/ios/Pods/Target\ Support\ Files/React-RCTAppDelegate/React-RCTAppDelegate-prefix.pch -MMD -MT dependencies -MF /Users/user276136/Library/Developer/Xcode/DerivedData/NSTApp-bcboxxksfhribggsmrlkjfsgkgxp/Build/Intermediates.noindex/Pods.build/Debug-iphonesimulator/React-RCTAppDelegate.build/Objects-normal/arm64/React-RCTAppDelegate-dummy.d --serialize-diagnostics /Users/user276136/Library/Developer/Xcode/DerivedData/NSTApp-bcboxxksfhribggsmrlkjfsgkgxp/Build/Intermediates.noindex/Pods.build/Debug-iphonesimulator/React-RCTAppDelegate.build/Objects-normal/arm64/React-RCTAppDelegate-dummy.dia -c /Users/user276136/Documents/Dev/NSTApp/ios/Pods/Target\ Support\ Files/React-RCTAppDelegate/React-RCTAppDelegate-dummy.m -o /Users/user276136/Library/Developer/Xcode/DerivedData/NSTApp-bcboxxksfhribggsmrlkjfsgkgxp/Build/Intermediates.noindex/Pods.build/Debug-iphonesimulator/React-RCTAppDelegate.build/Objects-normal/arm64/React-RCTAppDelegate-dummy.o -index-unit-output-path /Pods.build/Debug-iphonesimulator/React-RCTAppDelegate.build/Objects-normal/arm64/React-RCTAppDelegate-dummy.o

/Users/user276136/Documents/Dev/NSTApp/ios/Pods/Headers/Public/ReactCommon/ReactCommon.modulemap:1:8: error: Redefinition of module 'ReactCommon' (in target 'React-RCTAppDelegate' from project 'Pods')
    /Users/user276136/Documents/Dev/NSTApp/ios/Pods/Headers/Public/ReactCommon/React-RuntimeApple.modulemap:1:8: note: Previously defined here
/Users/user276136/Documents/Dev/NSTApp/ios/Pods/Headers/Public/ReactCommon/ReactCommon.modulemap:1:8: error: Redefinition of module 'ReactCommon' (in target 'React-RCTAppDelegate' from project 'Pods')
    /Users/user276136/Documents/Dev/NSTApp/ios/Pods/Headers/Public/ReactCommon/React-RuntimeApple.modulemap:1:8: note: Previously defined here
/Users/user276136/Documents/Dev/NSTApp/ios/Pods/Headers/Public/ReactCommon/ReactCommon.modulemap:1:8: error: Redefinition of module 'ReactCommon' (in target 'React-RCTAppDelegate' from project 'Pods')
    /Users/user276136/Documents/Dev/NSTApp/ios/Pods/Headers/Public/ReactCommon/React-RuntimeApple.modulemap:1:8: note: Previously defined here
/Users/user276136/Documents/Dev/NSTApp/ios/Pods/Headers/Public/ReactCommon/ReactCommon.modulemap:1:8: error: Redefinition of module 'ReactCommon' (in target 'React-RCTAppDelegate' from project 'Pods')
    /Users/user276136/Documents/Dev/NSTApp/ios/Pods/Headers/Public/ReactCommon/React-RuntimeApple.modulemap:1:8: note: Previously defined here
/Users/user276136/Documents/Dev/NSTApp/ios/Pods/Headers/Public/ReactCommon/ReactCommon.modulemap:1:8: error: Redefinition of module 'ReactCommon' (in target 'React-RCTAppDelegate' from project 'Pods')
    /Users/user276136/Documents/Dev/NSTApp/ios/Pods/Headers/Public/ReactCommon/React-RuntimeApple.modulemap:1:8: note: Previously defined here
/Applications/Xcode.app/Contents/Developer/Platforms/iPhoneSimulator.platform/Developer/SDKs/iPhoneSimulator18.2.sdk/System/Library/Frameworks/CoreFoundation.framework/Headers/CoreFoundation.h:14:10: error: Could not build module 'TargetConditionals' (in target 'React-RCTAppDelegate' from project 'Pods')
    /Users/user276136/Documents/Dev/NSTApp/ios/Pods/Target Support Files/React-RCTAppDelegate/React-RCTAppDelegate-prefix.pch:2:9: note: while building module 'UIKit' imported from /Users/user276136/Documents/Dev/NSTApp/ios/Pods/Target Support Files/React-RCTAppDelegate/React-RCTAppDelegate-prefix.pch:2:
    /Applications/Xcode.app/Contents/Developer/Platforms/iPhoneSimulator.platform/Developer/SDKs/iPhoneSimulator18.2.sdk/System/Library/Frameworks/UIKit.framework/Headers/UIKit.h:8:9: note: while building module 'Foundation' imported from /Applications/Xcode.app/Contents/Developer/Platforms/iPhoneSimulator.platform/Developer/SDKs/iPhoneSimulator18.2.sdk/System/Library/Frameworks/UIKit.framework/Headers/UIKit.h:8:
    /Applications/Xcode.app/Contents/Developer/Platforms/iPhoneSimulator.platform/Developer/SDKs/iPhoneSimulator18.2.sdk/System/Library/Frameworks/Foundation.framework/Headers/Foundation.h:6:10: note: while building module 'CoreFoundation' imported from /Applications/Xcode.app/Contents/Developer/Platforms/iPhoneSimulator.platform/Developer/SDKs/iPhoneSimulator18.2.sdk/System/Library/Frameworks/Foundation.framework/Headers/Foundation.h:6:
    /Users/user276136/Documents/Dev/NSTApp/ios/Pods/<module-includes>:1:9: note: in file included from <module-includes>:1:
/Users/user276136/Documents/Dev/NSTApp/ios/Pods/Headers/Public/ReactCommon/ReactCommon.modulemap:1:8: error: Redefinition of module 'ReactCommon' (in target 'React-RCTAppDelegate' from project 'Pods')
    /Users/user276136/Documents/Dev/NSTApp/ios/Pods/Headers/Public/ReactCommon/React-RuntimeApple.modulemap:1:8: note: Previously defined here
/Users/user276136/Documents/Dev/NSTApp/ios/Pods/Headers/Public/ReactCommon/ReactCommon.modulemap:1:8: error: Redefinition of module 'ReactCommon' (in target 'React-RCTAppDelegate' from project 'Pods')
    /Users/user276136/Documents/Dev/NSTApp/ios/Pods/Headers/Public/ReactCommon/React-RuntimeApple.modulemap:1:8: note: Previously defined here
/Users/user276136/Documents/Dev/NSTApp/ios/Pods/Headers/Public/ReactCommon/ReactCommon.modulemap:1:8: error: Redefinition of module 'ReactCommon' (in target 'React-RCTAppDelegate' from project 'Pods')
    /Users/user276136/Documents/Dev/NSTApp/ios/Pods/Headers/Public/ReactCommon/React-RuntimeApple.modulemap:1:8: note: Previously defined here
/Users/user276136/Documents/Dev/NSTApp/ios/Pods/Headers/Public/ReactCommon/ReactCommon.modulemap:1:8: error: Redefinition of module 'ReactCommon' (in target 'React-RCTAppDelegate' from project 'Pods')
    /Users/user276136/Documents/Dev/NSTApp/ios/Pods/Headers/Public/ReactCommon/React-RuntimeApple.modulemap:1:8: note: Previously defined here
/Applications/Xcode.app/Contents/Developer/Platforms/iPhoneSimulator.platform/Developer/SDKs/iPhoneSimulator18.2.sdk/usr/include/os/availability.h:76:10: error: Could not build module 'os_availability_internal' (in target 'React-RCTAppDelegate' from project 'Pods')
    /Users/user276136/Documents/Dev/NSTApp/ios/Pods/Target Support Files/React-RCTAppDelegate/React-RCTAppDelegate-prefix.pch:2:9: note: while building module 'UIKit' imported from /Users/user276136/Documents/Dev/NSTApp/ios/Pods/Target Support Files/React-RCTAppDelegate/React-RCTAppDelegate-prefix.pch:2:
    /Applications/Xcode.app/Contents/Developer/Platforms/iPhoneSimulator.platform/Developer/SDKs/iPhoneSimulator18.2.sdk/System/Library/Frameworks/UIKit.framework/Headers/UIKit.h:8:9: note: while building module 'Foundation' imported from /Applications/Xcode.app/Contents/Developer/Platforms/iPhoneSimulator.platform/Developer/SDKs/iPhoneSimulator18.2.sdk/System/Library/Frameworks/UIKit.framework/Headers/UIKit.h:8:
    /Applications/Xcode.app/Contents/Developer/Platforms/iPhoneSimulator.platform/Developer/SDKs/iPhoneSimulator18.2.sdk/System/Library/Frameworks/Foundation.framework/Headers/Foundation.h:6:10: note: while building module 'CoreFoundation' imported from /Applications/Xcode.app/Contents/Developer/Platforms/iPhoneSimulator.platform/Developer/SDKs/iPhoneSimulator18.2.sdk/System/Library/Frameworks/Foundation.framework/Headers/Foundation.h:6:
    /Applications/Xcode.app/Contents/Developer/Platforms/iPhoneSimulator.platform/Developer/SDKs/iPhoneSimulator18.2.sdk/System/Library/Frameworks/CoreFoundation.framework/Headers/CoreFoundation.h:18:10: note: while building module 'sys_types' imported from /Applications/Xcode.app/Contents/Developer/Platforms/iPhoneSimulator.platform/Developer/SDKs/iPhoneSimulator18.2.sdk/System/Library/Frameworks/CoreFoundation.framework/Headers/CoreFoundation.h:18:
    /Applications/Xcode.app/Contents/Developer/Platforms/iPhoneSimulator.platform/Developer/SDKs/iPhoneSimulator18.2.sdk/usr/include/sys/types.h:72:10: note: while building module 'DarwinFoundation' imported from /Applications/Xcode.app/Contents/Developer/Platforms/iPhoneSimulator.platform/Developer/SDKs/iPhoneSimulator18.2.sdk/usr/include/sys/types.h:72:
    /Applications/Xcode.app/Contents/Developer/Platforms/iPhoneSimulator.platform/Developer/SDKs/iPhoneSimulator18.2.sdk/usr/include/sys/qos.h:28:10: note: while building module 'os_availability' imported from /Applications/Xcode.app/Contents/Developer/Platforms/iPhoneSimulator.platform/Developer/SDKs/iPhoneSimulator18.2.sdk/usr/include/sys/qos.h:28:
    /Users/user276136/Documents/Dev/NSTApp/ios/Pods/<module-includes>:1:9: note: in file included from <module-includes>:1:
/Applications/Xcode.app/Contents/Developer/Platforms/iPhoneSimulator.platform/Developer/SDKs/iPhoneSimulator18.2.sdk/usr/include/sys/qos.h:28:10: error: Could not build module 'os_availability' (in target 'React-RCTAppDelegate' from project 'Pods')
    /Users/user276136/Documents/Dev/NSTApp/ios/Pods/Target Support Files/React-RCTAppDelegate/React-RCTAppDelegate-prefix.pch:2:9: note: while building module 'UIKit' imported from /Users/user276136/Documents/Dev/NSTApp/ios/Pods/Target Support Files/React-RCTAppDelegate/React-RCTAppDelegate-prefix.pch:2:
    /Applications/Xcode.app/Contents/Developer/Platforms/iPhoneSimulator.platform/Developer/SDKs/iPhoneSimulator18.2.sdk/System/Library/Frameworks/UIKit.framework/Headers/UIKit.h:8:9: note: while building module 'Foundation' imported from /Applications/Xcode.app/Contents/Developer/Platforms/iPhoneSimulator.platform/Developer/SDKs/iPhoneSimulator18.2.sdk/System/Library/Frameworks/UIKit.framework/Headers/UIKit.h:8:
    /Applications/Xcode.app/Contents/Developer/Platforms/iPhoneSimulator.platform/Developer/SDKs/iPhoneSimulator18.2.sdk/System/Library/Frameworks/Foundation.framework/Headers/Foundation.h:6:10: note: while building module 'CoreFoundation' imported from /Applications/Xcode.app/Contents/Developer/Platforms/iPhoneSimulator.platform/Developer/SDKs/iPhoneSimulator18.2.sdk/System/Library/Frameworks/Foundation.framework/Headers/Foundation.h:6:
    /Applications/Xcode.app/Contents/Developer/Platforms/iPhoneSimulator.platform/Developer/SDKs/iPhoneSimulator18.2.sdk/System/Library/Frameworks/CoreFoundation.framework/Headers/CoreFoundation.h:18:10: note: while building module 'sys_types' imported from /Applications/Xcode.app/Contents/Developer/Platforms/iPhoneSimulator.platform/Developer/SDKs/iPhoneSimulator18.2.sdk/System/Library/Frameworks/CoreFoundation.framework/Headers/CoreFoundation.h:18:
    /Applications/Xcode.app/Contents/Developer/Platforms/iPhoneSimulator.platform/Developer/SDKs/iPhoneSimulator18.2.sdk/usr/include/sys/types.h:72:10: note: while building module 'DarwinFoundation' imported from /Applications/Xcode.app/Contents/Developer/Platforms/iPhoneSimulator.platform/Developer/SDKs/iPhoneSimulator18.2.sdk/usr/include/sys/types.h:72:
    /Users/user276136/Documents/Dev/NSTApp/ios/Pods/<module-includes>:3:9: note: in file included from <module-includes>:3:
/Users/user276136/Documents/Dev/NSTApp/ios/Pods/Headers/Public/ReactCommon/ReactCommon.modulemap:1:8: error: Redefinition of module 'ReactCommon' (in target 'React-RCTAppDelegate' from project 'Pods')
    /Users/user276136/Documents/Dev/NSTApp/ios/Pods/Headers/Public/ReactCommon/React-RuntimeApple.modulemap:1:8: note: Previously defined here
/Users/user276136/Documents/Dev/NSTApp/ios/Pods/Headers/Public/ReactCommon/ReactCommon.modulemap:1:8: error: Redefinition of module 'ReactCommon' (in target 'React-RCTAppDelegate' from project 'Pods')
    /Users/user276136/Documents/Dev/NSTApp/ios/Pods/Headers/Public/ReactCommon/React-RuntimeApple.modulemap:1:8: note: Previously defined here
/Applications/Xcode.app/Contents/Developer/Platforms/iPhoneSimulator.platform/Developer/SDKs/iPhoneSimulator18.2.sdk/usr/include/sys/types.h:72:10: error: Could not build module 'DarwinFoundation' (in target 'React-RCTAppDelegate' from project 'Pods')
    /Users/user276136/Documents/Dev/NSTApp/ios/Pods/Target Support Files/React-RCTAppDelegate/React-RCTAppDelegate-prefix.pch:2:9: note: while building module 'UIKit' imported from /Users/user276136/Documents/Dev/NSTApp/ios/Pods/Target Support Files/React-RCTAppDelegate/React-RCTAppDelegate-prefix.pch:2:
    /Applications/Xcode.app/Contents/Developer/Platforms/iPhoneSimulator.platform/Developer/SDKs/iPhoneSimulator18.2.sdk/System/Library/Frameworks/UIKit.framework/Headers/UIKit.h:8:9: note: while building module 'Foundation' imported from /Applications/Xcode.app/Contents/Developer/Platforms/iPhoneSimulator.platform/Developer/SDKs/iPhoneSimulator18.2.sdk/System/Library/Frameworks/UIKit.framework/Headers/UIKit.h:8:
    /Applications/Xcode.app/Contents/Developer/Platforms/iPhoneSimulator.platform/Developer/SDKs/iPhoneSimulator18.2.sdk/System/Library/Frameworks/Foundation.framework/Headers/Foundation.h:6:10: note: while building module 'CoreFoundation' imported from /Applications/Xcode.app/Contents/Developer/Platforms/iPhoneSimulator.platform/Developer/SDKs/iPhoneSimulator18.2.sdk/System/Library/Frameworks/Foundation.framework/Headers/Foundation.h:6:
    /Applications/Xcode.app/Contents/Developer/Platforms/iPhoneSimulator.platform/Developer/SDKs/iPhoneSimulator18.2.sdk/System/Library/Frameworks/CoreFoundation.framework/Headers/CoreFoundation.h:18:10: note: while building module 'sys_types' imported from /Applications/Xcode.app/Contents/Developer/Platforms/iPhoneSimulator.platform/Developer/SDKs/iPhoneSimulator18.2.sdk/System/Library/Frameworks/CoreFoundation.framework/Headers/CoreFoundation.h:18:
    /Users/user276136/Documents/Dev/NSTApp/ios/Pods/<module-includes>:1:9: note: in file included from <module-includes>:1:
/Users/user276136/Documents/Dev/NSTApp/ios/Pods/Headers/Public/ReactCommon/ReactCommon.modulemap:1:8: error: Redefinition of module 'ReactCommon' (in target 'React-RCTAppDelegate' from project 'Pods')
    /Users/user276136/Documents/Dev/NSTApp/ios/Pods/Headers/Public/ReactCommon/React-RuntimeApple.modulemap:1:8: note: Previously defined here
/Applications/Xcode.app/Contents/Developer/Platforms/iPhoneSimulator.platform/Developer/SDKs/iPhoneSimulator18.2.sdk/usr/include/sys/_types/_in_addr_t.h:30:10: error: Could not build module 'DarwinFoundation' (in target 'React-RCTAppDelegate' from project 'Pods')
    /Users/user276136/Documents/Dev/NSTApp/ios/Pods/Target Support Files/React-RCTAppDelegate/React-RCTAppDelegate-prefix.pch:2:9: note: while building module 'UIKit' imported from /Users/user276136/Documents/Dev/NSTApp/ios/Pods/Target Support Files/React-RCTAppDelegate/React-RCTAppDelegate-prefix.pch:2:
    /Applications/Xcode.app/Contents/Developer/Platforms/iPhoneSimulator.platform/Developer/SDKs/iPhoneSimulator18.2.sdk/System/Library/Frameworks/UIKit.framework/Headers/UIKit.h:8:9: note: while building module 'Foundation' imported from /Applications/Xcode.app/Contents/Developer/Platforms/iPhoneSimulator.platform/Developer/SDKs/iPhoneSimulator18.2.sdk/System/Library/Frameworks/UIKit.framework/Headers/UIKit.h:8:
    /Applications/Xcode.app/Contents/Developer/Platforms/iPhoneSimulator.platform/Developer/SDKs/iPhoneSimulator18.2.sdk/System/Library/Frameworks/Foundation.framework/Headers/Foundation.h:6:10: note: while building module 'CoreFoundation' imported from /Applications/Xcode.app/Contents/Developer/Platforms/iPhoneSimulator.platform/Developer/SDKs/iPhoneSimulator18.2.sdk/System/Library/Frameworks/Foundation.framework/Headers/Foundation.h:6:
    /Applications/Xcode.app/Contents/Developer/Platforms/iPhoneSimulator.platform/Developer/SDKs/iPhoneSimulator18.2.sdk/System/Library/Frameworks/CoreFoundation.framework/Headers/CoreFoundation.h:18:10: note: while building module 'sys_types' imported from /Applications/Xcode.app/Contents/Developer/Platforms/iPhoneSimulator.platform/Developer/SDKs/iPhoneSimulator18.2.sdk/System/Library/Frameworks/CoreFoundation.framework/Headers/CoreFoundation.h:18:
    /Applications/Xcode.app/Contents/Developer/Platforms/iPhoneSimulator.platform/Developer/SDKs/iPhoneSimulator18.2.sdk/usr/include/sys/types.h:113:10: note: while building module 'netinet_in' imported from /Applications/Xcode.app/Contents/Developer/Platforms/iPhoneSimulator.platform/Developer/SDKs/iPhoneSimulator18.2.sdk/usr/include/sys/types.h:113:
    /Users/user276136/Documents/Dev/NSTApp/ios/Pods/<module-includes>:1:9: note: in file included from <module-includes>:1:
/Users/user276136/Documents/Dev/NSTApp/ios/Pods/Headers/Public/ReactCommon/ReactCommon.modulemap:1:8: error: Redefinition of module 'ReactCommon' (in target 'React-RCTAppDelegate' from project 'Pods')
    /Users/user276136/Documents/Dev/NSTApp/ios/Pods/Headers/Public/ReactCommon/React-RuntimeApple.modulemap:1:8: note: Previously defined here
/Applications/Xcode.app/Contents/Developer/Platforms/iPhoneSimulator.platform/Developer/SDKs/iPhoneSimulator18.2.sdk/usr/include/sys/_types/_useconds_t.h:30:10: error: Could not build module 'DarwinFoundation' (in target 'React-RCTAppDelegate' from project 'Pods')
    /Users/user276136/Documents/Dev/NSTApp/ios/Pods/Target Support Files/React-RCTAppDelegate/React-RCTAppDelegate-prefix.pch:2:9: note: while building module 'UIKit' imported from /Users/user276136/Documents/Dev/NSTApp/ios/Pods/Target Support Files/React-RCTAppDelegate/React-RCTAppDelegate-prefix.pch:2:
    /Applications/Xcode.app/Contents/Developer/Platforms/iPhoneSimulator.platform/Developer/SDKs/iPhoneSimulator18.2.sdk/System/Library/Frameworks/UIKit.framework/Headers/UIKit.h:8:9: note: while building module 'Foundation' imported from /Applications/Xcode.app/Contents/Developer/Platforms/iPhoneSimulator.platform/Developer/SDKs/iPhoneSimulator18.2.sdk/System/Library/Frameworks/UIKit.framework/Headers/UIKit.h:8:
    /Applications/Xcode.app/Contents/Developer/Platforms/iPhoneSimulator.platform/Developer/SDKs/iPhoneSimulator18.2.sdk/System/Library/Frameworks/Foundation.framework/Headers/Foundation.h:6:10: note: while building module 'CoreFoundation' imported from /Applications/Xcode.app/Contents/Developer/Platforms/iPhoneSimulator.platform/Developer/SDKs/iPhoneSimulator18.2.sdk/System/Library/Frameworks/Foundation.framework/Headers/Foundation.h:6:
    /Applications/Xcode.app/Contents/Developer/Platforms/iPhoneSimulator.platform/Developer/SDKs/iPhoneSimulator18.2.sdk/System/Library/Frameworks/CoreFoundation.framework/Headers/CoreFoundation.h:18:10: note: while building module 'sys_types' imported from /Applications/Xcode.app/Contents/Developer/Platforms/iPhoneSimulator.platform/Developer/SDKs/iPhoneSimulator18.2.sdk/System/Library/Frameworks/CoreFoundation.framework/Headers/CoreFoundation.h:18:
    /Applications/Xcode.app/Contents/Developer/Platforms/iPhoneSimulator.platform/Developer/SDKs/iPhoneSimulator18.2.sdk/usr/include/sys/types.h:173:10: note: while building module '_useconds_t' imported from /Applications/Xcode.app/Contents/Developer/Platforms/iPhoneSimulator.platform/Developer/SDKs/iPhoneSimulator18.2.sdk/usr/include/sys/types.h:173:
    /Users/user276136/Documents/Dev/NSTApp/ios/Pods/<module-includes>:1:9: note: in file included from <module-includes>:1:
/Users/user276136/Documents/Dev/NSTApp/ios/Pods/Headers/Public/ReactCommon/ReactCommon.modulemap:1:8: error: Redefinition of module 'ReactCommon' (in target 'React-RCTAppDelegate' from project 'Pods')
    /Users/user276136/Documents/Dev/NSTApp/ios/Pods/Headers/Public/ReactCommon/React-RuntimeApple.modulemap:1:8: note: Previously defined here
/Applications/Xcode.app/Contents/Developer/Platforms/iPhoneSimulator.platform/Developer/SDKs/iPhoneSimulator18.2.sdk/usr/include/sys/errno.h:72:10: error: Could not build module 'DarwinFoundation' (in target 'React-RCTAppDelegate' from project 'Pods')
    /Users/user276136/Documents/Dev/NSTApp/ios/Pods/Target Support Files/React-RCTAppDelegate/React-RCTAppDelegate-prefix.pch:2:9: note: while building module 'UIKit' imported from /Users/user276136/Documents/Dev/NSTApp/ios/Pods/Target Support Files/React-RCTAppDelegate/React-RCTAppDelegate-prefix.pch:2:
    /Applications/Xcode.app/Contents/Developer/Platforms/iPhoneSimulator.platform/Developer/SDKs/iPhoneSimulator18.2.sdk/System/Library/Frameworks/UIKit.framework/Headers/UIKit.h:8:9: note: while building module 'Foundation' imported from /Applications/Xcode.app/Contents/Developer/Platforms/iPhoneSimulator.platform/Developer/SDKs/iPhoneSimulator18.2.sdk/System/Library/Frameworks/UIKit.framework/Headers/UIKit.h:8:
    /Applications/Xcode.app/Contents/Developer/Platforms/iPhoneSimulator.platform/Developer/SDKs/iPhoneSimulator18.2.sdk/System/Library/Frameworks/Foundation.framework/Headers/Foundation.h:6:10: note: while building module 'CoreFoundation' imported from /Applications/Xcode.app/Contents/Developer/Platforms/iPhoneSimulator.platform/Developer/SDKs/iPhoneSimulator18.2.sdk/System/Library/Frameworks/Foundation.framework/Headers/Foundation.h:6:
    /Applications/Xcode.app/Contents/Developer/Platforms/iPhoneSimulator.platform/Developer/SDKs/iPhoneSimulator18.2.sdk/System/Library/Frameworks/CoreFoundation.framework/Headers/CoreFoundation.h:18:10: note: while building module 'sys_types' imported from /Applications/Xcode.app/Contents/Developer/Platforms/iPhoneSimulator.platform/Developer/SDKs/iPhoneSimulator18.2.sdk/System/Library/Frameworks/CoreFoundation.framework/Headers/CoreFoundation.h:18:
    /Applications/Xcode.app/Contents/Developer/Platforms/iPhoneSimulator.platform/Developer/SDKs/iPhoneSimulator18.2.sdk/usr/include/sys/types.h:178:10: note: while building module '_errno' imported from /Applications/Xcode.app/Contents/Developer/Platforms/iPhoneSimulator.platform/Developer/SDKs/iPhoneSimulator18.2.sdk/usr/include/sys/types.h:178:
    /Users/user276136/Documents/Dev/NSTApp/ios/Pods/<module-includes>:1:9: note: in file included from <module-includes>:1:
    /Applications/Xcode.app/Contents/Developer/Platforms/iPhoneSimulator.platform/Developer/SDKs/iPhoneSimulator18.2.sdk/usr/include/errno.h:23:10: note: in file included from /Applications/Xcode.app/Contents/Developer/Platforms/iPhoneSimulator.platform/Developer/SDKs/iPhoneSimulator18.2.sdk/usr/include/errno.h:23:
/Users/user276136/Documents/Dev/NSTApp/ios/Pods/Headers/Public/ReactCommon/ReactCommon.modulemap:1:8: error: Redefinition of module 'ReactCommon' (in target 'React-RCTAppDelegate' from project 'Pods')
    /Users/user276136/Documents/Dev/NSTApp/ios/Pods/Headers/Public/ReactCommon/React-RuntimeApple.modulemap:1:8: note: Previously defined here
/Applications/Xcode.app/Contents/Developer/Platforms/iPhoneSimulator.platform/Developer/SDKs/iPhoneSimulator18.2.sdk/usr/include/sys/_types/_fd_def.h:31:10: error: Could not build module 'DarwinFoundation' (in target 'React-RCTAppDelegate' from project 'Pods')
    /Users/user276136/Documents/Dev/NSTApp/ios/Pods/Target Support Files/React-RCTAppDelegate/React-RCTAppDelegate-prefix.pch:2:9: note: while building module 'UIKit' imported from /Users/user276136/Documents/Dev/NSTApp/ios/Pods/Target Support Files/React-RCTAppDelegate/React-RCTAppDelegate-prefix.pch:2:
    /Applications/Xcode.app/Contents/Developer/Platforms/iPhoneSimulator.platform/Developer/SDKs/iPhoneSimulator18.2.sdk/System/Library/Frameworks/UIKit.framework/Headers/UIKit.h:8:9: note: while building module 'Foundation' imported from /Applications/Xcode.app/Contents/Developer/Platforms/iPhoneSimulator.platform/Developer/SDKs/iPhoneSimulator18.2.sdk/System/Library/Frameworks/UIKit.framework/Headers/UIKit.h:8:
    /Applications/Xcode.app/Contents/Developer/Platforms/iPhoneSimulator.platform/Developer/SDKs/iPhoneSimulator18.2.sdk/System/Library/Frameworks/Foundation.framework/Headers/Foundation.h:6:10: note: while building module 'CoreFoundation' imported from /Applications/Xcode.app/Contents/Developer/Platforms/iPhoneSimulator.platform/Developer/SDKs/iPhoneSimulator18.2.sdk/System/Library/Frameworks/Foundation.framework/Headers/Foundation.h:6:
    /Applications/Xcode.app/Contents/Developer/Platforms/iPhoneSimulator.platform/Developer/SDKs/iPhoneSimulator18.2.sdk/System/Library/Frameworks/CoreFoundation.framework/Headers/CoreFoundation.h:18:10: note: while building module 'sys_types' imported from /Applications/Xcode.app/Contents/Developer/Platforms/iPhoneSimulator.platform/Developer/SDKs/iPhoneSimulator18.2.sdk/System/Library/Frameworks/CoreFoundation.framework/Headers/CoreFoundation.h:18:
    /Applications/Xcode.app/Contents/Developer/Platforms/iPhoneSimulator.platform/Developer/SDKs/iPhoneSimulator18.2.sdk/usr/include/sys/types.h:187:10: note: while building module '_sys_select' imported from /Applications/Xcode.app/Contents/Developer/Platforms/iPhoneSimulator.platform/Developer/SDKs/iPhoneSimulator18.2.sdk/usr/include/sys/types.h:187:
    /Users/user276136/Documents/Dev/NSTApp/ios/Pods/<module-includes>:1:9: note: in file included from <module-includes>:1:
/Users/user276136/Documents/Dev/NSTApp/ios/Pods/Headers/Public/ReactCommon/ReactCommon.modulemap:1:8: error: Redefinition of module 'ReactCommon' (in target 'React-RCTAppDelegate' from project 'Pods')
    /Users/user276136/Documents/Dev/NSTApp/ios/Pods/Headers/Public/ReactCommon/React-RuntimeApple.modulemap:1:8: note: Previously defined here
/Applications/Xcode.app/Contents/Developer/Platforms/iPhoneSimulator.platform/Developer/SDKs/iPhoneSimulator18.2.sdk/usr/include/_assert.h:45:10: error: Could not build module 'DarwinFoundation' (in target 'React-RCTAppDelegate' from project 'Pods')
    /Users/user276136/Documents/Dev/NSTApp/ios/Pods/Target Support Files/React-RCTAppDelegate/React-RCTAppDelegate-prefix.pch:2:9: note: while building module 'UIKit' imported from /Users/user276136/Documents/Dev/NSTApp/ios/Pods/Target Support Files/React-RCTAppDelegate/React-RCTAppDelegate-prefix.pch:2:
    /Applications/Xcode.app/Contents/Developer/Platforms/iPhoneSimulator.platform/Developer/SDKs/iPhoneSimulator18.2.sdk/System/Library/Frameworks/UIKit.framework/Headers/UIKit.h:8:9: note: while building module 'Foundation' imported from /Applications/Xcode.app/Contents/Developer/Platforms/iPhoneSimulator.platform/Developer/SDKs/iPhoneSimulator18.2.sdk/System/Library/Frameworks/UIKit.framework/Headers/UIKit.h:8:
    /Applications/Xcode.app/Contents/Developer/Platforms/iPhoneSimulator.platform/Developer/SDKs/iPhoneSimulator18.2.sdk/System/Library/Frameworks/Foundation.framework/Headers/Foundation.h:6:10: note: while building module 'CoreFoundation' imported from /Applications/Xcode.app/Contents/Developer/Platforms/iPhoneSimulator.platform/Developer/SDKs/iPhoneSimulator18.2.sdk/System/Library/Frameworks/Foundation.framework/Headers/Foundation.h:6:
    /Applications/Xcode.app/Contents/Developer/Platforms/iPhoneSimulator.platform/Developer/SDKs/iPhoneSimulator18.2.sdk/usr/include/assert.h:58:10: note: while building module '_assert' imported from /Applications/Xcode.app/Contents/Developer/Platforms/iPhoneSimulator.platform/Developer/SDKs/iPhoneSimulator18.2.sdk/usr/include/assert.h:58:
    /Users/user276136/Documents/Dev/NSTApp/ios/Pods/<module-includes>:1:9: note: in file included from <module-includes>:1:
/Users/user276136/Documents/Dev/NSTApp/ios/Pods/Headers/Public/ReactCommon/ReactCommon.modulemap:1:8: error: Redefinition of module 'ReactCommon' (in target 'React-RCTAppDelegate' from project 'Pods')
    /Users/user276136/Documents/Dev/NSTApp/ios/Pods/Headers/Public/ReactCommon/React-RuntimeApple.modulemap:1:8: note: Previously defined here
/Applications/Xcode.app/Contents/Developer/Platforms/iPhoneSimulator.platform/Developer/SDKs/iPhoneSimulator18.2.sdk/usr/include/_ctype.h:70:10: error: Could not build module 'DarwinFoundation' (in target 'React-RCTAppDelegate' from project 'Pods')
    /Users/user276136/Documents/Dev/NSTApp/ios/Pods/Target Support Files/React-RCTAppDelegate/React-RCTAppDelegate-prefix.pch:2:9: note: while building module 'UIKit' imported from /Users/user276136/Documents/Dev/NSTApp/ios/Pods/Target Support Files/React-RCTAppDelegate/React-RCTAppDelegate-prefix.pch:2:
    /Applications/Xcode.app/Contents/Developer/Platforms/iPhoneSimulator.platform/Developer/SDKs/iPhoneSimulator18.2.sdk/System/Library/Frameworks/UIKit.framework/Headers/UIKit.h:8:9: note: while building module 'Foundation' imported from /Applications/Xcode.app/Contents/Developer/Platforms/iPhoneSimulator.platform/Developer/SDKs/iPhoneSimulator18.2.sdk/System/Library/Frameworks/UIKit.framework/Headers/UIKit.h:8:
    /Applications/Xcode.app/Contents/Developer/Platforms/iPhoneSimulator.platform/Developer/SDKs/iPhoneSimulator18.2.sdk/System/Library/Frameworks/Foundation.framework/Headers/Foundation.h:6:10: note: while building module 'CoreFoundation' imported from /Applications/Xcode.app/Contents/Developer/Platforms/iPhoneSimulator.platform/Developer/SDKs/iPhoneSimulator18.2.sdk/System/Library/Frameworks/Foundation.framework/Headers/Foundation.h:6:
    /Applications/Xcode.app/Contents/Developer/Platforms/iPhoneSimulator.platform/Developer/SDKs/iPhoneSimulator18.2.sdk/usr/include/ctype.h:66:10: note: while building module '_ctype' imported from /Applications/Xcode.app/Contents/Developer/Platforms/iPhoneSimulator.platform/Developer/SDKs/iPhoneSimulator18.2.sdk/usr/include/ctype.h:66:
    /Users/user276136/Documents/Dev/NSTApp/ios/Pods/<module-includes>:1:9: note: in file included from <module-includes>:1:
/Users/user276136/Documents/Dev/NSTApp/ios/Pods/Headers/Public/ReactCommon/ReactCommon.modulemap:1:8: error: Redefinition of module 'ReactCommon' (in target 'React-RCTAppDelegate' from project 'Pods')
    /Users/user276136/Documents/Dev/NSTApp/ios/Pods/Headers/Public/ReactCommon/React-RuntimeApple.modulemap:1:8: note: Previously defined here
/Applications/Xcode.app/Contents/Developer/Platforms/iPhoneSimulator.platform/Developer/SDKs/iPhoneSimulator18.2.sdk/usr/include/runetype.h:42:10: error: Could not build module 'DarwinFoundation' (in target 'React-RCTAppDelegate' from project 'Pods')
    /Users/user276136/Documents/Dev/NSTApp/ios/Pods/Target Support Files/React-RCTAppDelegate/React-RCTAppDelegate-prefix.pch:2:9: note: while building module 'UIKit' imported from /Users/user276136/Documents/Dev/NSTApp/ios/Pods/Target Support Files/React-RCTAppDelegate/React-RCTAppDelegate-prefix.pch:2:
    /Applications/Xcode.app/Contents/Developer/Platforms/iPhoneSimulator.platform/Developer/SDKs/iPhoneSimulator18.2.sdk/System/Library/Frameworks/UIKit.framework/Headers/UIKit.h:8:9: note: while building module 'Foundation' imported from /Applications/Xcode.app/Contents/Developer/Platforms/iPhoneSimulator.platform/Developer/SDKs/iPhoneSimulator18.2.sdk/System/Library/Frameworks/UIKit.framework/Headers/UIKit.h:8:
    /Applications/Xcode.app/Contents/Developer/Platforms/iPhoneSimulator.platform/Developer/SDKs/iPhoneSimulator18.2.sdk/System/Library/Frameworks/Foundation.framework/Headers/Foundation.h:6:10: note: while building module 'CoreFoundation' imported from /Applications/Xcode.app/Contents/Developer/Platforms/iPhoneSimulator.platform/Developer/SDKs/iPhoneSimulator18.2.sdk/System/Library/Frameworks/Foundation.framework/Headers/Foundation.h:6:
    /Applications/Xcode.app/Contents/Developer/Platforms/iPhoneSimulator.platform/Developer/SDKs/iPhoneSimulator18.2.sdk/usr/include/ctype.h:66:10: note: while building module '_ctype' imported from /Applications/Xcode.app/Contents/Developer/Platforms/iPhoneSimulator.platform/Developer/SDKs/iPhoneSimulator18.2.sdk/usr/include/ctype.h:66:
    /Applications/Xcode.app/Contents/Developer/Platforms/iPhoneSimulator.platform/Developer/SDKs/iPhoneSimulator18.2.sdk/usr/include/_ctype.h:71:10: note: while building module 'runetype' imported from /Applications/Xcode.app/Contents/Developer/Platforms/iPhoneSimulator.platform/Developer/SDKs/iPhoneSimulator18.2.sdk/usr/include/_ctype.h:71:
    /Users/user276136/Documents/Dev/NSTApp/ios/Pods/<module-includes>:1:9: note: in file included from <module-includes>:1:
/Users/user276136/Documents/Dev/NSTApp/ios/Pods/Headers/Public/ReactCommon/ReactCommon.modulemap:1:8: error: Redefinition of module 'ReactCommon' (in target 'React-RCTAppDelegate' from project 'Pods')
    /Users/user276136/Documents/Dev/NSTApp/ios/Pods/Headers/Public/ReactCommon/React-RuntimeApple.modulemap:1:8: note: Previously defined here
/Users/user276136/Documents/Dev/NSTApp/ios/Pods/Headers/Public/ReactCommon/ReactCommon.modulemap:1:8: error: Redefinition of module 'ReactCommon' (in target 'React-RCTAppDelegate' from project 'Pods')
    /Users/user276136/Documents/Dev/NSTApp/ios/Pods/Headers/Public/ReactCommon/React-RuntimeApple.modulemap:1:8: note: Previously defined here
/Applications/Xcode.app/Contents/Developer/Toolchains/XcodeDefault.xctoolchain/usr/lib/clang/16/include/float.h:28:17: error: Could not build module '_float' (in target 'React-RCTAppDelegate' from project 'Pods')
    /Users/user276136/Documents/Dev/NSTApp/ios/Pods/Target Support Files/React-RCTAppDelegate/React-RCTAppDelegate-prefix.pch:2:9: note: while building module 'UIKit' imported from /Users/user276136/Documents/Dev/NSTApp/ios/Pods/Target Support Files/React-RCTAppDelegate/React-RCTAppDelegate-prefix.pch:2:
    /Applications/Xcode.app/Contents/Developer/Platforms/iPhoneSimulator.platform/Developer/SDKs/iPhoneSimulator18.2.sdk/System/Library/Frameworks/UIKit.framework/Headers/UIKit.h:8:9: note: while building module 'Foundation' imported from /Applications/Xcode.app/Contents/Developer/Platforms/iPhoneSimulator.platform/Developer/SDKs/iPhoneSimulator18.2.sdk/System/Library/Frameworks/UIKit.framework/Headers/UIKit.h:8:
    /Applications/Xcode.app/Contents/Developer/Platforms/iPhoneSimulator.platform/Developer/SDKs/iPhoneSimulator18.2.sdk/System/Library/Frameworks/Foundation.framework/Headers/Foundation.h:6:10: note: while building module 'CoreFoundation' imported from /Applications/Xcode.app/Contents/Developer/Platforms/iPhoneSimulator.platform/Developer/SDKs/iPhoneSimulator18.2.sdk/System/Library/Frameworks/Foundation.framework/Headers/Foundation.h:6:
    /Applications/Xcode.app/Contents/Developer/Platforms/iPhoneSimulator.platform/Developer/SDKs/iPhoneSimulator18.2.sdk/System/Library/Frameworks/CoreFoundation.framework/Headers/CoreFoundation.h:23:10: note: while building module '_Builtin_float' imported from /Applications/Xcode.app/Contents/Developer/Platforms/iPhoneSimulator.platform/Developer/SDKs/iPhoneSimulator18.2.sdk/System/Library/Frameworks/CoreFoundation.framework/Headers/CoreFoundation.h:23:
    /Users/user276136/Documents/Dev/NSTApp/ios/Pods/<module-includes>:1:9: note: in file included from <module-includes>:1:
/Users/user276136/Documents/Dev/NSTApp/ios/Pods/Headers/Public/ReactCommon/ReactCommon.modulemap:1:8: error: Redefinition of module 'ReactCommon' (in target 'React-RCTAppDelegate' from project 'Pods')
    /Users/user276136/Documents/Dev/NSTApp/ios/Pods/Headers/Public/ReactCommon/React-RuntimeApple.modulemap:1:8: note: Previously defined here
/Users/user276136/Documents/Dev/NSTApp/ios/Pods/Headers/Public/ReactCommon/ReactCommon.modulemap:1:8: error: Redefinition of module 'ReactCommon' (in target 'React-RCTAppDelegate' from project 'Pods')
    /Users/user276136/Documents/Dev/NSTApp/ios/Pods/Headers/Public/ReactCommon/React-RuntimeApple.modulemap:1:8: note: Previously defined here
/Applications/Xcode.app/Contents/Developer/Platforms/iPhoneSimulator.platform/Developer/SDKs/iPhoneSimulator18.2.sdk/usr/include/limits.h:63:10: error: Could not build module 'DarwinFoundation' (in target 'React-RCTAppDelegate' from project 'Pods')
    /Users/user276136/Documents/Dev/NSTApp/ios/Pods/Target Support Files/React-RCTAppDelegate/React-RCTAppDelegate-prefix.pch:2:9: note: while building module 'UIKit' imported from /Users/user276136/Documents/Dev/NSTApp/ios/Pods/Target Support Files/React-RCTAppDelegate/React-RCTAppDelegate-prefix.pch:2:
    /Applications/Xcode.app/Contents/Developer/Platforms/iPhoneSimulator.platform/Developer/SDKs/iPhoneSimulator18.2.sdk/System/Library/Frameworks/UIKit.framework/Headers/UIKit.h:8:9: note: while building module 'Foundation' imported from /Applications/Xcode.app/Contents/Developer/Platforms/iPhoneSimulator.platform/Developer/SDKs/iPhoneSimulator18.2.sdk/System/Library/Frameworks/UIKit.framework/Headers/UIKit.h:8:
    /Applications/Xcode.app/Contents/Developer/Platforms/iPhoneSimulator.platform/Developer/SDKs/iPhoneSimulator18.2.sdk/System/Library/Frameworks/Foundation.framework/Headers/Foundation.h:6:10: note: while building module 'CoreFoundation' imported from /Applications/Xcode.app/Contents/Developer/Platforms/iPhoneSimulator.platform/Developer/SDKs/iPhoneSimulator18.2.sdk/System/Library/Frameworks/Foundation.framework/Headers/Foundation.h:6:
    /Applications/Xcode.app/Contents/Developer/Platforms/iPhoneSimulator.platform/Developer/SDKs/iPhoneSimulator18.2.sdk/System/Library/Frameworks/CoreFoundation.framework/Headers/CoreFoundation.h:24:10: note: while building module '_Builtin_limits' imported from /Applications/Xcode.app/Contents/Developer/Platforms/iPhoneSimulator.platform/Developer/SDKs/iPhoneSimulator18.2.sdk/System/Library/Frameworks/CoreFoundation.framework/Headers/CoreFoundation.h:24:
    /Applications/Xcode.app/Contents/Developer/Toolchains/XcodeDefault.xctoolchain/usr/lib/clang/16/include/limits.h:21:15: note: while building module '_limits' imported from /Applications/Xcode.app/Contents/Developer/Toolchains/XcodeDefault.xctoolchain/usr/lib/clang/16/include/limits.h:21:
    /Users/user276136/Documents/Dev/NSTApp/ios/Pods/<module-includes>:1:9: note: in file included from <module-includes>:1:
/Applications/Xcode.app/Contents/Developer/Toolchains/XcodeDefault.xctoolchain/usr/lib/clang/16/include/limits.h:21:15: error: Could not build module '_limits' (in target 'React-RCTAppDelegate' from project 'Pods')
    /Users/user276136/Documents/Dev/NSTApp/ios/Pods/Target Support Files/React-RCTAppDelegate/React-RCTAppDelegate-prefix.pch:2:9: note: while building module 'UIKit' imported from /Users/user276136/Documents/Dev/NSTApp/ios/Pods/Target Support Files/React-RCTAppDelegate/React-RCTAppDelegate-prefix.pch:2:
    /Applications/Xcode.app/Contents/Developer/Platforms/iPhoneSimulator.platform/Developer/SDKs/iPhoneSimulator18.2.sdk/System/Library/Frameworks/UIKit.framework/Headers/UIKit.h:8:9: note: while building module 'Foundation' imported from /Applications/Xcode.app/Contents/Developer/Platforms/iPhoneSimulator.platform/Developer/SDKs/iPhoneSimulator18.2.sdk/System/Library/Frameworks/UIKit.framework/Headers/UIKit.h:8:
    /Applications/Xcode.app/Contents/Developer/Platforms/iPhoneSimulator.platform/Developer/SDKs/iPhoneSimulator18.2.sdk/System/Library/Frameworks/Foundation.framework/Headers/Foundation.h:6:10: note: while building module 'CoreFoundation' imported from /Applications/Xcode.app/Contents/Developer/Platforms/iPhoneSimulator.platform/Developer/SDKs/iPhoneSimulator18.2.sdk/System/Library/Frameworks/Foundation.framework/Headers/Foundation.h:6:
    /Applications/Xcode.app/Contents/Developer/Platforms/iPhoneSimulator.platform/Developer/SDKs/iPhoneSimulator18.2.sdk/System/Library/Frameworks/CoreFoundation.framework/Headers/CoreFoundation.h:24:10: note: while building module '_Builtin_limits' imported from /Applications/Xcode.app/Contents/Developer/Platforms/iPhoneSimulator.platform/Developer/SDKs/iPhoneSimulator18.2.sdk/System/Library/Frameworks/CoreFoundation.framework/Headers/CoreFoundation.h:24:
    /Users/user276136/Documents/Dev/NSTApp/ios/Pods/<module-includes>:1:9: note: in file included from <module-includes>:1:
/Users/user276136/Documents/Dev/NSTApp/ios/Pods/Headers/Public/ReactCommon/ReactCommon.modulemap:1:8: error: Redefinition of module 'ReactCommon' (in target 'React-RCTAppDelegate' from project 'Pods')
    /Users/user276136/Documents/Dev/NSTApp/ios/Pods/Headers/Public/ReactCommon/React-RuntimeApple.modulemap:1:8: note: Previously defined here
/Applications/Xcode.app/Contents/Developer/Platforms/iPhoneSimulator.platform/Developer/SDKs/iPhoneSimulator18.2.sdk/usr/include/_locale.h:40:10: error: Could not build module 'DarwinFoundation' (in target 'React-RCTAppDelegate' from project 'Pods')
    /Users/user276136/Documents/Dev/NSTApp/ios/Pods/Target Support Files/React-RCTAppDelegate/React-RCTAppDelegate-prefix.pch:2:9: note: while building module 'UIKit' imported from /Users/user276136/Documents/Dev/NSTApp/ios/Pods/Target Support Files/React-RCTAppDelegate/React-RCTAppDelegate-prefix.pch:2:
    /Applications/Xcode.app/Contents/Developer/Platforms/iPhoneSimulator.platform/Developer/SDKs/iPhoneSimulator18.2.sdk/System/Library/Frameworks/UIKit.framework/Headers/UIKit.h:8:9: note: while building module 'Foundation' imported from /Applications/Xcode.app/Contents/Developer/Platforms/iPhoneSimulator.platform/Developer/SDKs/iPhoneSimulator18.2.sdk/System/Library/Frameworks/UIKit.framework/Headers/UIKit.h:8:
    /Applications/Xcode.app/Contents/Developer/Platforms/iPhoneSimulator.platform/Developer/SDKs/iPhoneSimulator18.2.sdk/System/Library/Frameworks/Foundation.framework/Headers/Foundation.h:6:10: note: while building module 'CoreFoundation' imported from /Applications/Xcode.app/Contents/Developer/Platforms/iPhoneSimulator.platform/Developer/SDKs/iPhoneSimulator18.2.sdk/System/Library/Frameworks/Foundation.framework/Headers/Foundation.h:6:
    /Applications/Xcode.app/Contents/Developer/Platforms/iPhoneSimulator.platform/Developer/SDKs/iPhoneSimulator18.2.sdk/System/Library/Frameworks/CoreFoundation.framework/Headers/CoreFoundation.h:26:10: note: while building module '_locale' imported from /Applications/Xcode.app/Contents/Developer/Platforms/iPhoneSimulator.platform/Developer/SDKs/iPhoneSimulator18.2.sdk/System/Library/Frameworks/CoreFoundation.framework/Headers/CoreFoundation.h:26:
    /Users/user276136/Documents/Dev/NSTApp/ios/Pods/<module-includes>:1:9: note: in file included from <module-includes>:1:
    /Applications/Xcode.app/Contents/Developer/Platforms/iPhoneSimulator.platform/Developer/SDKs/iPhoneSimulator18.2.sdk/usr/include/locale.h:40:10: note: in file included from /Applications/Xcode.app/Contents/Developer/Platforms/iPhoneSimulator.platform/Developer/SDKs/iPhoneSimulator18.2.sdk/usr/include/locale.h:40:
/Users/user276136/Documents/Dev/NSTApp/ios/Pods/Headers/Public/ReactCommon/ReactCommon.modulemap:1:8: error: Redefinition of module 'ReactCommon' (in target 'React-RCTAppDelegate' from project 'Pods')
    /Users/user276136/Documents/Dev/NSTApp/ios/Pods/Headers/Public/ReactCommon/React-RuntimeApple.modulemap:1:8: note: Previously defined here
/Applications/Xcode.app/Contents/Developer/Platforms/iPhoneSimulator.platform/Developer/SDKs/iPhoneSimulator18.2.sdk/usr/include/math.h:31:10: error: Could not build module 'DarwinFoundation' (in target 'React-RCTAppDelegate' from project 'Pods')
    /Users/user276136/Documents/Dev/NSTApp/ios/Pods/Target Support Files/React-RCTAppDelegate/React-RCTAppDelegate-prefix.pch:2:9: note: while building module 'UIKit' imported from /Users/user276136/Documents/Dev/NSTApp/ios/Pods/Target Support Files/React-RCTAppDelegate/React-RCTAppDelegate-prefix.pch:2:
    /Applications/Xcode.app/Contents/Developer/Platforms/iPhoneSimulator.platform/Developer/SDKs/iPhoneSimulator18.2.sdk/System/Library/Frameworks/UIKit.framework/Headers/UIKit.h:8:9: note: while building module 'Foundation' imported from /Applications/Xcode.app/Contents/Developer/Platforms/iPhoneSimulator.platform/Developer/SDKs/iPhoneSimulator18.2.sdk/System/Library/Frameworks/UIKit.framework/Headers/UIKit.h:8:
    /Applications/Xcode.app/Contents/Developer/Platforms/iPhoneSimulator.platform/Developer/SDKs/iPhoneSimulator18.2.sdk/System/Library/Frameworks/Foundation.framework/Headers/Foundation.h:6:10: note: while building module 'CoreFoundation' imported from /Applications/Xcode.app/Contents/Developer/Platforms/iPhoneSimulator.platform/Developer/SDKs/iPhoneSimulator18.2.sdk/System/Library/Frameworks/Foundation.framework/Headers/Foundation.h:6:
    /Applications/Xcode.app/Contents/Developer/Platforms/iPhoneSimulator.platform/Developer/SDKs/iPhoneSimulator18.2.sdk/System/Library/Frameworks/CoreFoundation.framework/Headers/CoreFoundation.h:28:10: note: while building module '_math' imported from /Applications/Xcode.app/Contents/Developer/Platforms/iPhoneSimulator.platform/Developer/SDKs/iPhoneSimulator18.2.sdk/System/Library/Frameworks/CoreFoundation.framework/Headers/CoreFoundation.h:28:
    /Users/user276136/Documents/Dev/NSTApp/ios/Pods/<module-includes>:1:9: note: in file included from <module-includes>:1:
/Users/user276136/Documents/Dev/NSTApp/ios/Pods/Headers/Public/ReactCommon/ReactCommon.modulemap:1:8: error: Redefinition of module 'ReactCommon' (in target 'React-RCTAppDelegate' from project 'Pods')
    /Users/user276136/Documents/Dev/NSTApp/ios/Pods/Headers/Public/ReactCommon/React-RuntimeApple.modulemap:1:8: note: Previously defined here
/Applications/Xcode.app/Contents/Developer/Platforms/iPhoneSimulator.platform/Developer/SDKs/iPhoneSimulator18.2.sdk/usr/include/setjmp.h:26:10: error: Could not build module 'DarwinFoundation' (in target 'React-RCTAppDelegate' from project 'Pods')
    /Users/user276136/Documents/Dev/NSTApp/ios/Pods/Target Support Files/React-RCTAppDelegate/React-RCTAppDelegate-prefix.pch:2:9: note: while building module 'UIKit' imported from /Users/user276136/Documents/Dev/NSTApp/ios/Pods/Target Support Files/React-RCTAppDelegate/React-RCTAppDelegate-prefix.pch:2:
    /Applications/Xcode.app/Contents/Developer/Platforms/iPhoneSimulator.platform/Developer/SDKs/iPhoneSimulator18.2.sdk/System/Library/Frameworks/UIKit.framework/Headers/UIKit.h:8:9: note: while building module 'Foundation' imported from /Applications/Xcode.app/Contents/Developer/Platforms/iPhoneSimulator.platform/Developer/SDKs/iPhoneSimulator18.2.sdk/System/Library/Frameworks/UIKit.framework/Headers/UIKit.h:8:
    /Applications/Xcode.app/Contents/Developer/Platforms/iPhoneSimulator.platform/Developer/SDKs/iPhoneSimulator18.2.sdk/System/Library/Frameworks/Foundation.framework/Headers/Foundation.h:6:10: note: while building module 'CoreFoundation' imported from /Applications/Xcode.app/Contents/Developer/Platforms/iPhoneSimulator.platform/Developer/SDKs/iPhoneSimulator18.2.sdk/System/Library/Frameworks/Foundation.framework/Headers/Foundation.h:6:
    /Applications/Xcode.app/Contents/Developer/Platforms/iPhoneSimulator.platform/Developer/SDKs/iPhoneSimulator18.2.sdk/System/Library/Frameworks/CoreFoundation.framework/Headers/CoreFoundation.h:29:10: note: while building module '_setjmp' imported from /Applications/Xcode.app/Contents/Developer/Platforms/iPhoneSimulator.platform/Developer/SDKs/iPhoneSimulator18.2.sdk/System/Library/Frameworks/CoreFoundation.framework/Headers/CoreFoundation.h:29:
    /Users/user276136/Documents/Dev/NSTApp/ios/Pods/<module-includes>:1:9: note: in file included from <module-includes>:1:
/Users/user276136/Documents/Dev/NSTApp/ios/Pods/Headers/Public/ReactCommon/ReactCommon.modulemap:1:8: error: Redefinition of module 'ReactCommon' (in target 'React-RCTAppDelegate' from project 'Pods')
    /Users/user276136/Documents/Dev/NSTApp/ios/Pods/Headers/Public/ReactCommon/React-RuntimeApple.modulemap:1:8: note: Previously defined here
/Applications/Xcode.app/Contents/Developer/Platforms/iPhoneSimulator.platform/Developer/SDKs/iPhoneSimulator18.2.sdk/usr/include/arm/signal.h:14:10: error: Could not build module 'DarwinFoundation' (in target 'React-RCTAppDelegate' from project 'Pods')
    /Users/user276136/Documents/Dev/NSTApp/ios/Pods/Target Support Files/React-RCTAppDelegate/React-RCTAppDelegate-prefix.pch:2:9: note: while building module 'UIKit' imported from /Users/user276136/Documents/Dev/NSTApp/ios/Pods/Target Support Files/React-RCTAppDelegate/React-RCTAppDelegate-prefix.pch:2:
    /Applications/Xcode.app/Contents/Developer/Platforms/iPhoneSimulator.platform/Developer/SDKs/iPhoneSimulator18.2.sdk/System/Library/Frameworks/UIKit.framework/Headers/UIKit.h:8:9: note: while building module 'Foundation' imported from /Applications/Xcode.app/Contents/Developer/Platforms/iPhoneSimulator.platform/Developer/SDKs/iPhoneSimulator18.2.sdk/System/Library/Frameworks/UIKit.framework/Headers/UIKit.h:8:
    /Applications/Xcode.app/Contents/Developer/Platforms/iPhoneSimulator.platform/Developer/SDKs/iPhoneSimulator18.2.sdk/System/Library/Frameworks/Foundation.framework/Headers/Foundation.h:6:10: note: while building module 'CoreFoundation' imported from /Applications/Xcode.app/Contents/Developer/Platforms/iPhoneSimulator.platform/Developer/SDKs/iPhoneSimulator18.2.sdk/System/Library/Frameworks/Foundation.framework/Headers/Foundation.h:6:
    /Applications/Xcode.app/Contents/Developer/Platforms/iPhoneSimulator.platform/Developer/SDKs/iPhoneSimulator18.2.sdk/System/Library/Frameworks/CoreFoundation.framework/Headers/CoreFoundation.h:31:10: note: while building module '_signal' imported from /Applications/Xcode.app/Contents/Developer/Platforms/iPhoneSimulator.platform/Developer/SDKs/iPhoneSimulator18.2.sdk/System/Library/Frameworks/CoreFoundation.framework/Headers/CoreFoundation.h:31:
    /Users/user276136/Documents/Dev/NSTApp/ios/Pods/<module-includes>:1:9: note: in file included from <module-includes>:1:
    /Applications/Xcode.app/Contents/Developer/Platforms/iPhoneSimulator.platform/Developer/SDKs/iPhoneSimulator18.2.sdk/usr/include/machine/signal.h:34:10: note: in file included from /Applications/Xcode.app/Contents/Developer/Platforms/iPhoneSimulator.platform/Developer/SDKs/iPhoneSimulator18.2.sdk/usr/include/machine/signal.h:34:
/Users/user276136/Documents/Dev/NSTApp/ios/Pods/Headers/Public/ReactCommon/ReactCommon.modulemap:1:8: error: Redefinition of module 'ReactCommon' (in target 'React-RCTAppDelegate' from project 'Pods')
    /Users/user276136/Documents/Dev/NSTApp/ios/Pods/Headers/Public/ReactCommon/React-RuntimeApple.modulemap:1:8: note: Previously defined here
/Applications/Xcode.app/Contents/Developer/Platforms/iPhoneSimulator.platform/Developer/SDKs/iPhoneSimulator18.2.sdk/usr/include/_stdio.h:69:10: error: Could not build module 'DarwinFoundation' (in target 'React-RCTAppDelegate' from project 'Pods')
    /Users/user276136/Documents/Dev/NSTApp/ios/Pods/Target Support Files/React-RCTAppDelegate/React-RCTAppDelegate-prefix.pch:2:9: note: while building module 'UIKit' imported from /Users/user276136/Documents/Dev/NSTApp/ios/Pods/Target Support Files/React-RCTAppDelegate/React-RCTAppDelegate-prefix.pch:2:
    /Applications/Xcode.app/Contents/Developer/Platforms/iPhoneSimulator.platform/Developer/SDKs/iPhoneSimulator18.2.sdk/System/Library/Frameworks/UIKit.framework/Headers/UIKit.h:8:9: note: while building module 'Foundation' imported from /Applications/Xcode.app/Contents/Developer/Platforms/iPhoneSimulator.platform/Developer/SDKs/iPhoneSimulator18.2.sdk/System/Library/Frameworks/UIKit.framework/Headers/UIKit.h:8:
    /Applications/Xcode.app/Contents/Developer/Platforms/iPhoneSimulator.platform/Developer/SDKs/iPhoneSimulator18.2.sdk/System/Library/Frameworks/Foundation.framework/Headers/Foundation.h:6:10: note: while building module 'CoreFoundation' imported from /Applications/Xcode.app/Contents/Developer/Platforms/iPhoneSimulator.platform/Developer/SDKs/iPhoneSimulator18.2.sdk/System/Library/Frameworks/Foundation.framework/Headers/Foundation.h:6:
    /Applications/Xcode.app/Contents/Developer/Platforms/iPhoneSimulator.platform/Developer/SDKs/iPhoneSimulator18.2.sdk/usr/include/stdio.h:61:10: note: while building module '_stdio' imported from /Applications/Xcode.app/Contents/Developer/Platforms/iPhoneSimulator.platform/Developer/SDKs/iPhoneSimulator18.2.sdk/usr/include/stdio.h:61:
    /Users/user276136/Documents/Dev/NSTApp/ios/Pods/<module-includes>:1:9: note: in file included from <module-includes>:1:
/Users/user276136/Documents/Dev/NSTApp/ios/Pods/Headers/Public/ReactCommon/ReactCommon.modulemap:1:8: error: Redefinition of module 'ReactCommon' (in target 'React-RCTAppDelegate' from project 'Pods')
    /Users/user276136/Documents/Dev/NSTApp/ios/Pods/Headers/Public/ReactCommon/React-RuntimeApple.modulemap:1:8: note: Previously defined here
/Applications/Xcode.app/Contents/Developer/Platforms/iPhoneSimulator.platform/Developer/SDKs/iPhoneSimulator18.2.sdk/usr/include/_stdlib.h:61:10: error: Could not build module 'os_availability' (in target 'React-RCTAppDelegate' from project 'Pods')
    /Users/user276136/Documents/Dev/NSTApp/ios/Pods/Target Support Files/React-RCTAppDelegate/React-RCTAppDelegate-prefix.pch:2:9: note: while building module 'UIKit' imported from /Users/user276136/Documents/Dev/NSTApp/ios/Pods/Target Support Files/React-RCTAppDelegate/React-RCTAppDelegate-prefix.pch:2:
    /Applications/Xcode.app/Contents/Developer/Platforms/iPhoneSimulator.platform/Developer/SDKs/iPhoneSimulator18.2.sdk/System/Library/Frameworks/UIKit.framework/Headers/UIKit.h:8:9: note: while building module 'Foundation' imported from /Applications/Xcode.app/Contents/Developer/Platforms/iPhoneSimulator.platform/Developer/SDKs/iPhoneSimulator18.2.sdk/System/Library/Frameworks/UIKit.framework/Headers/UIKit.h:8:
    /Applications/Xcode.app/Contents/Developer/Platforms/iPhoneSimulator.platform/Developer/SDKs/iPhoneSimulator18.2.sdk/System/Library/Frameworks/Foundation.framework/Headers/Foundation.h:6:10: note: while building module 'CoreFoundation' imported from /Applications/Xcode.app/Contents/Developer/Platforms/iPhoneSimulator.platform/Developer/SDKs/iPhoneSimulator18.2.sdk/System/Library/Frameworks/Foundation.framework/Headers/Foundation.h:6:
    /Applications/Xcode.app/Contents/Developer/Platforms/iPhoneSimulator.platform/Developer/SDKs/iPhoneSimulator18.2.sdk/usr/include/stdlib.h:58:10: note: while building module '_stdlib' imported from /Applications/Xcode.app/Contents/Developer/Platforms/iPhoneSimulator.platform/Developer/SDKs/iPhoneSimulator18.2.sdk/usr/include/stdlib.h:58:
    /Users/user276136/Documents/Dev/NSTApp/ios/Pods/<module-includes>:1:9: note: in file included from <module-includes>:1:
/Users/user276136/Documents/Dev/NSTApp/ios/Pods/Headers/Public/ReactCommon/ReactCommon.modulemap:1:8: error: Redefinition of module 'ReactCommon' (in target 'React-RCTAppDelegate' from project 'Pods')
    /Users/user276136/Documents/Dev/NSTApp/ios/Pods/Headers/Public/ReactCommon/React-RuntimeApple.modulemap:1:8: note: Previously defined here
/Applications/Xcode.app/Contents/Developer/Platforms/iPhoneSimulator.platform/Developer/SDKs/iPhoneSimulator18.2.sdk/usr/include/sys/wait.h:67:10: error: Could not build module 'DarwinFoundation' (in target 'React-RCTAppDelegate' from project 'Pods')
    /Users/user276136/Documents/Dev/NSTApp/ios/Pods/Target Support Files/React-RCTAppDelegate/React-RCTAppDelegate-prefix.pch:2:9: note: while building module 'UIKit' imported from /Users/user276136/Documents/Dev/NSTApp/ios/Pods/Target Support Files/React-RCTAppDelegate/React-RCTAppDelegate-prefix.pch:2:
    /Applications/Xcode.app/Contents/Developer/Platforms/iPhoneSimulator.platform/Developer/SDKs/iPhoneSimulator18.2.sdk/System/Library/Frameworks/UIKit.framework/Headers/UIKit.h:8:9: note: while building module 'Foundation' imported from /Applications/Xcode.app/Contents/Developer/Platforms/iPhoneSimulator.platform/Developer/SDKs/iPhoneSimulator18.2.sdk/System/Library/Frameworks/UIKit.framework/Headers/UIKit.h:8:
    /Applications/Xcode.app/Contents/Developer/Platforms/iPhoneSimulator.platform/Developer/SDKs/iPhoneSimulator18.2.sdk/System/Library/Frameworks/Foundation.framework/Headers/Foundation.h:6:10: note: while building module 'CoreFoundation' imported from /Applications/Xcode.app/Contents/Developer/Platforms/iPhoneSimulator.platform/Developer/SDKs/iPhoneSimulator18.2.sdk/System/Library/Frameworks/Foundation.framework/Headers/Foundation.h:6:
    /Applications/Xcode.app/Contents/Developer/Platforms/iPhoneSimulator.platform/Developer/SDKs/iPhoneSimulator18.2.sdk/usr/include/stdlib.h:58:10: note: while building module '_stdlib' imported from /Applications/Xcode.app/Contents/Developer/Platforms/iPhoneSimulator.platform/Developer/SDKs/iPhoneSimulator18.2.sdk/usr/include/stdlib.h:58:
    /Applications/Xcode.app/Contents/Developer/Platforms/iPhoneSimulator.platform/Developer/SDKs/iPhoneSimulator18.2.sdk/usr/include/_stdlib.h:66:10: note: while building module 'sys_wait' imported from /Applications/Xcode.app/Contents/Developer/Platforms/iPhoneSimulator.platform/Developer/SDKs/iPhoneSimulator18.2.sdk/usr/include/_stdlib.h:66:
    /Users/user276136/Documents/Dev/NSTApp/ios/Pods/<module-includes>:1:9: note: in file included from <module-includes>:1:
/Users/user276136/Documents/Dev/NSTApp/ios/Pods/Headers/Public/ReactCommon/ReactCommon.modulemap:1:8: error: Redefinition of module 'ReactCommon' (in target 'React-RCTAppDelegate' from project 'Pods')
    /Users/user276136/Documents/Dev/NSTApp/ios/Pods/Headers/Public/ReactCommon/React-RuntimeApple.modulemap:1:8: note: Previously defined here
/Applications/Xcode.app/Contents/Developer/Platforms/iPhoneSimulator.platform/Developer/SDKs/iPhoneSimulator18.2.sdk/usr/include/sys/resource.h:67:10: error: Could not build module 'DarwinFoundation' (in target 'React-RCTAppDelegate' from project 'Pods')
    /Users/user276136/Documents/Dev/NSTApp/ios/Pods/Target Support Files/React-RCTAppDelegate/React-RCTAppDelegate-prefix.pch:2:9: note: while building module 'UIKit' imported from /Users/user276136/Documents/Dev/NSTApp/ios/Pods/Target Support Files/React-RCTAppDelegate/React-RCTAppDelegate-prefix.pch:2:
    /Applications/Xcode.app/Contents/Developer/Platforms/iPhoneSimulator.platform/Developer/SDKs/iPhoneSimulator18.2.sdk/System/Library/Frameworks/UIKit.framework/Headers/UIKit.h:8:9: note: while building module 'Foundation' imported from /Applications/Xcode.app/Contents/Developer/Platforms/iPhoneSimulator.platform/Developer/SDKs/iPhoneSimulator18.2.sdk/System/Library/Frameworks/UIKit.framework/Headers/UIKit.h:8:
    /Applications/Xcode.app/Contents/Developer/Platforms/iPhoneSimulator.platform/Developer/SDKs/iPhoneSimulator18.2.sdk/System/Library/Frameworks/Foundation.framework/Headers/Foundation.h:6:10: note: while building module 'CoreFoundation' imported from /Applications/Xcode.app/Contents/Developer/Platforms/iPhoneSimulator.platform/Developer/SDKs/iPhoneSimulator18.2.sdk/System/Library/Frameworks/Foundation.framework/Headers/Foundation.h:6:
    /Applications/Xcode.app/Contents/Developer/Platforms/iPhoneSimulator.platform/Developer/SDKs/iPhoneSimulator18.2.sdk/usr/include/stdlib.h:58:10: note: while building module '_stdlib' imported from /Applications/Xcode.app/Contents/Developer/Platforms/iPhoneSimulator.platform/Developer/SDKs/iPhoneSimulator18.2.sdk/usr/include/stdlib.h:58:
    /Applications/Xcode.app/Contents/Developer/Platforms/iPhoneSimulator.platform/Developer/SDKs/iPhoneSimulator18.2.sdk/usr/include/_stdlib.h:66:10: note: while building module 'sys_wait' imported from /Applications/Xcode.app/Contents/Developer/Platforms/iPhoneSimulator.platform/Developer/SDKs/iPhoneSimulator18.2.sdk/usr/include/_stdlib.h:66:
    /Applications/Xcode.app/Contents/Developer/Platforms/iPhoneSimulator.platform/Developer/SDKs/iPhoneSimulator18.2.sdk/usr/include/sys/wait.h:110:10: note: while building module 'sys_resource' imported from /Applications/Xcode.app/Contents/Developer/Platforms/iPhoneSimulator.platform/Developer/SDKs/iPhoneSimulator18.2.sdk/usr/include/sys/wait.h:110:
    /Users/user276136/Documents/Dev/NSTApp/ios/Pods/<module-includes>:1:9: note: in file included from <module-includes>:1:
/Users/user276136/Documents/Dev/NSTApp/ios/Pods/Headers/Public/ReactCommon/ReactCommon.modulemap:1:8: error: Redefinition of module 'ReactCommon' (in target 'React-RCTAppDelegate' from project 'Pods')
    /Users/user276136/Documents/Dev/NSTApp/ios/Pods/Headers/Public/ReactCommon/React-RuntimeApple.modulemap:1:8: note: Previously defined here
/Users/user276136/Documents/Dev/NSTApp/ios/Pods/Headers/Public/ReactCommon/ReactCommon.modulemap:1:8: error: Redefinition of module 'ReactCommon' (in target 'React-RCTAppDelegate' from project 'Pods')
    /Users/user276136/Documents/Dev/NSTApp/ios/Pods/Headers/Public/ReactCommon/React-RuntimeApple.modulemap:1:8: note: Previously defined here
/Applications/Xcode.app/Contents/Developer/Platforms/iPhoneSimulator.platform/Developer/SDKs/iPhoneSimulator18.2.sdk/usr/include/stdint.h:18:10: error: Could not build module 'DarwinFoundation' (in target 'React-RCTAppDelegate' from project 'Pods')
    /Users/user276136/Documents/Dev/NSTApp/ios/Pods/Target Support Files/React-RCTAppDelegate/React-RCTAppDelegate-prefix.pch:2:9: note: while building module 'UIKit' imported from /Users/user276136/Documents/Dev/NSTApp/ios/Pods/Target Support Files/React-RCTAppDelegate/React-RCTAppDelegate-prefix.pch:2:
    /Applications/Xcode.app/Contents/Developer/Platforms/iPhoneSimulator.platform/Developer/SDKs/iPhoneSimulator18.2.sdk/System/Library/Frameworks/UIKit.framework/Headers/UIKit.h:8:9: note: while building module 'Foundation' imported from /Applications/Xcode.app/Contents/Developer/Platforms/iPhoneSimulator.platform/Developer/SDKs/iPhoneSimulator18.2.sdk/System/Library/Frameworks/UIKit.framework/Headers/UIKit.h:8:
    /Applications/Xcode.app/Contents/Developer/Platforms/iPhoneSimulator.platform/Developer/SDKs/iPhoneSimulator18.2.sdk/System/Library/Frameworks/Foundation.framework/Headers/Foundation.h:6:10: note: while building module 'CoreFoundation' imported from /Applications/Xcode.app/Contents/Developer/Platforms/iPhoneSimulator.platform/Developer/SDKs/iPhoneSimulator18.2.sdk/System/Library/Frameworks/Foundation.framework/Headers/Foundation.h:6:
    /Applications/Xcode.app/Contents/Developer/Platforms/iPhoneSimulator.platform/Developer/SDKs/iPhoneSimulator18.2.sdk/usr/include/stdlib.h:58:10: note: while building module '_stdlib' imported from /Applications/Xcode.app/Contents/Developer/Platforms/iPhoneSimulator.platform/Developer/SDKs/iPhoneSimulator18.2.sdk/usr/include/stdlib.h:58:
    /Applications/Xcode.app/Contents/Developer/Platforms/iPhoneSimulator.platform/Developer/SDKs/iPhoneSimulator18.2.sdk/usr/include/_stdlib.h:66:10: note: while building module 'sys_wait' imported from /Applications/Xcode.app/Contents/Developer/Platforms/iPhoneSimulator.platform/Developer/SDKs/iPhoneSimulator18.2.sdk/usr/include/_stdlib.h:66:
    /Applications/Xcode.app/Contents/Developer/Platforms/iPhoneSimulator.platform/Developer/SDKs/iPhoneSimulator18.2.sdk/usr/include/sys/wait.h:110:10: note: while building module 'sys_resource' imported from /Applications/Xcode.app/Contents/Developer/Platforms/iPhoneSimulator.platform/Developer/SDKs/iPhoneSimulator18.2.sdk/usr/include/sys/wait.h:110:
    /Applications/Xcode.app/Contents/Developer/Platforms/iPhoneSimulator.platform/Developer/SDKs/iPhoneSimulator18.2.sdk/usr/include/sys/resource.h:72:10: note: while building module '_Builtin_stdint' imported from /Applications/Xcode.app/Contents/Developer/Platforms/iPhoneSimulator.platform/Developer/SDKs/iPhoneSimulator18.2.sdk/usr/include/sys/resource.h:72:
    /Applications/Xcode.app/Contents/Developer/Toolchains/XcodeDefault.xctoolchain/usr/lib/clang/16/include/stdint.h:52:16: note: while building module '_stdint' imported from /Applications/Xcode.app/Contents/Developer/Toolchains/XcodeDefault.xctoolchain/usr/lib/clang/16/include/stdint.h:52:
    /Users/user276136/Documents/Dev/NSTApp/ios/Pods/<module-includes>:1:9: note: in file included from <module-includes>:1:
/Applications/Xcode.app/Contents/Developer/Toolchains/XcodeDefault.xctoolchain/usr/lib/clang/16/include/stdint.h:52:16: error: Could not build module '_stdint' (in target 'React-RCTAppDelegate' from project 'Pods')
    /Users/user276136/Documents/Dev/NSTApp/ios/Pods/Target Support Files/React-RCTAppDelegate/React-RCTAppDelegate-prefix.pch:2:9: note: while building module 'UIKit' imported from /Users/user276136/Documents/Dev/NSTApp/ios/Pods/Target Support Files/React-RCTAppDelegate/React-RCTAppDelegate-prefix.pch:2:
    /Applications/Xcode.app/Contents/Developer/Platforms/iPhoneSimulator.platform/Developer/SDKs/iPhoneSimulator18.2.sdk/System/Library/Frameworks/UIKit.framework/Headers/UIKit.h:8:9: note: while building module 'Foundation' imported from /Applications/Xcode.app/Contents/Developer/Platforms/iPhoneSimulator.platform/Developer/SDKs/iPhoneSimulator18.2.sdk/System/Library/Frameworks/UIKit.framework/Headers/UIKit.h:8:
    /Applications/Xcode.app/Contents/Developer/Platforms/iPhoneSimulator.platform/Developer/SDKs/iPhoneSimulator18.2.sdk/System/Library/Frameworks/Foundation.framework/Headers/Foundation.h:6:10: note: while building module 'CoreFoundation' imported from /Applications/Xcode.app/Contents/Developer/Platforms/iPhoneSimulator.platform/Developer/SDKs/iPhoneSimulator18.2.sdk/System/Library/Frameworks/Foundation.framework/Headers/Foundation.h:6:
    /Applications/Xcode.app/Contents/Developer/Platforms/iPhoneSimulator.platform/Developer/SDKs/iPhoneSimulator18.2.sdk/usr/include/stdlib.h:58:10: note: while building module '_stdlib' imported from /Applications/Xcode.app/Contents/Developer/Platforms/iPhoneSimulator.platform/Developer/SDKs/iPhoneSimulator18.2.sdk/usr/include/stdlib.h:58:
    /Applications/Xcode.app/Contents/Developer/Platforms/iPhoneSimulator.platform/Developer/SDKs/iPhoneSimulator18.2.sdk/usr/include/_stdlib.h:66:10: note: while building module 'sys_wait' imported from /Applications/Xcode.app/Contents/Developer/Platforms/iPhoneSimulator.platform/Developer/SDKs/iPhoneSimulator18.2.sdk/usr/include/_stdlib.h:66:
    /Applications/Xcode.app/Contents/Developer/Platforms/iPhoneSimulator.platform/Developer/SDKs/iPhoneSimulator18.2.sdk/usr/include/sys/wait.h:110:10: note: while building module 'sys_resource' imported from /Applications/Xcode.app/Contents/Developer/Platforms/iPhoneSimulator.platform/Developer/SDKs/iPhoneSimulator18.2.sdk/usr/include/sys/wait.h:110:
    /Applications/Xcode.app/Contents/Developer/Platforms/iPhoneSimulator.platform/Developer/SDKs/iPhoneSimulator18.2.sdk/usr/include/sys/resource.h:72:10: note: while building module '_Builtin_stdint' imported from /Applications/Xcode.app/Contents/Developer/Platforms/iPhoneSimulator.platform/Developer/SDKs/iPhoneSimulator18.2.sdk/usr/include/sys/resource.h:72:
    /Users/user276136/Documents/Dev/NSTApp/ios/Pods/<module-includes>:1:9: note: in file included from <module-includes>:1:
/Users/user276136/Documents/Dev/NSTApp/ios/Pods/Headers/Public/ReactCommon/ReactCommon.modulemap:1:8: error: Redefinition of module 'ReactCommon' (in target 'React-RCTAppDelegate' from project 'Pods')
    /Users/user276136/Documents/Dev/NSTApp/ios/Pods/Headers/Public/ReactCommon/React-RuntimeApple.modulemap:1:8: note: Previously defined here
/Applications/Xcode.app/Contents/Developer/Platforms/iPhoneSimulator.platform/Developer/SDKs/iPhoneSimulator18.2.sdk/usr/include/sys/_types/_timeval.h:31:10: error: Could not build module 'DarwinFoundation' (in target 'React-RCTAppDelegate' from project 'Pods')
    /Users/user276136/Documents/Dev/NSTApp/ios/Pods/Target Support Files/React-RCTAppDelegate/React-RCTAppDelegate-prefix.pch:2:9: note: while building module 'UIKit' imported from /Users/user276136/Documents/Dev/NSTApp/ios/Pods/Target Support Files/React-RCTAppDelegate/React-RCTAppDelegate-prefix.pch:2:
    /Applications/Xcode.app/Contents/Developer/Platforms/iPhoneSimulator.platform/Developer/SDKs/iPhoneSimulator18.2.sdk/System/Library/Frameworks/UIKit.framework/Headers/UIKit.h:8:9: note: while building module 'Foundation' imported from /Applications/Xcode.app/Contents/Developer/Platforms/iPhoneSimulator.platform/Developer/SDKs/iPhoneSimulator18.2.sdk/System/Library/Frameworks/UIKit.framework/Headers/UIKit.h:8:
    /Applications/Xcode.app/Contents/Developer/Platforms/iPhoneSimulator.platform/Developer/SDKs/iPhoneSimulator18.2.sdk/System/Library/Frameworks/Foundation.framework/Headers/Foundation.h:6:10: note: while building module 'CoreFoundation' imported from /Applications/Xcode.app/Contents/Developer/Platforms/iPhoneSimulator.platform/Developer/SDKs/iPhoneSimulator18.2.sdk/System/Library/Frameworks/Foundation.framework/Headers/Foundation.h:6:
    /Applications/Xcode.app/Contents/Developer/Platforms/iPhoneSimulator.platform/Developer/SDKs/iPhoneSimulator18.2.sdk/usr/include/stdlib.h:58:10: note: while building module '_stdlib' imported from /Applications/Xcode.app/Contents/Developer/Platforms/iPhoneSimulator.platform/Developer/SDKs/iPhoneSimulator18.2.sdk/usr/include/stdlib.h:58:
    /Applications/Xcode.app/Contents/Developer/Platforms/iPhoneSimulator.platform/Developer/SDKs/iPhoneSimulator18.2.sdk/usr/include/_stdlib.h:66:10: note: while building module 'sys_wait' imported from /Applications/Xcode.app/Contents/Developer/Platforms/iPhoneSimulator.platform/Developer/SDKs/iPhoneSimulator18.2.sdk/usr/include/_stdlib.h:66:
    /Applications/Xcode.app/Contents/Developer/Platforms/iPhoneSimulator.platform/Developer/SDKs/iPhoneSimulator18.2.sdk/usr/include/sys/wait.h:110:10: note: while building module 'sys_resource' imported from /Applications/Xcode.app/Contents/Developer/Platforms/iPhoneSimulator.platform/Developer/SDKs/iPhoneSimulator18.2.sdk/usr/include/sys/wait.h:110:
    /Applications/Xcode.app/Contents/Developer/Platforms/iPhoneSimulator.platform/Developer/SDKs/iPhoneSimulator18.2.sdk/usr/include/sys/resource.h:80:10: note: while building module 'sys_time' imported from /Applications/Xcode.app/Contents/Developer/Platforms/iPhoneSimulator.platform/Developer/SDKs/iPhoneSimulator18.2.sdk/usr/include/sys/resource.h:80:
    /Users/user276136/Documents/Dev/NSTApp/ios/Pods/<module-includes>:1:9: note: in file included from <module-includes>:1:
/Users/user276136/Documents/Dev/NSTApp/ios/Pods/Headers/Public/ReactCommon/ReactCommon.modulemap:1:8: error: Redefinition of module 'ReactCommon' (in target 'React-RCTAppDelegate' from project 'Pods')
    /Users/user276136/Documents/Dev/NSTApp/ios/Pods/Headers/Public/ReactCommon/React-RuntimeApple.modulemap:1:8: note: Previously defined here
/Applications/Xcode.app/Contents/Developer/Platforms/iPhoneSimulator.platform/Developer/SDKs/iPhoneSimulator18.2.sdk/usr/include/alloca.h:27:10: error: Could not build module 'DarwinFoundation' (in target 'React-RCTAppDelegate' from project 'Pods')
    /Users/user276136/Documents/Dev/NSTApp/ios/Pods/Target Support Files/React-RCTAppDelegate/React-RCTAppDelegate-prefix.pch:2:9: note: while building module 'UIKit' imported from /Users/user276136/Documents/Dev/NSTApp/ios/Pods/Target Support Files/React-RCTAppDelegate/React-RCTAppDelegate-prefix.pch:2:
    /Applications/Xcode.app/Contents/Developer/Platforms/iPhoneSimulator.platform/Developer/SDKs/iPhoneSimulator18.2.sdk/System/Library/Frameworks/UIKit.framework/Headers/UIKit.h:8:9: note: while building module 'Foundation' imported from /Applications/Xcode.app/Contents/Developer/Platforms/iPhoneSimulator.platform/Developer/SDKs/iPhoneSimulator18.2.sdk/System/Library/Frameworks/UIKit.framework/Headers/UIKit.h:8:
    /Applications/Xcode.app/Contents/Developer/Platforms/iPhoneSimulator.platform/Developer/SDKs/iPhoneSimulator18.2.sdk/System/Library/Frameworks/Foundation.framework/Headers/Foundation.h:6:10: note: while building module 'CoreFoundation' imported from /Applications/Xcode.app/Contents/Developer/Platforms/iPhoneSimulator.platform/Developer/SDKs/iPhoneSimulator18.2.sdk/System/Library/Frameworks/Foundation.framework/Headers/Foundation.h:6:
    /Applications/Xcode.app/Contents/Developer/Platforms/iPhoneSimulator.platform/Developer/SDKs/iPhoneSimulator18.2.sdk/usr/include/stdlib.h:58:10: note: while building module '_stdlib' imported from /Applications/Xcode.app/Contents/Developer/Platforms/iPhoneSimulator.platform/Developer/SDKs/iPhoneSimulator18.2.sdk/usr/include/stdlib.h:58:
    /Applications/Xcode.app/Contents/Developer/Platforms/iPhoneSimulator.platform/Developer/SDKs/iPhoneSimulator18.2.sdk/usr/include/_stdlib.h:68:10: note: while building module 'alloca' imported from /Applications/Xcode.app/Contents/Developer/Platforms/iPhoneSimulator.platform/Developer/SDKs/iPhoneSimulator18.2.sdk/usr/include/_stdlib.h:68:
    /Users/user276136/Documents/Dev/NSTApp/ios/Pods/<module-includes>:1:9: note: in file included from <module-includes>:1:
/Users/user276136/Documents/Dev/NSTApp/ios/Pods/Headers/Public/ReactCommon/ReactCommon.modulemap:1:8: error: Redefinition of module 'ReactCommon' (in target 'React-RCTAppDelegate' from project 'Pods')
    /Users/user276136/Documents/Dev/NSTApp/ios/Pods/Headers/Public/ReactCommon/React-RuntimeApple.modulemap:1:8: note: Previously defined here
/Applications/Xcode.app/Contents/Developer/Platforms/iPhoneSimulator.platform/Developer/SDKs/iPhoneSimulator18.2.sdk/usr/include/_string.h:61:10: error: Could not build module 'DarwinFoundation' (in target 'React-RCTAppDelegate' from project 'Pods')
    /Users/user276136/Documents/Dev/NSTApp/ios/Pods/Target Support Files/React-RCTAppDelegate/React-RCTAppDelegate-prefix.pch:2:9: note: while building module 'UIKit' imported from /Users/user276136/Documents/Dev/NSTApp/ios/Pods/Target Support Files/React-RCTAppDelegate/React-RCTAppDelegate-prefix.pch:2:
    /Applications/Xcode.app/Contents/Developer/Platforms/iPhoneSimulator.platform/Developer/SDKs/iPhoneSimulator18.2.sdk/System/Library/Frameworks/UIKit.framework/Headers/UIKit.h:8:9: note: while building module 'Foundation' imported from /Applications/Xcode.app/Contents/Developer/Platforms/iPhoneSimulator.platform/Developer/SDKs/iPhoneSimulator18.2.sdk/System/Library/Frameworks/UIKit.framework/Headers/UIKit.h:8:
    /Applications/Xcode.app/Contents/Developer/Platforms/iPhoneSimulator.platform/Developer/SDKs/iPhoneSimulator18.2.sdk/System/Library/Frameworks/Foundation.framework/Headers/Foundation.h:6:10: note: while building module 'CoreFoundation' imported from /Applications/Xcode.app/Contents/Developer/Platforms/iPhoneSimulator.platform/Developer/SDKs/iPhoneSimulator18.2.sdk/System/Library/Frameworks/Foundation.framework/Headers/Foundation.h:6:
    /Applications/Xcode.app/Contents/Developer/Platforms/iPhoneSimulator.platform/Developer/SDKs/iPhoneSimulator18.2.sdk/usr/include/string.h:58:10: note: while building module '_string' imported from /Applications/Xcode.app/Contents/Developer/Platforms/iPhoneSimulator.platform/Developer/SDKs/iPhoneSimulator18.2.sdk/usr/include/string.h:58:
    /Users/user276136/Documents/Dev/NSTApp/ios/Pods/<module-includes>:1:9: note: in file included from <module-includes>:1:
/Users/user276136/Documents/Dev/NSTApp/ios/Pods/Headers/Public/ReactCommon/ReactCommon.modulemap:1:8: error: Redefinition of module 'ReactCommon' (in target 'React-RCTAppDelegate' from project 'Pods')
    /Users/user276136/Documents/Dev/NSTApp/ios/Pods/Headers/Public/ReactCommon/React-RuntimeApple.modulemap:1:8: note: Previously defined here
/Applications/Xcode.app/Contents/Developer/Platforms/iPhoneSimulator.platform/Developer/SDKs/iPhoneSimulator18.2.sdk/usr/include/_strings.h:61:10: error: Could not build module 'DarwinFoundation' (in target 'React-RCTAppDelegate' from project 'Pods')
    /Users/user276136/Documents/Dev/NSTApp/ios/Pods/Target Support Files/React-RCTAppDelegate/React-RCTAppDelegate-prefix.pch:2:9: note: while building module 'UIKit' imported from /Users/user276136/Documents/Dev/NSTApp/ios/Pods/Target Support Files/React-RCTAppDelegate/React-RCTAppDelegate-prefix.pch:2:
    /Applications/Xcode.app/Contents/Developer/Platforms/iPhoneSimulator.platform/Developer/SDKs/iPhoneSimulator18.2.sdk/System/Library/Frameworks/UIKit.framework/Headers/UIKit.h:8:9: note: while building module 'Foundation' imported from /Applications/Xcode.app/Contents/Developer/Platforms/iPhoneSimulator.platform/Developer/SDKs/iPhoneSimulator18.2.sdk/System/Library/Frameworks/UIKit.framework/Headers/UIKit.h:8:
    /Applications/Xcode.app/Contents/Developer/Platforms/iPhoneSimulator.platform/Developer/SDKs/iPhoneSimulator18.2.sdk/System/Library/Frameworks/Foundation.framework/Headers/Foundation.h:6:10: note: while building module 'CoreFoundation' imported from /Applications/Xcode.app/Contents/Developer/Platforms/iPhoneSimulator.platform/Developer/SDKs/iPhoneSimulator18.2.sdk/System/Library/Frameworks/Foundation.framework/Headers/Foundation.h:6:
    /Applications/Xcode.app/Contents/Developer/Platforms/iPhoneSimulator.platform/Developer/SDKs/iPhoneSimulator18.2.sdk/usr/include/string.h:58:10: note: while building module '_string' imported from /Applications/Xcode.app/Contents/Developer/Platforms/iPhoneSimulator.platform/Developer/SDKs/iPhoneSimulator18.2.sdk/usr/include/string.h:58:
    /Applications/Xcode.app/Contents/Developer/Platforms/iPhoneSimulator.platform/Developer/SDKs/iPhoneSimulator18.2.sdk/usr/include/_string.h:182:10: note: while building module '_strings' imported from /Applications/Xcode.app/Contents/Developer/Platforms/iPhoneSimulator.platform/Developer/SDKs/iPhoneSimulator18.2.sdk/usr/include/_string.h:182:
    /Users/user276136/Documents/Dev/NSTApp/ios/Pods/<module-includes>:1:9: note: in file included from <module-includes>:1:
/Users/user276136/Documents/Dev/NSTApp/ios/Pods/Headers/Public/ReactCommon/ReactCommon.modulemap:1:8: error: Redefinition of module 'ReactCommon' (in target 'React-RCTAppDelegate' from project 'Pods')
    /Users/user276136/Documents/Dev/NSTApp/ios/Pods/Headers/Public/ReactCommon/React-RuntimeApple.modulemap:1:8: note: Previously defined here
/Applications/Xcode.app/Contents/Developer/Platforms/iPhoneSimulator.platform/Developer/SDKs/iPhoneSimulator18.2.sdk/usr/include/_time.h:66:10: error: Could not build module 'DarwinFoundation' (in target 'React-RCTAppDelegate' from project 'Pods')
    /Users/user276136/Documents/Dev/NSTApp/ios/Pods/Target Support Files/React-RCTAppDelegate/React-RCTAppDelegate-prefix.pch:2:9: note: while building module 'UIKit' imported from /Users/user276136/Documents/Dev/NSTApp/ios/Pods/Target Support Files/React-RCTAppDelegate/React-RCTAppDelegate-prefix.pch:2:
    /Applications/Xcode.app/Contents/Developer/Platforms/iPhoneSimulator.platform/Developer/SDKs/iPhoneSimulator18.2.sdk/System/Library/Frameworks/UIKit.framework/Headers/UIKit.h:8:9: note: while building module 'Foundation' imported from /Applications/Xcode.app/Contents/Developer/Platforms/iPhoneSimulator.platform/Developer/SDKs/iPhoneSimulator18.2.sdk/System/Library/Frameworks/UIKit.framework/Headers/UIKit.h:8:
    /Applications/Xcode.app/Contents/Developer/Platforms/iPhoneSimulator.platform/Developer/SDKs/iPhoneSimulator18.2.sdk/System/Library/Frameworks/Foundation.framework/Headers/Foundation.h:6:10: note: while building module 'CoreFoundation' imported from /Applications/Xcode.app/Contents/Developer/Platforms/iPhoneSimulator.platform/Developer/SDKs/iPhoneSimulator18.2.sdk/System/Library/Frameworks/Foundation.framework/Headers/Foundation.h:6:
    /Applications/Xcode.app/Contents/Developer/Platforms/iPhoneSimulator.platform/Developer/SDKs/iPhoneSimulator18.2.sdk/usr/include/time.h:63:10: note: while building module '_time' imported from /Applications/Xcode.app/Contents/Developer/Platforms/iPhoneSimulator.platform/Developer/SDKs/iPhoneSimulator18.2.sdk/usr/include/time.h:63:
    /Users/user276136/Documents/Dev/NSTApp/ios/Pods/<module-includes>:1:9: note: in file included from <module-includes>:1:
/Users/user276136/Documents/Dev/NSTApp/ios/Pods/Headers/Public/ReactCommon/ReactCommon.modulemap:1:8: error: Redefinition of module 'ReactCommon' (in target 'React-RCTAppDelegate' from project 'Pods')
    /Users/user276136/Documents/Dev/NSTApp/ios/Pods/Headers/Public/ReactCommon/React-RuntimeApple.modulemap:1:8: note: Previously defined here
/Users/user276136/Documents/Dev/NSTApp/ios/Pods/Headers/Public/ReactCommon/ReactCommon.modulemap:1:8: error: Redefinition of module 'ReactCommon' (in target 'React-RCTAppDelegate' from project 'Pods')
    /Users/user276136/Documents/Dev/NSTApp/ios/Pods/Headers/Public/ReactCommon/React-RuntimeApple.modulemap:1:8: note: Previously defined here
/Applications/Xcode.app/Contents/Developer/Platforms/iPhoneSimulator.platform/Developer/SDKs/iPhoneSimulator18.2.sdk/usr/include/_inttypes.h:223:10: error: Could not build module 'DarwinFoundation' (in target 'React-RCTAppDelegate' from project 'Pods')
    /Users/user276136/Documents/Dev/NSTApp/ios/Pods/Target Support Files/React-RCTAppDelegate/React-RCTAppDelegate-prefix.pch:2:9: note: while building module 'UIKit' imported from /Users/user276136/Documents/Dev/NSTApp/ios/Pods/Target Support Files/React-RCTAppDelegate/React-RCTAppDelegate-prefix.pch:2:
    /Applications/Xcode.app/Contents/Developer/Platforms/iPhoneSimulator.platform/Developer/SDKs/iPhoneSimulator18.2.sdk/System/Library/Frameworks/UIKit.framework/Headers/UIKit.h:8:9: note: while building module 'Foundation' imported from /Applications/Xcode.app/Contents/Developer/Platforms/iPhoneSimulator.platform/Developer/SDKs/iPhoneSimulator18.2.sdk/System/Library/Frameworks/UIKit.framework/Headers/UIKit.h:8:
    /Applications/Xcode.app/Contents/Developer/Platforms/iPhoneSimulator.platform/Developer/SDKs/iPhoneSimulator18.2.sdk/System/Library/Frameworks/Foundation.framework/Headers/Foundation.h:6:10: note: while building module 'CoreFoundation' imported from /Applications/Xcode.app/Contents/Developer/Platforms/iPhoneSimulator.platform/Developer/SDKs/iPhoneSimulator18.2.sdk/System/Library/Frameworks/Foundation.framework/Headers/Foundation.h:6:
    /Applications/Xcode.app/Contents/Developer/Platforms/iPhoneSimulator.platform/Developer/SDKs/iPhoneSimulator18.2.sdk/System/Library/Frameworks/CoreFoundation.framework/Headers/CoreFoundation.h:41:10: note: while building module '_Builtin_inttypes' imported from /Applications/Xcode.app/Contents/Developer/Platforms/iPhoneSimulator.platform/Developer/SDKs/iPhoneSimulator18.2.sdk/System/Library/Frameworks/CoreFoundation.framework/Headers/CoreFoundation.h:41:
    /Applications/Xcode.app/Contents/Developer/Platforms/iPhoneSimulator.platform/Developer/SDKs/iPhoneSimulator18.2.sdk/usr/include/inttypes.h:31:10: note: while building module '_inttypes' imported from /Applications/Xcode.app/Contents/Developer/Platforms/iPhoneSimulator.platform/Developer/SDKs/iPhoneSimulator18.2.sdk/usr/include/inttypes.h:31:
    /Users/user276136/Documents/Dev/NSTApp/ios/Pods/<module-includes>:1:9: note: in file included from <module-includes>:1:
/Applications/Xcode.app/Contents/Developer/Platforms/iPhoneSimulator.platform/Developer/SDKs/iPhoneSimulator18.2.sdk/usr/include/inttypes.h:31:10: error: Could not build module '_inttypes' (in target 'React-RCTAppDelegate' from project 'Pods')
    /Users/user276136/Documents/Dev/NSTApp/ios/Pods/Target Support Files/React-RCTAppDelegate/React-RCTAppDelegate-prefix.pch:2:9: note: while building module 'UIKit' imported from /Users/user276136/Documents/Dev/NSTApp/ios/Pods/Target Support Files/React-RCTAppDelegate/React-RCTAppDelegate-prefix.pch:2:
    /Applications/Xcode.app/Contents/Developer/Platforms/iPhoneSimulator.platform/Developer/SDKs/iPhoneSimulator18.2.sdk/System/Library/Frameworks/UIKit.framework/Headers/UIKit.h:8:9: note: while building module 'Foundation' imported from /Applications/Xcode.app/Contents/Developer/Platforms/iPhoneSimulator.platform/Developer/SDKs/iPhoneSimulator18.2.sdk/System/Library/Frameworks/UIKit.framework/Headers/UIKit.h:8:
    /Applications/Xcode.app/Contents/Developer/Platforms/iPhoneSimulator.platform/Developer/SDKs/iPhoneSimulator18.2.sdk/System/Library/Frameworks/Foundation.framework/Headers/Foundation.h:6:10: note: while building module 'CoreFoundation' imported from /Applications/Xcode.app/Contents/Developer/Platforms/iPhoneSimulator.platform/Developer/SDKs/iPhoneSimulator18.2.sdk/System/Library/Frameworks/Foundation.framework/Headers/Foundation.h:6:
    /Applications/Xcode.app/Contents/Developer/Platforms/iPhoneSimulator.platform/Developer/SDKs/iPhoneSimulator18.2.sdk/System/Library/Frameworks/CoreFoundation.framework/Headers/CoreFoundation.h:41:10: note: while building module '_Builtin_inttypes' imported from /Applications/Xcode.app/Contents/Developer/Platforms/iPhoneSimulator.platform/Developer/SDKs/iPhoneSimulator18.2.sdk/System/Library/Frameworks/CoreFoundation.framework/Headers/CoreFoundation.h:41:
    /Users/user276136/Documents/Dev/NSTApp/ios/Pods/<module-includes>:1:9: note: in file included from <module-includes>:1:
    /Applications/Xcode.app/Contents/Developer/Toolchains/XcodeDefault.xctoolchain/usr/lib/clang/16/include/inttypes.h:21:15: note: in file included from /Applications/Xcode.app/Contents/Developer/Toolchains/XcodeDefault.xctoolchain/usr/lib/clang/16/include/inttypes.h:21:
/Users/user276136/Documents/Dev/NSTApp/ios/Pods/Headers/Public/ReactCommon/ReactCommon.modulemap:1:8: error: Redefinition of module 'ReactCommon' (in target 'React-RCTAppDelegate' from project 'Pods')
    /Users/user276136/Documents/Dev/NSTApp/ios/Pods/Headers/Public/ReactCommon/React-RuntimeApple.modulemap:1:8: note: Previously defined here
/Users/user276136/Documents/Dev/NSTApp/ios/Pods/Headers/Public/ReactCommon/ReactCommon.modulemap:1:8: error: Redefinition of module 'ReactCommon' (in target 'React-RCTAppDelegate' from project 'Pods')
    /Users/user276136/Documents/Dev/NSTApp/ios/Pods/Headers/Public/ReactCommon/React-RuntimeApple.modulemap:1:8: note: Previously defined here
/Applications/Xcode.app/Contents/Developer/Platforms/iPhoneSimulator.platform/Developer/SDKs/iPhoneSimulator18.2.sdk/usr/include/AvailabilityMacros.h:89:10: error: Could not build module 'os_availability_internal' (in target 'React-RCTAppDelegate' from project 'Pods')
    /Users/user276136/Documents/Dev/NSTApp/ios/Pods/Target Support Files/React-RCTAppDelegate/React-RCTAppDelegate-prefix.pch:2:9: note: while building module 'UIKit' imported from /Users/user276136/Documents/Dev/NSTApp/ios/Pods/Target Support Files/React-RCTAppDelegate/React-RCTAppDelegate-prefix.pch:2:
    /Applications/Xcode.app/Contents/Developer/Platforms/iPhoneSimulator.platform/Developer/SDKs/iPhoneSimulator18.2.sdk/System/Library/Frameworks/UIKit.framework/Headers/UIKit.h:8:9: note: while building module 'Foundation' imported from /Applications/Xcode.app/Contents/Developer/Platforms/iPhoneSimulator.platform/Developer/SDKs/iPhoneSimulator18.2.sdk/System/Library/Frameworks/UIKit.framework/Headers/UIKit.h:8:
    /Applications/Xcode.app/Contents/Developer/Platforms/iPhoneSimulator.platform/Developer/SDKs/iPhoneSimulator18.2.sdk/System/Library/Frameworks/Foundation.framework/Headers/Foundation.h:6:10: note: while building module 'CoreFoundation' imported from /Applications/Xcode.app/Contents/Developer/Platforms/iPhoneSimulator.platform/Developer/SDKs/iPhoneSimulator18.2.sdk/System/Library/Frameworks/Foundation.framework/Headers/Foundation.h:6:
    /Applications/Xcode.app/Contents/Developer/Platforms/iPhoneSimulator.platform/Developer/SDKs/iPhoneSimulator18.2.sdk/System/Library/Frameworks/CoreFoundation.framework/Headers/CFAvailability.h:23:10: note: while building module 'AvailabilityMacros' imported from /Applications/Xcode.app/Contents/Developer/Platforms/iPhoneSimulator.platform/Developer/SDKs/iPhoneSimulator18.2.sdk/System/Library/Frameworks/CoreFoundation.framework/Headers/CFAvailability.h:23:
    /Users/user276136/Documents/Dev/NSTApp/ios/Pods/<module-includes>:1:9: note: in file included from <module-includes>:1:
/Users/user276136/Documents/Dev/NSTApp/ios/Pods/Headers/Public/ReactCommon/ReactCommon.modulemap:1:8: error: Redefinition of module 'ReactCommon' (in target 'React-RCTAppDelegate' from project 'Pods')
    /Users/user276136/Documents/Dev/NSTApp/ios/Pods/Headers/Public/ReactCommon/React-RuntimeApple.modulemap:1:8: note: Previously defined here
/Users/user276136/Documents/Dev/NSTApp/ios/Pods/Headers/Public/ReactCommon/ReactCommon.modulemap:1:8: error: Redefinition of module 'ReactCommon' (in target 'React-RCTAppDelegate' from project 'Pods')
    /Users/user276136/Documents/Dev/NSTApp/ios/Pods/Headers/Public/ReactCommon/React-RuntimeApple.modulemap:1:8: note: Previously defined here
/Applications/Xcode.app/Contents/Developer/Platforms/iPhoneSimulator.platform/Developer/SDKs/iPhoneSimulator18.2.sdk/usr/include/dispatch/dispatch.h:25:10: error: Could not build module 'os_availability' (in target 'React-RCTAppDelegate' from project 'Pods')
    /Users/user276136/Documents/Dev/NSTApp/ios/Pods/Target Support Files/React-RCTAppDelegate/React-RCTAppDelegate-prefix.pch:2:9: note: while building module 'UIKit' imported from /Users/user276136/Documents/Dev/NSTApp/ios/Pods/Target Support Files/React-RCTAppDelegate/React-RCTAppDelegate-prefix.pch:2:
    /Applications/Xcode.app/Contents/Developer/Platforms/iPhoneSimulator.platform/Developer/SDKs/iPhoneSimulator18.2.sdk/System/Library/Frameworks/UIKit.framework/Headers/UIKit.h:8:9: note: while building module 'Foundation' imported from /Applications/Xcode.app/Contents/Developer/Platforms/iPhoneSimulator.platform/Developer/SDKs/iPhoneSimulator18.2.sdk/System/Library/Frameworks/UIKit.framework/Headers/UIKit.h:8:
    /Applications/Xcode.app/Contents/Developer/Platforms/iPhoneSimulator.platform/Developer/SDKs/iPhoneSimulator18.2.sdk/System/Library/Frameworks/Foundation.framework/Headers/Foundation.h:6:10: note: while building module 'CoreFoundation' imported from /Applications/Xcode.app/Contents/Developer/Platforms/iPhoneSimulator.platform/Developer/SDKs/iPhoneSimulator18.2.sdk/System/Library/Frameworks/Foundation.framework/Headers/Foundation.h:6:
    /Applications/Xcode.app/Contents/Developer/Platforms/iPhoneSimulator.platform/Developer/SDKs/iPhoneSimulator18.2.sdk/System/Library/Frameworks/CoreFoundation.framework/Headers/CFStream.h:20:10: note: while building module 'Dispatch' imported from /Applications/Xcode.app/Contents/Developer/Platforms/iPhoneSimulator.platform/Developer/SDKs/iPhoneSimulator18.2.sdk/System/Library/Frameworks/CoreFoundation.framework/Headers/CFStream.h:20:
    /Users/user276136/Documents/Dev/NSTApp/ios/Pods/<module-includes>:1:9: note: in file included from <module-includes>:1:
/Users/user276136/Documents/Dev/NSTApp/ios/Pods/Headers/Public/ReactCommon/ReactCommon.modulemap:1:8: error: Redefinition of module 'ReactCommon' (in target 'React-RCTAppDelegate' from project 'Pods')
    /Users/user276136/Documents/Dev/NSTApp/ios/Pods/Headers/Public/ReactCommon/React-RuntimeApple.modulemap:1:8: note: Previously defined here
/Applications/Xcode.app/Contents/Developer/Platforms/iPhoneSimulator.platform/Developer/SDKs/iPhoneSimulator18.2.sdk/usr/include/copyfile.h:35:10: error: Could not build module 'DarwinFoundation' (in target 'React-RCTAppDelegate' from project 'Pods')
    /Users/user276136/Documents/Dev/NSTApp/ios/Pods/Target Support Files/React-RCTAppDelegate/React-RCTAppDelegate-prefix.pch:2:9: note: while building module 'UIKit' imported from /Users/user276136/Documents/Dev/NSTApp/ios/Pods/Target Support Files/React-RCTAppDelegate/React-RCTAppDelegate-prefix.pch:2:
    /Applications/Xcode.app/Contents/Developer/Platforms/iPhoneSimulator.platform/Developer/SDKs/iPhoneSimulator18.2.sdk/System/Library/Frameworks/UIKit.framework/Headers/UIKit.h:8:9: note: while building module 'Foundation' imported from /Applications/Xcode.app/Contents/Developer/Platforms/iPhoneSimulator.platform/Developer/SDKs/iPhoneSimulator18.2.sdk/System/Library/Frameworks/UIKit.framework/Headers/UIKit.h:8:
    /Applications/Xcode.app/Contents/Developer/Platforms/iPhoneSimulator.platform/Developer/SDKs/iPhoneSimulator18.2.sdk/System/Library/Frameworks/Foundation.framework/Headers/Foundation.h:6:10: note: while building module 'CoreFoundation' imported from /Applications/Xcode.app/Contents/Developer/Platforms/iPhoneSimulator.platform/Developer/SDKs/iPhoneSimulator18.2.sdk/System/Library/Frameworks/Foundation.framework/Headers/Foundation.h:6:
    /Applications/Xcode.app/Contents/Developer/Platforms/iPhoneSimulator.platform/Developer/SDKs/iPhoneSimulator18.2.sdk/System/Library/Frameworks/CoreFoundation.framework/Headers/CFStream.h:20:10: note: while building module 'Dispatch' imported from /Applications/Xcode.app/Contents/Developer/Platforms/iPhoneSimulator.platform/Developer/SDKs/iPhoneSimulator18.2.sdk/System/Library/Frameworks/CoreFoundation.framework/Headers/CFStream.h:20:
    /Applications/Xcode.app/Contents/Developer/Platforms/iPhoneSimulator.platform/Developer/SDKs/iPhoneSimulator18.2.sdk/usr/include/dispatch/dispatch.h:28:10: note: while building module 'Darwin' imported from /Applications/Xcode.app/Contents/Developer/Platforms/iPhoneSimulator.platform/Developer/SDKs/iPhoneSimulator18.2.sdk/usr/include/dispatch/dispatch.h:28:
    /Users/user276136/Documents/Dev/NSTApp/ios/Pods/<module-includes>:1:9: note: in file included from <module-includes>:1:
/Users/user276136/Documents/Dev/NSTApp/ios/Pods/Headers/Public/ReactCommon/ReactCommon.modulemap:1:8: error: Redefinition of module 'ReactCommon' (in target 'React-RCTAppDelegate' from project 'Pods')
    /Users/user276136/Documents/Dev/NSTApp/ios/Pods/Headers/Public/ReactCommon/React-RuntimeApple.modulemap:1:8: note: Previously defined here
/Applications/Xcode.app/Contents/Developer/Platforms/iPhoneSimulator.platform/Developer/SDKs/iPhoneSimulator18.2.sdk/usr/include/sys/_types/_uuid_t.h:30:10: error: Could not build module 'DarwinFoundation' (in target 'React-RCTAppDelegate' from project 'Pods')
    /Users/user276136/Documents/Dev/NSTApp/ios/Pods/Target Support Files/React-RCTAppDelegate/React-RCTAppDelegate-prefix.pch:2:9: note: while building module 'UIKit' imported from /Users/user276136/Documents/Dev/NSTApp/ios/Pods/Target Support Files/React-RCTAppDelegate/React-RCTAppDelegate-prefix.pch:2:
    /Applications/Xcode.app/Contents/Developer/Platforms/iPhoneSimulator.platform/Developer/SDKs/iPhoneSimulator18.2.sdk/System/Library/Frameworks/UIKit.framework/Headers/UIKit.h:8:9: note: while building module 'Foundation' imported from /Applications/Xcode.app/Contents/Developer/Platforms/iPhoneSimulator.platform/Developer/SDKs/iPhoneSimulator18.2.sdk/System/Library/Frameworks/UIKit.framework/Headers/UIKit.h:8:
    /Applications/Xcode.app/Contents/Developer/Platforms/iPhoneSimulator.platform/Developer/SDKs/iPhoneSimulator18.2.sdk/System/Library/Frameworks/Foundation.framework/Headers/Foundation.h:6:10: note: while building module 'CoreFoundation' imported from /Applications/Xcode.app/Contents/Developer/Platforms/iPhoneSimulator.platform/Developer/SDKs/iPhoneSimulator18.2.sdk/System/Library/Frameworks/Foundation.framework/Headers/Foundation.h:6:
    /Applications/Xcode.app/Contents/Developer/Platforms/iPhoneSimulator.platform/Developer/SDKs/iPhoneSimulator18.2.sdk/System/Library/Frameworks/CoreFoundation.framework/Headers/CFStream.h:20:10: note: while building module 'Dispatch' imported from /Applications/Xcode.app/Contents/Developer/Platforms/iPhoneSimulator.platform/Developer/SDKs/iPhoneSimulator18.2.sdk/System/Library/Frameworks/CoreFoundation.framework/Headers/CFStream.h:20:
    /Applications/Xcode.app/Contents/Developer/Platforms/iPhoneSimulator.platform/Developer/SDKs/iPhoneSimulator18.2.sdk/usr/include/dispatch/dispatch.h:28:10: note: while building module 'Darwin' imported from /Applications/Xcode.app/Contents/Developer/Platforms/iPhoneSimulator.platform/Developer/SDKs/iPhoneSimulator18.2.sdk/usr/include/dispatch/dispatch.h:28:
    /Applications/Xcode.app/Contents/Developer/Platforms/iPhoneSimulator.platform/Developer/SDKs/iPhoneSimulator18.2.sdk/usr/include/uuid/uuid.h:39:10: note: while building module 'uuid' imported from /Applications/Xcode.app/Contents/Developer/Platforms/iPhoneSimulator.platform/Developer/SDKs/iPhoneSimulator18.2.sdk/usr/include/uuid/uuid.h:39:
    /Users/user276136/Documents/Dev/NSTApp/ios/Pods/<module-includes>:1:9: note: in file included from <module-includes>:1:
/Users/user276136/Documents/Dev/NSTApp/ios/Pods/Headers/Public/ReactCommon/ReactCommon.modulemap:1:8: error: Redefinition of module 'ReactCommon' (in target 'React-RCTAppDelegate' from project 'Pods')
    /Users/user276136/Documents/Dev/NSTApp/ios/Pods/Headers/Public/ReactCommon/React-RuntimeApple.modulemap:1:8: note: Previously defined here
/Applications/Xcode.app/Contents/Developer/Platforms/iPhoneSimulator.platform/Developer/SDKs/iPhoneSimulator18.2.sdk/usr/include/unistd.h:71:10: error: Could not build module 'DarwinFoundation' (in target 'React-RCTAppDelegate' from project 'Pods')
    /Users/user276136/Documents/Dev/NSTApp/ios/Pods/Target Support Files/React-RCTAppDelegate/React-RCTAppDelegate-prefix.pch:2:9: note: while building module 'UIKit' imported from /Users/user276136/Documents/Dev/NSTApp/ios/Pods/Target Support Files/React-RCTAppDelegate/React-RCTAppDelegate-prefix.pch:2:
    /Applications/Xcode.app/Contents/Developer/Platforms/iPhoneSimulator.platform/Developer/SDKs/iPhoneSimulator18.2.sdk/System/Library/Frameworks/UIKit.framework/Headers/UIKit.h:8:9: note: while building module 'Foundation' imported from /Applications/Xcode.app/Contents/Developer/Platforms/iPhoneSimulator.platform/Developer/SDKs/iPhoneSimulator18.2.sdk/System/Library/Frameworks/UIKit.framework/Headers/UIKit.h:8:
    /Applications/Xcode.app/Contents/Developer/Platforms/iPhoneSimulator.platform/Developer/SDKs/iPhoneSimulator18.2.sdk/System/Library/Frameworks/Foundation.framework/Headers/Foundation.h:6:10: note: while building module 'CoreFoundation' imported from /Applications/Xcode.app/Contents/Developer/Platforms/iPhoneSimulator.platform/Developer/SDKs/iPhoneSimulator18.2.sdk/System/Library/Frameworks/Foundation.framework/Headers/Foundation.h:6:
    /Applications/Xcode.app/Contents/Developer/Platforms/iPhoneSimulator.platform/Developer/SDKs/iPhoneSimulator18.2.sdk/System/Library/Frameworks/CoreFoundation.framework/Headers/CFStream.h:20:10: note: while building module 'Dispatch' imported from /Applications/Xcode.app/Contents/Developer/Platforms/iPhoneSimulator.platform/Developer/SDKs/iPhoneSimulator18.2.sdk/System/Library/Frameworks/CoreFoundation.framework/Headers/CFStream.h:20:
    /Applications/Xcode.app/Contents/Developer/Platforms/iPhoneSimulator.platform/Developer/SDKs/iPhoneSimulator18.2.sdk/usr/include/dispatch/dispatch.h:28:10: note: while building module 'Darwin' imported from /Applications/Xcode.app/Contents/Developer/Platforms/iPhoneSimulator.platform/Developer/SDKs/iPhoneSimulator18.2.sdk/usr/include/dispatch/dispatch.h:28:
    /Applications/Xcode.app/Contents/Developer/Platforms/iPhoneSimulator.platform/Developer/SDKs/iPhoneSimulator18.2.sdk/usr/include/sys/termios.h:110:10: note: while building module 'unistd' imported from /Applications/Xcode.app/Contents/Developer/Platforms/iPhoneSimulator.platform/Developer/SDKs/iPhoneSimulator18.2.sdk/usr/include/sys/termios.h:110:
    /Users/user276136/Documents/Dev/NSTApp/ios/Pods/<module-includes>:1:9: note: in file included from <module-includes>:1:
/Users/user276136/Documents/Dev/NSTApp/ios/Pods/Headers/Public/ReactCommon/ReactCommon.modulemap:1:8: error: Redefinition of module 'ReactCommon' (in target 'React-RCTAppDelegate' from project 'Pods')
    /Users/user276136/Documents/Dev/NSTApp/ios/Pods/Headers/Public/ReactCommon/React-RuntimeApple.modulemap:1:8: note: Previously defined here
/Applications/Xcode.app/Contents/Developer/Platforms/iPhoneSimulator.platform/Developer/SDKs/iPhoneSimulator18.2.sdk/usr/include/sys/select.h:66:10: error: Could not build module 'DarwinFoundation' (in target 'React-RCTAppDelegate' from project 'Pods')
    /Users/user276136/Documents/Dev/NSTApp/ios/Pods/Target Support Files/React-RCTAppDelegate/React-RCTAppDelegate-prefix.pch:2:9: note: while building module 'UIKit' imported from /Users/user276136/Documents/Dev/NSTApp/ios/Pods/Target Support Files/React-RCTAppDelegate/React-RCTAppDelegate-prefix.pch:2:
    /Applications/Xcode.app/Contents/Developer/Platforms/iPhoneSimulator.platform/Developer/SDKs/iPhoneSimulator18.2.sdk/System/Library/Frameworks/UIKit.framework/Headers/UIKit.h:8:9: note: while building module 'Foundation' imported from /Applications/Xcode.app/Contents/Developer/Platforms/iPhoneSimulator.platform/Developer/SDKs/iPhoneSimulator18.2.sdk/System/Library/Frameworks/UIKit.framework/Headers/UIKit.h:8:
    /Applications/Xcode.app/Contents/Developer/Platforms/iPhoneSimulator.platform/Developer/SDKs/iPhoneSimulator18.2.sdk/System/Library/Frameworks/Foundation.framework/Headers/Foundation.h:6:10: note: while building module 'CoreFoundation' imported from /Applications/Xcode.app/Contents/Developer/Platforms/iPhoneSimulator.platform/Developer/SDKs/iPhoneSimulator18.2.sdk/System/Library/Frameworks/Foundation.framework/Headers/Foundation.h:6:
    /Applications/Xcode.app/Contents/Developer/Platforms/iPhoneSimulator.platform/Developer/SDKs/iPhoneSimulator18.2.sdk/System/Library/Frameworks/CoreFoundation.framework/Headers/CFStream.h:20:10: note: while building module 'Dispatch' imported from /Applications/Xcode.app/Contents/Developer/Platforms/iPhoneSimulator.platform/Developer/SDKs/iPhoneSimulator18.2.sdk/System/Library/Frameworks/CoreFoundation.framework/Headers/CFStream.h:20:
    /Applications/Xcode.app/Contents/Developer/Platforms/iPhoneSimulator.platform/Developer/SDKs/iPhoneSimulator18.2.sdk/usr/include/dispatch/dispatch.h:28:10: note: while building module 'Darwin' imported from /Applications/Xcode.app/Contents/Developer/Platforms/iPhoneSimulator.platform/Developer/SDKs/iPhoneSimulator18.2.sdk/usr/include/dispatch/dispatch.h:28:
    /Applications/Xcode.app/Contents/Developer/Platforms/iPhoneSimulator.platform/Developer/SDKs/iPhoneSimulator18.2.sdk/usr/include/sys/termios.h:110:10: note: while building module 'unistd' imported from /Applications/Xcode.app/Contents/Developer/Platforms/iPhoneSimulator.platform/Developer/SDKs/iPhoneSimulator18.2.sdk/usr/include/sys/termios.h:110:
    /Applications/Xcode.app/Contents/Developer/Platforms/iPhoneSimulator.platform/Developer/SDKs/iPhoneSimulator18.2.sdk/usr/include/unistd.h:639:10: note: while building module 'sys_select' imported from /Applications/Xcode.app/Contents/Developer/Platforms/iPhoneSimulator.platform/Developer/SDKs/iPhoneSimulator18.2.sdk/usr/include/unistd.h:639:
    /Users/user276136/Documents/Dev/NSTApp/ios/Pods/<module-includes>:1:9: note: in file included from <module-includes>:1:
/Users/user276136/Documents/Dev/NSTApp/ios/Pods/Headers/Public/ReactCommon/ReactCommon.modulemap:1:8: error: Redefinition of module 'ReactCommon' (in target 'React-RCTAppDelegate' from project 'Pods')
    /Users/user276136/Documents/Dev/NSTApp/ios/Pods/Headers/Public/ReactCommon/React-RuntimeApple.modulemap:1:8: note: Previously defined here
/Applications/Xcode.app/Contents/Developer/Platforms/iPhoneSimulator.platform/Developer/SDKs/iPhoneSimulator18.2.sdk/usr/include/gethostuuid.h:32:10: error: Could not build module '_time' (in target 'React-RCTAppDelegate' from project 'Pods')
    /Users/user276136/Documents/Dev/NSTApp/ios/Pods/Target Support Files/React-RCTAppDelegate/React-RCTAppDelegate-prefix.pch:2:9: note: while building module 'UIKit' imported from /Users/user276136/Documents/Dev/NSTApp/ios/Pods/Target Support Files/React-RCTAppDelegate/React-RCTAppDelegate-prefix.pch:2:
    /Applications/Xcode.app/Contents/Developer/Platforms/iPhoneSimulator.platform/Developer/SDKs/iPhoneSimulator18.2.sdk/System/Library/Frameworks/UIKit.framework/Headers/UIKit.h:8:9: note: while building module 'Foundation' imported from /Applications/Xcode.app/Contents/Developer/Platforms/iPhoneSimulator.platform/Developer/SDKs/iPhoneSimulator18.2.sdk/System/Library/Frameworks/UIKit.framework/Headers/UIKit.h:8:
    /Applications/Xcode.app/Contents/Developer/Platforms/iPhoneSimulator.platform/Developer/SDKs/iPhoneSimulator18.2.sdk/System/Library/Frameworks/Foundation.framework/Headers/Foundation.h:6:10: note: while building module 'CoreFoundation' imported from /Applications/Xcode.app/Contents/Developer/Platforms/iPhoneSimulator.platform/Developer/SDKs/iPhoneSimulator18.2.sdk/System/Library/Frameworks/Foundation.framework/Headers/Foundation.h:6:
    /Applications/Xcode.app/Contents/Developer/Platforms/iPhoneSimulator.platform/Developer/SDKs/iPhoneSimulator18.2.sdk/System/Library/Frameworks/CoreFoundation.framework/Headers/CFStream.h:20:10: note: while building module 'Dispatch' imported from /Applications/Xcode.app/Contents/Developer/Platforms/iPhoneSimulator.platform/Developer/SDKs/iPhoneSimulator18.2.sdk/System/Library/Frameworks/CoreFoundation.framework/Headers/CFStream.h:20:
    /Applications/Xcode.app/Contents/Developer/Platforms/iPhoneSimulator.platform/Developer/SDKs/iPhoneSimulator18.2.sdk/usr/include/dispatch/dispatch.h:28:10: note: while building module 'Darwin' imported from /Applications/Xcode.app/Contents/Developer/Platforms/iPhoneSimulator.platform/Developer/SDKs/iPhoneSimulator18.2.sdk/usr/include/dispatch/dispatch.h:28:
    /Applications/Xcode.app/Contents/Developer/Platforms/iPhoneSimulator.platform/Developer/SDKs/iPhoneSimulator18.2.sdk/usr/include/sys/termios.h:110:10: note: while building module 'unistd' imported from /Applications/Xcode.app/Contents/Developer/Platforms/iPhoneSimulator.platform/Developer/SDKs/iPhoneSimulator18.2.sdk/usr/include/sys/termios.h:110:
    /Applications/Xcode.app/Contents/Developer/Platforms/iPhoneSimulator.platform/Developer/SDKs/iPhoneSimulator18.2.sdk/usr/include/unistd.h:656:10: note: while building module 'gethostuuid' imported from /Applications/Xcode.app/Contents/Developer/Platforms/iPhoneSimulator.platform/Developer/SDKs/iPhoneSimulator18.2.sdk/usr/include/unistd.h:656:
    /Users/user276136/Documents/Dev/NSTApp/ios/Pods/<module-includes>:1:9: note: in file included from <module-includes>:1:
/Users/user276136/Documents/Dev/NSTApp/ios/Pods/Headers/Public/ReactCommon/ReactCommon.modulemap:1:8: error: Redefinition of module 'ReactCommon' (in target 'React-RCTAppDelegate' from project 'Pods')
    /Users/user276136/Documents/Dev/NSTApp/ios/Pods/Headers/Public/ReactCommon/React-RuntimeApple.modulemap:1:8: note: Previously defined here
/Applications/Xcode.app/Contents/Developer/Platforms/iPhoneSimulator.platform/Developer/SDKs/iPhoneSimulator18.2.sdk/usr/include/complex.h:34:10: error: Could not build module 'DarwinFoundation' (in target 'React-RCTAppDelegate' from project 'Pods')
    /Users/user276136/Documents/Dev/NSTApp/ios/Pods/Target Support Files/React-RCTAppDelegate/React-RCTAppDelegate-prefix.pch:2:9: note: while building module 'UIKit' imported from /Users/user276136/Documents/Dev/NSTApp/ios/Pods/Target Support Files/React-RCTAppDelegate/React-RCTAppDelegate-prefix.pch:2:
    /Applications/Xcode.app/Contents/Developer/Platforms/iPhoneSimulator.platform/Developer/SDKs/iPhoneSimulator18.2.sdk/System/Library/Frameworks/UIKit.framework/Headers/UIKit.h:8:9: note: while building module 'Foundation' imported from /Applications/Xcode.app/Contents/Developer/Platforms/iPhoneSimulator.platform/Developer/SDKs/iPhoneSimulator18.2.sdk/System/Library/Frameworks/UIKit.framework/Headers/UIKit.h:8:
    /Applications/Xcode.app/Contents/Developer/Platforms/iPhoneSimulator.platform/Developer/SDKs/iPhoneSimulator18.2.sdk/System/Library/Frameworks/Foundation.framework/Headers/Foundation.h:6:10: note: while building module 'CoreFoundation' imported from /Applications/Xcode.app/Contents/Developer/Platforms/iPhoneSimulator.platform/Developer/SDKs/iPhoneSimulator18.2.sdk/System/Library/Frameworks/Foundation.framework/Headers/Foundation.h:6:
    /Applications/Xcode.app/Contents/Developer/Platforms/iPhoneSimulator.platform/Developer/SDKs/iPhoneSimulator18.2.sdk/System/Library/Frameworks/CoreFoundation.framework/Headers/CFStream.h:20:10: note: while building module 'Dispatch' imported from /Applications/Xcode.app/Contents/Developer/Platforms/iPhoneSimulator.platform/Developer/SDKs/iPhoneSimulator18.2.sdk/System/Library/Frameworks/CoreFoundation.framework/Headers/CFStream.h:20:
    /Applications/Xcode.app/Contents/Developer/Platforms/iPhoneSimulator.platform/Developer/SDKs/iPhoneSimulator18.2.sdk/usr/include/dispatch/dispatch.h:28:10: note: while building module 'Darwin' imported from /Applications/Xcode.app/Contents/Developer/Platforms/iPhoneSimulator.platform/Developer/SDKs/iPhoneSimulator18.2.sdk/usr/include/dispatch/dispatch.h:28:
    /Applications/Xcode.app/Contents/Developer/Platforms/iPhoneSimulator.platform/Developer/SDKs/iPhoneSimulator18.2.sdk/usr/include/_modules/_complex.h:31:10: note: while building module '_complex' imported from /Applications/Xcode.app/Contents/Developer/Platforms/iPhoneSimulator.platform/Developer/SDKs/iPhoneSimulator18.2.sdk/usr/include/_modules/_complex.h:31:
    /Users/user276136/Documents/Dev/NSTApp/ios/Pods/<module-includes>:1:9: note: in file included from <module-includes>:1:
/Users/user276136/Documents/Dev/NSTApp/ios/Pods/Headers/Public/ReactCommon/ReactCommon.modulemap:1:8: error: Redefinition of module 'ReactCommon' (in target 'React-RCTAppDelegate' from project 'Pods')
    /Users/user276136/Documents/Dev/NSTApp/ios/Pods/Headers/Public/ReactCommon/React-RuntimeApple.modulemap:1:8: note: Previously defined here
/Users/user276136/Documents/Dev/NSTApp/ios/Pods/Headers/Public/ReactCommon/ReactCommon.modulemap:1:8: error: Redefinition of module 'ReactCommon' (in target 'React-RCTAppDelegate' from project 'Pods')
    /Users/user276136/Documents/Dev/NSTApp/ios/Pods/Headers/Public/ReactCommon/React-RuntimeApple.modulemap:1:8: note: Previously defined here
/Users/user276136/Documents/Dev/NSTApp/ios/Pods/Headers/Public/ReactCommon/ReactCommon.modulemap:1:8: error: Redefinition of module 'ReactCommon' (in target 'React-RCTAppDelegate' from project 'Pods')
    /Users/user276136/Documents/Dev/NSTApp/ios/Pods/Headers/Public/ReactCommon/React-RuntimeApple.modulemap:1:8: note: Previously defined here
/Applications/Xcode.app/Contents/Developer/Toolchains/XcodeDefault.xctoolchain/usr/lib/clang/16/include/stddef.h:78:10: error: Could not build module '_Builtin_stddef' (in target 'React-RCTAppDelegate' from project 'Pods')
    /Users/user276136/Documents/Dev/NSTApp/ios/Pods/Target Support Files/React-RCTAppDelegate/React-RCTAppDelegate-prefix.pch:2:9: note: while building module 'UIKit' imported from /Users/user276136/Documents/Dev/NSTApp/ios/Pods/Target Support Files/React-RCTAppDelegate/React-RCTAppDelegate-prefix.pch:2:
    /Applications/Xcode.app/Contents/Developer/Platforms/iPhoneSimulator.platform/Developer/SDKs/iPhoneSimulator18.2.sdk/System/Library/Frameworks/UIKit.framework/Headers/UIKit.h:8:9: note: while building module 'Foundation' imported from /Applications/Xcode.app/Contents/Developer/Platforms/iPhoneSimulator.platform/Developer/SDKs/iPhoneSimulator18.2.sdk/System/Library/Frameworks/UIKit.framework/Headers/UIKit.h:8:
    /Applications/Xcode.app/Contents/Developer/Platforms/iPhoneSimulator.platform/Developer/SDKs/iPhoneSimulator18.2.sdk/System/Library/Frameworks/Foundation.framework/Headers/Foundation.h:6:10: note: while building module 'CoreFoundation' imported from /Applications/Xcode.app/Contents/Developer/Platforms/iPhoneSimulator.platform/Developer/SDKs/iPhoneSimulator18.2.sdk/System/Library/Frameworks/Foundation.framework/Headers/Foundation.h:6:
    /Applications/Xcode.app/Contents/Developer/Platforms/iPhoneSimulator.platform/Developer/SDKs/iPhoneSimulator18.2.sdk/System/Library/Frameworks/CoreFoundation.framework/Headers/CFStream.h:20:10: note: while building module 'Dispatch' imported from /Applications/Xcode.app/Contents/Developer/Platforms/iPhoneSimulator.platform/Developer/SDKs/iPhoneSimulator18.2.sdk/System/Library/Frameworks/CoreFoundation.framework/Headers/CFStream.h:20:
    /Applications/Xcode.app/Contents/Developer/Platforms/iPhoneSimulator.platform/Developer/SDKs/iPhoneSimulator18.2.sdk/usr/include/dispatch/dispatch.h:28:10: note: while building module 'Darwin' imported from /Applications/Xcode.app/Contents/Developer/Platforms/iPhoneSimulator.platform/Developer/SDKs/iPhoneSimulator18.2.sdk/usr/include/dispatch/dispatch.h:28:
    /Applications/Xcode.app/Contents/Developer/Platforms/iPhoneSimulator.platform/Developer/SDKs/iPhoneSimulator18.2.sdk/usr/include/_modules/_stdatomic.h:34:10: note: while building module '_Builtin_stdatomic' imported from /Applications/Xcode.app/Contents/Developer/Platforms/iPhoneSimulator.platform/Developer/SDKs/iPhoneSimulator18.2.sdk/usr/include/_modules/_stdatomic.h:34:
    /Users/user276136/Documents/Dev/NSTApp/ios/Pods/<module-includes>:1:9: note: in file included from <module-includes>:1:
    /Applications/Xcode.app/Contents/Developer/Toolchains/XcodeDefault.xctoolchain/usr/lib/clang/16/include/stdatomic.h:27:10: note: in file included from /Applications/Xcode.app/Contents/Developer/Toolchains/XcodeDefault.xctoolchain/usr/lib/clang/16/include/stdatomic.h:27:
/Users/user276136/Documents/Dev/NSTApp/ios/Pods/Headers/Public/ReactCommon/ReactCommon.modulemap:1:8: error: Redefinition of module 'ReactCommon' (in target 'React-RCTAppDelegate' from project 'Pods')
    /Users/user276136/Documents/Dev/NSTApp/ios/Pods/Headers/Public/ReactCommon/React-RuntimeApple.modulemap:1:8: note: Previously defined here
/Applications/Xcode.app/Contents/Developer/Toolchains/XcodeDefault.xctoolchain/usr/lib/clang/16/include/tgmath.h:13:10: error: Could not build module '_math' (in target 'React-RCTAppDelegate' from project 'Pods')
    /Users/user276136/Documents/Dev/NSTApp/ios/Pods/Target Support Files/React-RCTAppDelegate/React-RCTAppDelegate-prefix.pch:2:9: note: while building module 'UIKit' imported from /Users/user276136/Documents/Dev/NSTApp/ios/Pods/Target Support Files/React-RCTAppDelegate/React-RCTAppDelegate-prefix.pch:2:
    /Applications/Xcode.app/Contents/Developer/Platforms/iPhoneSimulator.platform/Developer/SDKs/iPhoneSimulator18.2.sdk/System/Library/Frameworks/UIKit.framework/Headers/UIKit.h:8:9: note: while building module 'Foundation' imported from /Applications/Xcode.app/Contents/Developer/Platforms/iPhoneSimulator.platform/Developer/SDKs/iPhoneSimulator18.2.sdk/System/Library/Frameworks/UIKit.framework/Headers/UIKit.h:8:
    /Applications/Xcode.app/Contents/Developer/Platforms/iPhoneSimulator.platform/Developer/SDKs/iPhoneSimulator18.2.sdk/System/Library/Frameworks/Foundation.framework/Headers/Foundation.h:6:10: note: while building module 'CoreFoundation' imported from /Applications/Xcode.app/Contents/Developer/Platforms/iPhoneSimulator.platform/Developer/SDKs/iPhoneSimulator18.2.sdk/System/Library/Frameworks/Foundation.framework/Headers/Foundation.h:6:
    /Applications/Xcode.app/Contents/Developer/Platforms/iPhoneSimulator.platform/Developer/SDKs/iPhoneSimulator18.2.sdk/System/Library/Frameworks/CoreFoundation.framework/Headers/CFStream.h:20:10: note: while building module 'Dispatch' imported from /Applications/Xcode.app/Contents/Developer/Platforms/iPhoneSimulator.platform/Developer/SDKs/iPhoneSimulator18.2.sdk/System/Library/Frameworks/CoreFoundation.framework/Headers/CFStream.h:20:
    /Applications/Xcode.app/Contents/Developer/Platforms/iPhoneSimulator.platform/Developer/SDKs/iPhoneSimulator18.2.sdk/usr/include/dispatch/dispatch.h:28:10: note: while building module 'Darwin' imported from /Applications/Xcode.app/Contents/Developer/Platforms/iPhoneSimulator.platform/Developer/SDKs/iPhoneSimulator18.2.sdk/usr/include/dispatch/dispatch.h:28:
    /Applications/Xcode.app/Contents/Developer/Platforms/iPhoneSimulator.platform/Developer/SDKs/iPhoneSimulator18.2.sdk/usr/include/_modules/_tgmath.h:31:10: note: while building module '_Builtin_tgmath' imported from /Applications/Xcode.app/Contents/Developer/Platforms/iPhoneSimulator.platform/Developer/SDKs/iPhoneSimulator18.2.sdk/usr/include/_modules/_tgmath.h:31:
    /Users/user276136/Documents/Dev/NSTApp/ios/Pods/<module-includes>:1:9: note: in file included from <module-includes>:1:
/Users/user276136/Documents/Dev/NSTApp/ios/Pods/Headers/Public/ReactCommon/ReactCommon.modulemap:1:8: error: Redefinition of module 'ReactCommon' (in target 'React-RCTAppDelegate' from project 'Pods')
    /Users/user276136/Documents/Dev/NSTApp/ios/Pods/Headers/Public/ReactCommon/React-RuntimeApple.modulemap:1:8: note: Previously defined here
/Applications/Xcode.app/Contents/Developer/Platforms/iPhoneSimulator.platform/Developer/SDKs/iPhoneSimulator18.2.sdk/usr/include/tgmath.h:27:10: error: Could not build module '_math' (in target 'React-RCTAppDelegate' from project 'Pods')
    /Users/user276136/Documents/Dev/NSTApp/ios/Pods/Target Support Files/React-RCTAppDelegate/React-RCTAppDelegate-prefix.pch:2:9: note: while building module 'UIKit' imported from /Users/user276136/Documents/Dev/NSTApp/ios/Pods/Target Support Files/React-RCTAppDelegate/React-RCTAppDelegate-prefix.pch:2:
    /Applications/Xcode.app/Contents/Developer/Platforms/iPhoneSimulator.platform/Developer/SDKs/iPhoneSimulator18.2.sdk/System/Library/Frameworks/UIKit.framework/Headers/UIKit.h:8:9: note: while building module 'Foundation' imported from /Applications/Xcode.app/Contents/Developer/Platforms/iPhoneSimulator.platform/Developer/SDKs/iPhoneSimulator18.2.sdk/System/Library/Frameworks/UIKit.framework/Headers/UIKit.h:8:
    /Applications/Xcode.app/Contents/Developer/Platforms/iPhoneSimulator.platform/Developer/SDKs/iPhoneSimulator18.2.sdk/System/Library/Frameworks/Foundation.framework/Headers/Foundation.h:6:10: note: while building module 'CoreFoundation' imported from /Applications/Xcode.app/Contents/Developer/Platforms/iPhoneSimulator.platform/Developer/SDKs/iPhoneSimulator18.2.sdk/System/Library/Frameworks/Foundation.framework/Headers/Foundation.h:6:
    /Applications/Xcode.app/Contents/Developer/Platforms/iPhoneSimulator.platform/Developer/SDKs/iPhoneSimulator18.2.sdk/System/Library/Frameworks/CoreFoundation.framework/Headers/CFStream.h:20:10: note: while building module 'Dispatch' imported from /Applications/Xcode.app/Contents/Developer/Platforms/iPhoneSimulator.platform/Developer/SDKs/iPhoneSimulator18.2.sdk/System/Library/Frameworks/CoreFoundation.framework/Headers/CFStream.h:20:
    /Applications/Xcode.app/Contents/Developer/Platforms/iPhoneSimulator.platform/Developer/SDKs/iPhoneSimulator18.2.sdk/usr/include/dispatch/dispatch.h:28:10: note: while building module 'Darwin' imported from /Applications/Xcode.app/Contents/Developer/Platforms/iPhoneSimulator.platform/Developer/SDKs/iPhoneSimulator18.2.sdk/usr/include/dispatch/dispatch.h:28:
    /Applications/Xcode.app/Contents/Developer/Platforms/iPhoneSimulator.platform/Developer/SDKs/iPhoneSimulator18.2.sdk/usr/include/_modules/_tgmath.h:31:10: note: while building module '_Builtin_tgmath' imported from /Applications/Xcode.app/Contents/Developer/Platforms/iPhoneSimulator.platform/Developer/SDKs/iPhoneSimulator18.2.sdk/usr/include/_modules/_tgmath.h:31:
    /Applications/Xcode.app/Contents/Developer/Toolchains/XcodeDefault.xctoolchain/usr/lib/clang/16/include/tgmath.h:21:17: note: while building module '_tgmath' imported from /Applications/Xcode.app/Contents/Developer/Toolchains/XcodeDefault.xctoolchain/usr/lib/clang/16/include/tgmath.h:21:
    /Users/user276136/Documents/Dev/NSTApp/ios/Pods/<module-includes>:1:9: note: in file included from <module-includes>:1:
/Users/user276136/Documents/Dev/NSTApp/ios/Pods/Headers/Public/ReactCommon/ReactCommon.modulemap:1:8: error: Redefinition of module 'ReactCommon' (in target 'React-RCTAppDelegate' from project 'Pods')
    /Users/user276136/Documents/Dev/NSTApp/ios/Pods/Headers/Public/ReactCommon/React-RuntimeApple.modulemap:1:8: note: Previously defined here
/Applications/Xcode.app/Contents/Developer/Platforms/iPhoneSimulator.platform/Developer/SDKs/iPhoneSimulator18.2.sdk/usr/include/_wchar.h:70:10: error: Could not build module 'DarwinFoundation' (in target 'React-RCTAppDelegate' from project 'Pods')
    /Users/user276136/Documents/Dev/NSTApp/ios/Pods/Target Support Files/React-RCTAppDelegate/React-RCTAppDelegate-prefix.pch:2:9: note: while building module 'UIKit' imported from /Users/user276136/Documents/Dev/NSTApp/ios/Pods/Target Support Files/React-RCTAppDelegate/React-RCTAppDelegate-prefix.pch:2:
    /Applications/Xcode.app/Contents/Developer/Platforms/iPhoneSimulator.platform/Developer/SDKs/iPhoneSimulator18.2.sdk/System/Library/Frameworks/UIKit.framework/Headers/UIKit.h:8:9: note: while building module 'Foundation' imported from /Applications/Xcode.app/Contents/Developer/Platforms/iPhoneSimulator.platform/Developer/SDKs/iPhoneSimulator18.2.sdk/System/Library/Frameworks/UIKit.framework/Headers/UIKit.h:8:
    /Applications/Xcode.app/Contents/Developer/Platforms/iPhoneSimulator.platform/Developer/SDKs/iPhoneSimulator18.2.sdk/System/Library/Frameworks/Foundation.framework/Headers/Foundation.h:6:10: note: while building module 'CoreFoundation' imported from /Applications/Xcode.app/Contents/Developer/Platforms/iPhoneSimulator.platform/Developer/SDKs/iPhoneSimulator18.2.sdk/System/Library/Frameworks/Foundation.framework/Headers/Foundation.h:6:
    /Applications/Xcode.app/Contents/Developer/Platforms/iPhoneSimulator.platform/Developer/SDKs/iPhoneSimulator18.2.sdk/System/Library/Frameworks/CoreFoundation.framework/Headers/CFStream.h:20:10: note: while building module 'Dispatch' imported from /Applications/Xcode.app/Contents/Developer/Platforms/iPhoneSimulator.platform/Developer/SDKs/iPhoneSimulator18.2.sdk/System/Library/Frameworks/CoreFoundation.framework/Headers/CFStream.h:20:
    /Applications/Xcode.app/Contents/Developer/Platforms/iPhoneSimulator.platform/Developer/SDKs/iPhoneSimulator18.2.sdk/usr/include/dispatch/dispatch.h:28:10: note: while building module 'Darwin' imported from /Applications/Xcode.app/Contents/Developer/Platforms/iPhoneSimulator.platform/Developer/SDKs/iPhoneSimulator18.2.sdk/usr/include/dispatch/dispatch.h:28:
    /Applications/Xcode.app/Contents/Developer/Platforms/iPhoneSimulator.platform/Developer/SDKs/iPhoneSimulator18.2.sdk/usr/include/wchar.h:67:10: note: while building module '_wchar' imported from /Applications/Xcode.app/Contents/Developer/Platforms/iPhoneSimulator.platform/Developer/SDKs/iPhoneSimulator18.2.sdk/usr/include/wchar.h:67:
    /Users/user276136/Documents/Dev/NSTApp/ios/Pods/<module-includes>:1:9: note: in file included from <module-includes>:1:
/Users/user276136/Documents/Dev/NSTApp/ios/Pods/Headers/Public/ReactCommon/ReactCommon.modulemap:1:8: error: Redefinition of module 'ReactCommon' (in target 'React-RCTAppDelegate' from project 'Pods')
    /Users/user276136/Documents/Dev/NSTApp/ios/Pods/Headers/Public/ReactCommon/React-RuntimeApple.modulemap:1:8: note: Previously defined here
/Applications/Xcode.app/Contents/Developer/Platforms/iPhoneSimulator.platform/Developer/SDKs/iPhoneSimulator18.2.sdk/usr/include/___wctype.h:58:10: error: Could not build module 'DarwinFoundation' (in target 'React-RCTAppDelegate' from project 'Pods')
    /Users/user276136/Documents/Dev/NSTApp/ios/Pods/Target Support Files/React-RCTAppDelegate/React-RCTAppDelegate-prefix.pch:2:9: note: while building module 'UIKit' imported from /Users/user276136/Documents/Dev/NSTApp/ios/Pods/Target Support Files/React-RCTAppDelegate/React-RCTAppDelegate-prefix.pch:2:
    /Applications/Xcode.app/Contents/Developer/Platforms/iPhoneSimulator.platform/Developer/SDKs/iPhoneSimulator18.2.sdk/System/Library/Frameworks/UIKit.framework/Headers/UIKit.h:8:9: note: while building module 'Foundation' imported from /Applications/Xcode.app/Contents/Developer/Platforms/iPhoneSimulator.platform/Developer/SDKs/iPhoneSimulator18.2.sdk/System/Library/Frameworks/UIKit.framework/Headers/UIKit.h:8:
    /Applications/Xcode.app/Contents/Developer/Platforms/iPhoneSimulator.platform/Developer/SDKs/iPhoneSimulator18.2.sdk/System/Library/Frameworks/Foundation.framework/Headers/Foundation.h:6:10: note: while building module 'CoreFoundation' imported from /Applications/Xcode.app/Contents/Developer/Platforms/iPhoneSimulator.platform/Developer/SDKs/iPhoneSimulator18.2.sdk/System/Library/Frameworks/Foundation.framework/Headers/Foundation.h:6:
    /Applications/Xcode.app/Contents/Developer/Platforms/iPhoneSimulator.platform/Developer/SDKs/iPhoneSimulator18.2.sdk/System/Library/Frameworks/CoreFoundation.framework/Headers/CFStream.h:20:10: note: while building module 'Dispatch' imported from /Applications/Xcode.app/Contents/Developer/Platforms/iPhoneSimulator.platform/Developer/SDKs/iPhoneSimulator18.2.sdk/System/Library/Frameworks/CoreFoundation.framework/Headers/CFStream.h:20:
    /Applications/Xcode.app/Contents/Developer/Platforms/iPhoneSimulator.platform/Developer/SDKs/iPhoneSimulator18.2.sdk/usr/include/dispatch/dispatch.h:28:10: note: while building module 'Darwin' imported from /Applications/Xcode.app/Contents/Developer/Platforms/iPhoneSimulator.platform/Developer/SDKs/iPhoneSimulator18.2.sdk/usr/include/dispatch/dispatch.h:28:
    /Applications/Xcode.app/Contents/Developer/Platforms/iPhoneSimulator.platform/Developer/SDKs/iPhoneSimulator18.2.sdk/usr/include/wchar.h:67:10: note: while building module '_wchar' imported from /Applications/Xcode.app/Contents/Developer/Platforms/iPhoneSimulator.platform/Developer/SDKs/iPhoneSimulator18.2.sdk/usr/include/wchar.h:67:
    /Applications/Xcode.app/Contents/Developer/Platforms/iPhoneSimulator.platform/Developer/SDKs/iPhoneSimulator18.2.sdk/usr/include/_wchar.h:76:10: note: while building module '__wctype' imported from /Applications/Xcode.app/Contents/Developer/Platforms/iPhoneSimulator.platform/Developer/SDKs/iPhoneSimulator18.2.sdk/usr/include/_wchar.h:76:
    /Users/user276136/Documents/Dev/NSTApp/ios/Pods/<module-includes>:1:9: note: in file included from <module-includes>:1:
/Users/user276136/Documents/Dev/NSTApp/ios/Pods/Headers/Public/ReactCommon/ReactCommon.modulemap:1:8: error: Redefinition of module 'ReactCommon' (in target 'React-RCTAppDelegate' from project 'Pods')
    /Users/user276136/Documents/Dev/NSTApp/ios/Pods/Headers/Public/ReactCommon/React-RuntimeApple.modulemap:1:8: note: Previously defined here
/Applications/Xcode.app/Contents/Developer/Platforms/iPhoneSimulator.platform/Developer/SDKs/iPhoneSimulator18.2.sdk/usr/include/_wctype.h:34:10: error: Could not build module 'DarwinFoundation' (in target 'React-RCTAppDelegate' from project 'Pods')
    /Users/user276136/Documents/Dev/NSTApp/ios/Pods/Target Support Files/React-RCTAppDelegate/React-RCTAppDelegate-prefix.pch:2:9: note: while building module 'UIKit' imported from /Users/user276136/Documents/Dev/NSTApp/ios/Pods/Target Support Files/React-RCTAppDelegate/React-RCTAppDelegate-prefix.pch:2:
    /Applications/Xcode.app/Contents/Developer/Platforms/iPhoneSimulator.platform/Developer/SDKs/iPhoneSimulator18.2.sdk/System/Library/Frameworks/UIKit.framework/Headers/UIKit.h:8:9: note: while building module 'Foundation' imported from /Applications/Xcode.app/Contents/Developer/Platforms/iPhoneSimulator.platform/Developer/SDKs/iPhoneSimulator18.2.sdk/System/Library/Frameworks/UIKit.framework/Headers/UIKit.h:8:
    /Applications/Xcode.app/Contents/Developer/Platforms/iPhoneSimulator.platform/Developer/SDKs/iPhoneSimulator18.2.sdk/System/Library/Frameworks/Foundation.framework/Headers/Foundation.h:6:10: note: while building module 'CoreFoundation' imported from /Applications/Xcode.app/Contents/Developer/Platforms/iPhoneSimulator.platform/Developer/SDKs/iPhoneSimulator18.2.sdk/System/Library/Frameworks/Foundation.framework/Headers/Foundation.h:6:
    /Applications/Xcode.app/Contents/Developer/Platforms/iPhoneSimulator.platform/Developer/SDKs/iPhoneSimulator18.2.sdk/System/Library/Frameworks/CoreFoundation.framework/Headers/CFStream.h:20:10: note: while building module 'Dispatch' imported from /Applications/Xcode.app/Contents/Developer/Platforms/iPhoneSimulator.platform/Developer/SDKs/iPhoneSimulator18.2.sdk/System/Library/Frameworks/CoreFoundation.framework/Headers/CFStream.h:20:
    /Applications/Xcode.app/Contents/Developer/Platforms/iPhoneSimulator.platform/Developer/SDKs/iPhoneSimulator18.2.sdk/usr/include/dispatch/dispatch.h:28:10: note: while building module 'Darwin' imported from /Applications/Xcode.app/Contents/Developer/Platforms/iPhoneSimulator.platform/Developer/SDKs/iPhoneSimulator18.2.sdk/usr/include/dispatch/dispatch.h:28:
    /Applications/Xcode.app/Contents/Developer/Platforms/iPhoneSimulator.platform/Developer/SDKs/iPhoneSimulator18.2.sdk/usr/include/wctype.h:31:10: note: while building module '_wctype' imported from /Applications/Xcode.app/Contents/Developer/Platforms/iPhoneSimulator.platform/Developer/SDKs/iPhoneSimulator18.2.sdk/usr/include/wctype.h:31:
    /Users/user276136/Documents/Dev/NSTApp/ios/Pods/<module-includes>:1:9: note: in file included from <module-includes>:1:
/Users/user276136/Documents/Dev/NSTApp/ios/Pods/Headers/Public/ReactCommon/ReactCommon.modulemap:1:8: error: Redefinition of module 'ReactCommon' (in target 'React-RCTAppDelegate' from project 'Pods')
    /Users/user276136/Documents/Dev/NSTApp/ios/Pods/Headers/Public/ReactCommon/React-RuntimeApple.modulemap:1:8: note: Previously defined here
/Applications/Xcode.app/Contents/Developer/Platforms/iPhoneSimulator.platform/Developer/SDKs/iPhoneSimulator18.2.sdk/usr/include/_xlocale.h:27:10: error: Could not build module 'DarwinFoundation' (in target 'React-RCTAppDelegate' from project 'Pods')
    /Users/user276136/Documents/Dev/NSTApp/ios/Pods/Target Support Files/React-RCTAppDelegate/React-RCTAppDelegate-prefix.pch:2:9: note: while building module 'UIKit' imported from /Users/user276136/Documents/Dev/NSTApp/ios/Pods/Target Support Files/React-RCTAppDelegate/React-RCTAppDelegate-prefix.pch:2:
    /Applications/Xcode.app/Contents/Developer/Platforms/iPhoneSimulator.platform/Developer/SDKs/iPhoneSimulator18.2.sdk/System/Library/Frameworks/UIKit.framework/Headers/UIKit.h:8:9: note: while building module 'Foundation' imported from /Applications/Xcode.app/Contents/Developer/Platforms/iPhoneSimulator.platform/Developer/SDKs/iPhoneSimulator18.2.sdk/System/Library/Frameworks/UIKit.framework/Headers/UIKit.h:8:
    /Applications/Xcode.app/Contents/Developer/Platforms/iPhoneSimulator.platform/Developer/SDKs/iPhoneSimulator18.2.sdk/System/Library/Frameworks/Foundation.framework/Headers/Foundation.h:6:10: note: while building module 'CoreFoundation' imported from /Applications/Xcode.app/Contents/Developer/Platforms/iPhoneSimulator.platform/Developer/SDKs/iPhoneSimulator18.2.sdk/System/Library/Frameworks/Foundation.framework/Headers/Foundation.h:6:
    /Applications/Xcode.app/Contents/Developer/Platforms/iPhoneSimulator.platform/Developer/SDKs/iPhoneSimulator18.2.sdk/System/Library/Frameworks/CoreFoundation.framework/Headers/CFStream.h:20:10: note: while building module 'Dispatch' imported from /Applications/Xcode.app/Contents/Developer/Platforms/iPhoneSimulator.platform/Developer/SDKs/iPhoneSimulator18.2.sdk/System/Library/Frameworks/CoreFoundation.framework/Headers/CFStream.h:20:
    /Applications/Xcode.app/Contents/Developer/Platforms/iPhoneSimulator.platform/Developer/SDKs/iPhoneSimulator18.2.sdk/usr/include/dispatch/dispatch.h:28:10: note: while building module 'Darwin' imported from /Applications/Xcode.app/Contents/Developer/Platforms/iPhoneSimulator.platform/Developer/SDKs/iPhoneSimulator18.2.sdk/usr/include/dispatch/dispatch.h:28:
    /Applications/Xcode.app/Contents/Developer/Platforms/iPhoneSimulator.platform/Developer/SDKs/iPhoneSimulator18.2.sdk/usr/include/xlocale.h:24:10: note: while building module 'xlocale' imported from /Applications/Xcode.app/Contents/Developer/Platforms/iPhoneSimulator.platform/Developer/SDKs/iPhoneSimulator18.2.sdk/usr/include/xlocale.h:24:
    /Users/user276136/Documents/Dev/NSTApp/ios/Pods/<module-includes>:1:9: note: in file included from <module-includes>:1:
/Users/user276136/Documents/Dev/NSTApp/ios/Pods/Headers/Public/ReactCommon/ReactCommon.modulemap:1:8: error: Redefinition of module 'ReactCommon' (in target 'React-RCTAppDelegate' from project 'Pods')
    /Users/user276136/Documents/Dev/NSTApp/ios/Pods/Headers/Public/ReactCommon/React-RuntimeApple.modulemap:1:8: note: Previously defined here
/Applications/Xcode.app/Contents/Developer/Platforms/iPhoneSimulator.platform/Developer/SDKs/iPhoneSimulator18.2.sdk/usr/include/nl_types.h:44:10: error: Could not build module 'DarwinFoundation' (in target 'React-RCTAppDelegate' from project 'Pods')
    /Users/user276136/Documents/Dev/NSTApp/ios/Pods/Target Support Files/React-RCTAppDelegate/React-RCTAppDelegate-prefix.pch:2:9: note: while building module 'UIKit' imported from /Users/user276136/Documents/Dev/NSTApp/ios/Pods/Target Support Files/React-RCTAppDelegate/React-RCTAppDelegate-prefix.pch:2:
    /Applications/Xcode.app/Contents/Developer/Platforms/iPhoneSimulator.platform/Developer/SDKs/iPhoneSimulator18.2.sdk/System/Library/Frameworks/UIKit.framework/Headers/UIKit.h:8:9: note: while building module 'Foundation' imported from /Applications/Xcode.app/Contents/Developer/Platforms/iPhoneSimulator.platform/Developer/SDKs/iPhoneSimulator18.2.sdk/System/Library/Frameworks/UIKit.framework/Headers/UIKit.h:8:
    /Applications/Xcode.app/Contents/Developer/Platforms/iPhoneSimulator.platform/Developer/SDKs/iPhoneSimulator18.2.sdk/System/Library/Frameworks/Foundation.framework/Headers/Foundation.h:6:10: note: while building module 'CoreFoundation' imported from /Applications/Xcode.app/Contents/Developer/Platforms/iPhoneSimulator.platform/Developer/SDKs/iPhoneSimulator18.2.sdk/System/Library/Frameworks/Foundation.framework/Headers/Foundation.h:6:
    /Applications/Xcode.app/Contents/Developer/Platforms/iPhoneSimulator.platform/Developer/SDKs/iPhoneSimulator18.2.sdk/System/Library/Frameworks/CoreFoundation.framework/Headers/CFStream.h:20:10: note: while building module 'Dispatch' imported from /Applications/Xcode.app/Contents/Developer/Platforms/iPhoneSimulator.platform/Developer/SDKs/iPhoneSimulator18.2.sdk/System/Library/Frameworks/CoreFoundation.framework/Headers/CFStream.h:20:
    /Applications/Xcode.app/Contents/Developer/Platforms/iPhoneSimulator.platform/Developer/SDKs/iPhoneSimulator18.2.sdk/usr/include/dispatch/dispatch.h:28:10: note: while building module 'Darwin' imported from /Applications/Xcode.app/Contents/Developer/Platforms/iPhoneSimulator.platform/Developer/SDKs/iPhoneSimulator18.2.sdk/usr/include/dispatch/dispatch.h:28:
    /Applications/Xcode.app/Contents/Developer/Platforms/iPhoneSimulator.platform/Developer/SDKs/iPhoneSimulator18.2.sdk/usr/include/_langinfo.h:33:10: note: while building module 'nl_types' imported from /Applications/Xcode.app/Contents/Developer/Platforms/iPhoneSimulator.platform/Developer/SDKs/iPhoneSimulator18.2.sdk/usr/include/_langinfo.h:33:
    /Users/user276136/Documents/Dev/NSTApp/ios/Pods/<module-includes>:1:9: note: in file included from <module-includes>:1:
/Users/user276136/Documents/Dev/NSTApp/ios/Pods/Headers/Public/ReactCommon/ReactCommon.modulemap:1:8: error: Redefinition of module 'ReactCommon' (in target 'React-RCTAppDelegate' from project 'Pods')
    /Users/user276136/Documents/Dev/NSTApp/ios/Pods/Headers/Public/ReactCommon/React-RuntimeApple.modulemap:1:8: note: Previously defined here
/Applications/Xcode.app/Contents/Developer/Platforms/iPhoneSimulator.platform/Developer/SDKs/iPhoneSimulator18.2.sdk/usr/include/pthread/pthread.h:55:10: error: Could not build module 'DarwinFoundation' (in target 'React-RCTAppDelegate' from project 'Pods')
    /Users/user276136/Documents/Dev/NSTApp/ios/Pods/Target Support Files/React-RCTAppDelegate/React-RCTAppDelegate-prefix.pch:2:9: note: while building module 'UIKit' imported from /Users/user276136/Documents/Dev/NSTApp/ios/Pods/Target Support Files/React-RCTAppDelegate/React-RCTAppDelegate-prefix.pch:2:
    /Applications/Xcode.app/Contents/Developer/Platforms/iPhoneSimulator.platform/Developer/SDKs/iPhoneSimulator18.2.sdk/System/Library/Frameworks/UIKit.framework/Headers/UIKit.h:8:9: note: while building module 'Foundation' imported from /Applications/Xcode.app/Contents/Developer/Platforms/iPhoneSimulator.platform/Developer/SDKs/iPhoneSimulator18.2.sdk/System/Library/Frameworks/UIKit.framework/Headers/UIKit.h:8:
    /Applications/Xcode.app/Contents/Developer/Platforms/iPhoneSimulator.platform/Developer/SDKs/iPhoneSimulator18.2.sdk/System/Library/Frameworks/Foundation.framework/Headers/Foundation.h:6:10: note: while building module 'CoreFoundation' imported from /Applications/Xcode.app/Contents/Developer/Platforms/iPhoneSimulator.platform/Developer/SDKs/iPhoneSimulator18.2.sdk/System/Library/Frameworks/Foundation.framework/Headers/Foundation.h:6:
    /Applications/Xcode.app/Contents/Developer/Platforms/iPhoneSimulator.platform/Developer/SDKs/iPhoneSimulator18.2.sdk/System/Library/Frameworks/CoreFoundation.framework/Headers/CFStream.h:20:10: note: while building module 'Dispatch' imported from /Applications/Xcode.app/Contents/Developer/Platforms/iPhoneSimulator.platform/Developer/SDKs/iPhoneSimulator18.2.sdk/System/Library/Frameworks/CoreFoundation.framework/Headers/CFStream.h:20:
    /Applications/Xcode.app/Contents/Developer/Platforms/iPhoneSimulator.platform/Developer/SDKs/iPhoneSimulator18.2.sdk/usr/include/dispatch/dispatch.h:28:10: note: while building module 'Darwin' imported from /Applications/Xcode.app/Contents/Developer/Platforms/iPhoneSimulator.platform/Developer/SDKs/iPhoneSimulator18.2.sdk/usr/include/dispatch/dispatch.h:28:
    /Applications/Xcode.app/Contents/Developer/Platforms/iPhoneSimulator.platform/Developer/SDKs/iPhoneSimulator18.2.sdk/usr/include/_modules/_pthread.h:31:10: note: while building module 'pthread' imported from /Applications/Xcode.app/Contents/Developer/Platforms/iPhoneSimulator.platform/Developer/SDKs/iPhoneSimulator18.2.sdk/usr/include/_modules/_pthread.h:31:
    /Users/user276136/Documents/Dev/NSTApp/ios/Pods/<module-includes>:1:9: note: in file included from <module-includes>:1:
/Users/user276136/Documents/Dev/NSTApp/ios/Pods/Headers/Public/ReactCommon/ReactCommon.modulemap:1:8: error: Redefinition of module 'ReactCommon' (in target 'React-RCTAppDelegate' from project 'Pods')
    /Users/user276136/Documents/Dev/NSTApp/ios/Pods/Headers/Public/ReactCommon/React-RuntimeApple.modulemap:1:8: note: Previously defined here
/Applications/Xcode.app/Contents/Developer/Platforms/iPhoneSimulator.platform/Developer/SDKs/iPhoneSimulator18.2.sdk/usr/include/sys/_types/_mach_port_t.h:49:10: error: Could not build module 'DarwinFoundation' (in target 'React-RCTAppDelegate' from project 'Pods')
    /Users/user276136/Documents/Dev/NSTApp/ios/Pods/Target Support Files/React-RCTAppDelegate/React-RCTAppDelegate-prefix.pch:2:9: note: while building module 'UIKit' imported from /Users/user276136/Documents/Dev/NSTApp/ios/Pods/Target Support Files/React-RCTAppDelegate/React-RCTAppDelegate-prefix.pch:2:
    /Applications/Xcode.app/Contents/Developer/Platforms/iPhoneSimulator.platform/Developer/SDKs/iPhoneSimulator18.2.sdk/System/Library/Frameworks/UIKit.framework/Headers/UIKit.h:8:9: note: while building module 'Foundation' imported from /Applications/Xcode.app/Contents/Developer/Platforms/iPhoneSimulator.platform/Developer/SDKs/iPhoneSimulator18.2.sdk/System/Library/Frameworks/UIKit.framework/Headers/UIKit.h:8:
    /Applications/Xcode.app/Contents/Developer/Platforms/iPhoneSimulator.platform/Developer/SDKs/iPhoneSimulator18.2.sdk/System/Library/Frameworks/Foundation.framework/Headers/Foundation.h:6:10: note: while building module 'CoreFoundation' imported from /Applications/Xcode.app/Contents/Developer/Platforms/iPhoneSimulator.platform/Developer/SDKs/iPhoneSimulator18.2.sdk/System/Library/Frameworks/Foundation.framework/Headers/Foundation.h:6:
    /Applications/Xcode.app/Contents/Developer/Platforms/iPhoneSimulator.platform/Developer/SDKs/iPhoneSimulator18.2.sdk/System/Library/Frameworks/CoreFoundation.framework/Headers/CFStream.h:20:10: note: while building module 'Dispatch' imported from /Applications/Xcode.app/Contents/Developer/Platforms/iPhoneSimulator.platform/Developer/SDKs/iPhoneSimulator18.2.sdk/System/Library/Frameworks/CoreFoundation.framework/Headers/CFStream.h:20:
    /Applications/Xcode.app/Contents/Developer/Platforms/iPhoneSimulator.platform/Developer/SDKs/iPhoneSimulator18.2.sdk/usr/include/dispatch/dispatch.h:28:10: note: while building module 'Darwin' imported from /Applications/Xcode.app/Contents/Developer/Platforms/iPhoneSimulator.platform/Developer/SDKs/iPhoneSimulator18.2.sdk/usr/include/dispatch/dispatch.h:28:
    /Applications/Xcode.app/Contents/Developer/Platforms/iPhoneSimulator.platform/Developer/SDKs/iPhoneSimulator18.2.sdk/usr/include/_modules/_pthread.h:31:10: note: while building module 'pthread' imported from /Applications/Xcode.app/Contents/Developer/Platforms/iPhoneSimulator.platform/Developer/SDKs/iPhoneSimulator18.2.sdk/usr/include/_modules/_pthread.h:31:
    /Applications/Xcode.app/Contents/Developer/Platforms/iPhoneSimulator.platform/Developer/SDKs/iPhoneSimulator18.2.sdk/usr/include/pthread/pthread.h:74:10: note: while building module '_mach_port_t' imported from /Applications/Xcode.app/Contents/Developer/Platforms/iPhoneSimulator.platform/Developer/SDKs/iPhoneSimulator18.2.sdk/usr/include/pthread/pthread.h:74:
    /Users/user276136/Documents/Dev/NSTApp/ios/Pods/<module-includes>:1:9: note: in file included from <module-includes>:1:
/Users/user276136/Documents/Dev/NSTApp/ios/Pods/Headers/Public/ReactCommon/ReactCommon.modulemap:1:8: error: Redefinition of module 'ReactCommon' (in target 'React-RCTAppDelegate' from project 'Pods')
    /Users/user276136/Documents/Dev/NSTApp/ios/Pods/Headers/Public/ReactCommon/React-RuntimeApple.modulemap:1:8: note: Previously defined here
/Applications/Xcode.app/Contents/Developer/Platforms/iPhoneSimulator.platform/Developer/SDKs/iPhoneSimulator18.2.sdk/usr/include/os/object.h:25:10: error: Could not build module 'os_availability' (in target 'React-RCTAppDelegate' from project 'Pods')
    /Users/user276136/Documents/Dev/NSTApp/ios/Pods/Target Support Files/React-RCTAppDelegate/React-RCTAppDelegate-prefix.pch:2:9: note: while building module 'UIKit' imported from /Users/user276136/Documents/Dev/NSTApp/ios/Pods/Target Support Files/React-RCTAppDelegate/React-RCTAppDelegate-prefix.pch:2:
    /Applications/Xcode.app/Contents/Developer/Platforms/iPhoneSimulator.platform/Developer/SDKs/iPhoneSimulator18.2.sdk/System/Library/Frameworks/UIKit.framework/Headers/UIKit.h:8:9: note: while building module 'Foundation' imported from /Applications/Xcode.app/Contents/Developer/Platforms/iPhoneSimulator.platform/Developer/SDKs/iPhoneSimulator18.2.sdk/System/Library/Frameworks/UIKit.framework/Headers/UIKit.h:8:
    /Applications/Xcode.app/Contents/Developer/Platforms/iPhoneSimulator.platform/Developer/SDKs/iPhoneSimulator18.2.sdk/System/Library/Frameworks/Foundation.framework/Headers/Foundation.h:6:10: note: while building module 'CoreFoundation' imported from /Applications/Xcode.app/Contents/Developer/Platforms/iPhoneSimulator.platform/Developer/SDKs/iPhoneSimulator18.2.sdk/System/Library/Frameworks/Foundation.framework/Headers/Foundation.h:6:
    /Applications/Xcode.app/Contents/Developer/Platforms/iPhoneSimulator.platform/Developer/SDKs/iPhoneSimulator18.2.sdk/System/Library/Frameworks/CoreFoundation.framework/Headers/CFStream.h:20:10: note: while building module 'Dispatch' imported from /Applications/Xcode.app/Contents/Developer/Platforms/iPhoneSimulator.platform/Developer/SDKs/iPhoneSimulator18.2.sdk/System/Library/Frameworks/CoreFoundation.framework/Headers/CFStream.h:20:
    /Applications/Xcode.app/Contents/Developer/Platforms/iPhoneSimulator.platform/Developer/SDKs/iPhoneSimulator18.2.sdk/usr/include/dispatch/dispatch.h:63:10: note: while building module 'os_object' imported from /Applications/Xcode.app/Contents/Developer/Platforms/iPhoneSimulator.platform/Developer/SDKs/iPhoneSimulator18.2.sdk/usr/include/dispatch/dispatch.h:63:
    /Users/user276136/Documents/Dev/NSTApp/ios/Pods/<module-includes>:1:9: note: in file included from <module-includes>:1:
/Users/user276136/Documents/Dev/NSTApp/ios/Pods/Headers/Public/ReactCommon/ReactCommon.modulemap:1:8: error: Redefinition of module 'ReactCommon' (in target 'React-RCTAppDelegate' from project 'Pods')
    /Users/user276136/Documents/Dev/NSTApp/ios/Pods/Headers/Public/ReactCommon/React-RuntimeApple.modulemap:1:8: note: Previously defined here
/Applications/Xcode.app/Contents/Developer/Platforms/iPhoneSimulator.platform/Developer/SDKs/iPhoneSimulator18.2.sdk/usr/include/os/workgroup_base.h:8:10: error: Could not build module 'sys_types' (in target 'React-RCTAppDelegate' from project 'Pods')
    /Users/user276136/Documents/Dev/NSTApp/ios/Pods/Target Support Files/React-RCTAppDelegate/React-RCTAppDelegate-prefix.pch:2:9: note: while building module 'UIKit' imported from /Users/user276136/Documents/Dev/NSTApp/ios/Pods/Target Support Files/React-RCTAppDelegate/React-RCTAppDelegate-prefix.pch:2:
    /Applications/Xcode.app/Contents/Developer/Platforms/iPhoneSimulator.platform/Developer/SDKs/iPhoneSimulator18.2.sdk/System/Library/Frameworks/UIKit.framework/Headers/UIKit.h:8:9: note: while building module 'Foundation' imported from /Applications/Xcode.app/Contents/Developer/Platforms/iPhoneSimulator.platform/Developer/SDKs/iPhoneSimulator18.2.sdk/System/Library/Frameworks/UIKit.framework/Headers/UIKit.h:8:
    /Applications/Xcode.app/Contents/Developer/Platforms/iPhoneSimulator.platform/Developer/SDKs/iPhoneSimulator18.2.sdk/System/Library/Frameworks/Foundation.framework/Headers/Foundation.h:6:10: note: while building module 'CoreFoundation' imported from /Applications/Xcode.app/Contents/Developer/Platforms/iPhoneSimulator.platform/Developer/SDKs/iPhoneSimulator18.2.sdk/System/Library/Frameworks/Foundation.framework/Headers/Foundation.h:6:
    /Applications/Xcode.app/Contents/Developer/Platforms/iPhoneSimulator.platform/Developer/SDKs/iPhoneSimulator18.2.sdk/System/Library/Frameworks/CoreFoundation.framework/Headers/CFStream.h:20:10: note: while building module 'Dispatch' imported from /Applications/Xcode.app/Contents/Developer/Platforms/iPhoneSimulator.platform/Developer/SDKs/iPhoneSimulator18.2.sdk/System/Library/Frameworks/CoreFoundation.framework/Headers/CFStream.h:20:
    /Applications/Xcode.app/Contents/Developer/Platforms/iPhoneSimulator.platform/Developer/SDKs/iPhoneSimulator18.2.sdk/usr/include/dispatch/dispatch.h:64:10: note: while building module 'os_workgroup' imported from /Applications/Xcode.app/Contents/Developer/Platforms/iPhoneSimulator.platform/Developer/SDKs/iPhoneSimulator18.2.sdk/usr/include/dispatch/dispatch.h:64:
    /Users/user276136/Documents/Dev/NSTApp/ios/Pods/<module-includes>:1:9: note: in file included from <module-includes>:1:
    /Applications/Xcode.app/Contents/Developer/Platforms/iPhoneSimulator.platform/Developer/SDKs/iPhoneSimulator18.2.sdk/usr/include/os/workgroup.h:29:10: note: in file included from /Applications/Xcode.app/Contents/Developer/Platforms/iPhoneSimulator.platform/Developer/SDKs/iPhoneSimulator18.2.sdk/usr/include/os/workgroup.h:29:
/Applications/Xcode.app/Contents/Developer/Platforms/iPhoneSimulator.platform/Developer/SDKs/iPhoneSimulator18.2.sdk/System/Library/Frameworks/Foundation.framework/Headers/Foundation.h:6:10: error: Could not build module 'CoreFoundation' (in target 'React-RCTAppDelegate' from project 'Pods')
    /Users/user276136/Documents/Dev/NSTApp/ios/Pods/Target Support Files/React-RCTAppDelegate/React-RCTAppDelegate-prefix.pch:2:9: note: while building module 'UIKit' imported from /Users/user276136/Documents/Dev/NSTApp/ios/Pods/Target Support Files/React-RCTAppDelegate/React-RCTAppDelegate-prefix.pch:2:
    /Applications/Xcode.app/Contents/Developer/Platforms/iPhoneSimulator.platform/Developer/SDKs/iPhoneSimulator18.2.sdk/System/Library/Frameworks/UIKit.framework/Headers/UIKit.h:8:9: note: while building module 'Foundation' imported from /Applications/Xcode.app/Contents/Developer/Platforms/iPhoneSimulator.platform/Developer/SDKs/iPhoneSimulator18.2.sdk/System/Library/Frameworks/UIKit.framework/Headers/UIKit.h:8:
    /Users/user276136/Documents/Dev/NSTApp/ios/Pods/<module-includes>:1:9: note: in file included from <module-includes>:1:
/Users/user276136/Documents/Dev/NSTApp/ios/Pods/Headers/Public/ReactCommon/ReactCommon.modulemap:1:8: error: Redefinition of module 'ReactCommon' (in target 'React-RCTAppDelegate' from project 'Pods')
    /Users/user276136/Documents/Dev/NSTApp/ios/Pods/Headers/Public/ReactCommon/React-RuntimeApple.modulemap:1:8: note: Previously defined here
/Applications/Xcode.app/Contents/Developer/Platforms/iPhoneSimulator.platform/Developer/SDKs/iPhoneSimulator18.2.sdk/usr/include/objc/NSObjCRuntime.h:8:10: error: Could not build module 'TargetConditionals' (in target 'React-RCTAppDelegate' from project 'Pods')
    /Users/user276136/Documents/Dev/NSTApp/ios/Pods/Target Support Files/React-RCTAppDelegate/React-RCTAppDelegate-prefix.pch:2:9: note: while building module 'UIKit' imported from /Users/user276136/Documents/Dev/NSTApp/ios/Pods/Target Support Files/React-RCTAppDelegate/React-RCTAppDelegate-prefix.pch:2:
    /Applications/Xcode.app/Contents/Developer/Platforms/iPhoneSimulator.platform/Developer/SDKs/iPhoneSimulator18.2.sdk/System/Library/Frameworks/UIKit.framework/Headers/UIKit.h:8:9: note: while building module 'Foundation' imported from /Applications/Xcode.app/Contents/Developer/Platforms/iPhoneSimulator.platform/Developer/SDKs/iPhoneSimulator18.2.sdk/System/Library/Frameworks/UIKit.framework/Headers/UIKit.h:8:
    /Applications/Xcode.app/Contents/Developer/Platforms/iPhoneSimulator.platform/Developer/SDKs/iPhoneSimulator18.2.sdk/System/Library/Frameworks/Foundation.framework/Headers/NSObject.h:5:9: note: while building module 'ObjectiveC' imported from /Applications/Xcode.app/Contents/Developer/Platforms/iPhoneSimulator.platform/Developer/SDKs/iPhoneSimulator18.2.sdk/System/Library/Frameworks/Foundation.framework/Headers/NSObject.h:5:
    /Users/user276136/Documents/Dev/NSTApp/ios/Pods/<module-includes>:1:9: note: in file included from <module-includes>:1:
/Users/user276136/Documents/Dev/NSTApp/ios/Pods/Headers/Public/ReactCommon/ReactCommon.modulemap:1:8: error: Redefinition of module 'ReactCommon' (in target 'React-RCTAppDelegate' from project 'Pods')
    /Users/user276136/Documents/Dev/NSTApp/ios/Pods/Headers/Public/ReactCommon/React-RuntimeApple.modulemap:1:8: note: Previously defined here
/Applications/Xcode.app/Contents/Developer/Platforms/iPhoneSimulator.platform/Developer/SDKs/iPhoneSimulator18.2.sdk/System/Library/Frameworks/Security.framework/Headers/SecBase.h:27:10: error: Could not build module 'TargetConditionals' (in target 'React-RCTAppDelegate' from project 'Pods')
    /Users/user276136/Documents/Dev/NSTApp/ios/Pods/Target Support Files/React-RCTAppDelegate/React-RCTAppDelegate-prefix.pch:2:9: note: while building module 'UIKit' imported from /Users/user276136/Documents/Dev/NSTApp/ios/Pods/Target Support Files/React-RCTAppDelegate/React-RCTAppDelegate-prefix.pch:2:
    /Applications/Xcode.app/Contents/Developer/Platforms/iPhoneSimulator.platform/Developer/SDKs/iPhoneSimulator18.2.sdk/System/Library/Frameworks/UIKit.framework/Headers/UIKit.h:8:9: note: while building module 'Foundation' imported from /Applications/Xcode.app/Contents/Developer/Platforms/iPhoneSimulator.platform/Developer/SDKs/iPhoneSimulator18.2.sdk/System/Library/Frameworks/UIKit.framework/Headers/UIKit.h:8:
    /Applications/Xcode.app/Contents/Developer/Platforms/iPhoneSimulator.platform/Developer/SDKs/iPhoneSimulator18.2.sdk/System/Library/Frameworks/Foundation.framework/Headers/NSURLCredential.h:9:9: note: while building module 'Security' imported from /Applications/Xcode.app/Contents/Developer/Platforms/iPhoneSimulator.platform/Developer/SDKs/iPhoneSimulator18.2.sdk/System/Library/Frameworks/Foundation.framework/Headers/NSURLCredential.h:9:
    /Users/user276136/Documents/Dev/NSTApp/ios/Pods/<module-includes>:1:9: note: in file included from <module-includes>:1:
    /Applications/Xcode.app/Contents/Developer/Platforms/iPhoneSimulator.platform/Developer/SDKs/iPhoneSimulator18.2.sdk/System/Library/Frameworks/Security.framework/Headers/Security.h:27:10: note: in file included from /Applications/Xcode.app/Contents/Developer/Platforms/iPhoneSimulator.platform/Developer/SDKs/iPhoneSimulator18.2.sdk/System/Library/Frameworks/Security.framework/Headers/Security.h:27:
/Users/user276136/Documents/Dev/NSTApp/ios/Pods/Headers/Public/ReactCommon/ReactCommon.modulemap:1:8: error: Redefinition of module 'ReactCommon' (in target 'React-RCTAppDelegate' from project 'Pods')
    /Users/user276136/Documents/Dev/NSTApp/ios/Pods/Headers/Public/ReactCommon/React-RuntimeApple.modulemap:1:8: note: Previously defined here
/Applications/Xcode.app/Contents/Developer/Platforms/iPhoneSimulator.platform/Developer/SDKs/iPhoneSimulator18.2.sdk/System/Library/Frameworks/CoreServices.framework/Headers/UTCoreTypes.h:19:10: error: Could not build module 'CoreFoundation' (in target 'React-RCTAppDelegate' from project 'Pods')
    /Users/user276136/Documents/Dev/NSTApp/ios/Pods/Target Support Files/React-RCTAppDelegate/React-RCTAppDelegate-prefix.pch:2:9: note: while building module 'UIKit' imported from /Users/user276136/Documents/Dev/NSTApp/ios/Pods/Target Support Files/React-RCTAppDelegate/React-RCTAppDelegate-prefix.pch:2:
    /Applications/Xcode.app/Contents/Developer/Platforms/iPhoneSimulator.platform/Developer/SDKs/iPhoneSimulator18.2.sdk/System/Library/Frameworks/UIKit.framework/Headers/UIKit.h:8:9: note: while building module 'Foundation' imported from /Applications/Xcode.app/Contents/Developer/Platforms/iPhoneSimulator.platform/Developer/SDKs/iPhoneSimulator18.2.sdk/System/Library/Frameworks/UIKit.framework/Headers/UIKit.h:8:
    /Applications/Xcode.app/Contents/Developer/Platforms/iPhoneSimulator.platform/Developer/SDKs/iPhoneSimulator18.2.sdk/System/Library/Frameworks/Foundation.framework/Headers/NSURLError.h:15:9: note: while building module 'CoreServices' imported from /Applications/Xcode.app/Contents/Developer/Platforms/iPhoneSimulator.platform/Developer/SDKs/iPhoneSimulator18.2.sdk/System/Library/Frameworks/Foundation.framework/Headers/NSURLError.h:15:
    /Users/user276136/Documents/Dev/NSTApp/ios/Pods/<module-includes>:1:9: note: in file included from <module-includes>:1:
    /Applications/Xcode.app/Contents/Developer/Platforms/iPhoneSimulator.platform/Developer/SDKs/iPhoneSimulator18.2.sdk/System/Library/Frameworks/CoreServices.framework/Headers/CoreServices.h:9:10: note: in file included from /Applications/Xcode.app/Contents/Developer/Platforms/iPhoneSimulator.platform/Developer/SDKs/iPhoneSimulator18.2.sdk/System/Library/Frameworks/CoreServices.framework/Headers/CoreServices.h:9:
/Users/user276136/Documents/Dev/NSTApp/ios/Pods/Headers/Public/ReactCommon/ReactCommon.modulemap:1:8: error: Redefinition of module 'ReactCommon' (in target 'React-RCTAppDelegate' from project 'Pods')
    /Users/user276136/Documents/Dev/NSTApp/ios/Pods/Headers/Public/ReactCommon/React-RuntimeApple.modulemap:1:8: note: Previously defined here
/Applications/Xcode.app/Contents/Developer/Platforms/iPhoneSimulator.platform/Developer/SDKs/iPhoneSimulator18.2.sdk/usr/include/xpc/xpc.h:6:10: error: Could not build module 'os_object' (in target 'React-RCTAppDelegate' from project 'Pods')
    /Users/user276136/Documents/Dev/NSTApp/ios/Pods/Target Support Files/React-RCTAppDelegate/React-RCTAppDelegate-prefix.pch:2:9: note: while building module 'UIKit' imported from /Users/user276136/Documents/Dev/NSTApp/ios/Pods/Target Support Files/React-RCTAppDelegate/React-RCTAppDelegate-prefix.pch:2:
    /Applications/Xcode.app/Contents/Developer/Platforms/iPhoneSimulator.platform/Developer/SDKs/iPhoneSimulator18.2.sdk/System/Library/Frameworks/UIKit.framework/Headers/UIKit.h:8:9: note: while building module 'Foundation' imported from /Applications/Xcode.app/Contents/Developer/Platforms/iPhoneSimulator.platform/Developer/SDKs/iPhoneSimulator18.2.sdk/System/Library/Frameworks/UIKit.framework/Headers/UIKit.h:8:
    /Applications/Xcode.app/Contents/Developer/Platforms/iPhoneSimulator.platform/Developer/SDKs/iPhoneSimulator18.2.sdk/System/Library/Frameworks/Foundation.framework/Headers/NSXPCConnection.h:14:10: note: while building module 'XPC' imported from /Applications/Xcode.app/Contents/Developer/Platforms/iPhoneSimulator.platform/Developer/SDKs/iPhoneSimulator18.2.sdk/System/Library/Frameworks/Foundation.framework/Headers/NSXPCConnection.h:14:
    /Users/user276136/Documents/Dev/NSTApp/ios/Pods/<module-includes>:1:9: note: in file included from <module-includes>:1:
/Applications/Xcode.app/Contents/Developer/Platforms/iPhoneSimulator.platform/Developer/SDKs/iPhoneSimulator18.2.sdk/System/Library/Frameworks/UIKit.framework/Headers/UIKit.h:8:9: error: Could not build module 'Foundation' (in target 'React-RCTAppDelegate' from project 'Pods')
    /Users/user276136/Documents/Dev/NSTApp/ios/Pods/Target Support Files/React-RCTAppDelegate/React-RCTAppDelegate-prefix.pch:2:9: note: while building module 'UIKit' imported from /Users/user276136/Documents/Dev/NSTApp/ios/Pods/Target Support Files/React-RCTAppDelegate/React-RCTAppDelegate-prefix.pch:2:
    /Users/user276136/Documents/Dev/NSTApp/ios/Pods/<module-includes>:1:9: note: in file included from <module-includes>:1:
/Users/user276136/Documents/Dev/NSTApp/ios/Pods/Headers/Public/ReactCommon/ReactCommon.modulemap:1:8: error: Redefinition of module 'ReactCommon' (in target 'React-RCTAppDelegate' from project 'Pods')
    /Users/user276136/Documents/Dev/NSTApp/ios/Pods/Headers/Public/ReactCommon/React-RuntimeApple.modulemap:1:8: note: Previously defined here
/Applications/Xcode.app/Contents/Developer/Platforms/iPhoneSimulator.platform/Developer/SDKs/iPhoneSimulator18.2.sdk/System/Library/Frameworks/CoreGraphics.framework/Headers/CGBase.h:8:10: error: Could not build module '_Builtin_stdbool' (in target 'React-RCTAppDelegate' from project 'Pods')
    /Users/user276136/Documents/Dev/NSTApp/ios/Pods/Target Support Files/React-RCTAppDelegate/React-RCTAppDelegate-prefix.pch:2:9: note: while building module 'UIKit' imported from /Users/user276136/Documents/Dev/NSTApp/ios/Pods/Target Support Files/React-RCTAppDelegate/React-RCTAppDelegate-prefix.pch:2:
    /Applications/Xcode.app/Contents/Developer/Platforms/iPhoneSimulator.platform/Developer/SDKs/iPhoneSimulator18.2.sdk/System/Library/Frameworks/UIKit.framework/Headers/UIBezierPath.h:10:9: note: while building module 'CoreGraphics' imported from /Applications/Xcode.app/Contents/Developer/Platforms/iPhoneSimulator.platform/Developer/SDKs/iPhoneSimulator18.2.sdk/System/Library/Frameworks/UIKit.framework/Headers/UIBezierPath.h:10:
    /Users/user276136/Documents/Dev/NSTApp/ios/Pods/<module-includes>:1:9: note: in file included from <module-includes>:1:
    /Applications/Xcode.app/Contents/Developer/Platforms/iPhoneSimulator.platform/Developer/SDKs/iPhoneSimulator18.2.sdk/System/Library/Frameworks/CoreGraphics.framework/Headers/CoreGraphics.h:8:10: note: in file included from /Applications/Xcode.app/Contents/Developer/Platforms/iPhoneSimulator.platform/Developer/SDKs/iPhoneSimulator18.2.sdk/System/Library/Frameworks/CoreGraphics.framework/Headers/CoreGraphics.h:8:
/Users/user276136/Documents/Dev/NSTApp/ios/Pods/Headers/Public/ReactCommon/ReactCommon.modulemap:1:8: error: Redefinition of module 'ReactCommon' (in target 'React-RCTAppDelegate' from project 'Pods')
    /Users/user276136/Documents/Dev/NSTApp/ios/Pods/Headers/Public/ReactCommon/React-RuntimeApple.modulemap:1:8: note: Previously defined here
/Applications/Xcode.app/Contents/Developer/Platforms/iPhoneSimulator.platform/Developer/SDKs/iPhoneSimulator18.2.sdk/System/Library/Frameworks/CoreImage.framework/Headers/CoreImageDefines.h:11:10: error: Could not build module 'TargetConditionals' (in target 'React-RCTAppDelegate' from project 'Pods')
    /Users/user276136/Documents/Dev/NSTApp/ios/Pods/Target Support Files/React-RCTAppDelegate/React-RCTAppDelegate-prefix.pch:2:9: note: while building module 'UIKit' imported from /Users/user276136/Documents/Dev/NSTApp/ios/Pods/Target Support Files/React-RCTAppDelegate/React-RCTAppDelegate-prefix.pch:2:
    /Applications/Xcode.app/Contents/Developer/Platforms/iPhoneSimulator.platform/Developer/SDKs/iPhoneSimulator18.2.sdk/System/Library/Frameworks/UIKit.framework/Headers/UIColor.h:13:9: note: while building module 'CoreImage' imported from /Applications/Xcode.app/Contents/Developer/Platforms/iPhoneSimulator.platform/Developer/SDKs/iPhoneSimulator18.2.sdk/System/Library/Frameworks/UIKit.framework/Headers/UIColor.h:13:
    /Users/user276136/Documents/Dev/NSTApp/ios/Pods/<module-includes>:1:9: note: in file included from <module-includes>:1:
    /Applications/Xcode.app/Contents/Developer/Platforms/iPhoneSimulator.platform/Developer/SDKs/iPhoneSimulator18.2.sdk/System/Library/Frameworks/CoreImage.framework/Headers/CoreImage.h:9:10: note: in file included from /Applications/Xcode.app/Contents/Developer/Platforms/iPhoneSimulator.platform/Developer/SDKs/iPhoneSimulator18.2.sdk/System/Library/Frameworks/CoreImage.framework/Headers/CoreImage.h:9:
/Users/user276136/Documents/Dev/NSTApp/ios/Pods/Headers/Public/ReactCommon/ReactCommon.modulemap:1:8: error: Redefinition of module 'ReactCommon' (in target 'React-RCTAppDelegate' from project 'Pods')
    /Users/user276136/Documents/Dev/NSTApp/ios/Pods/Headers/Public/ReactCommon/React-RuntimeApple.modulemap:1:8: note: Previously defined here
/Applications/Xcode.app/Contents/Developer/Platforms/iPhoneSimulator.platform/Developer/SDKs/iPhoneSimulator18.2.sdk/System/Library/Frameworks/CoreVideo.framework/Headers/CoreVideo.h:16:10: error: Could not build module 'TargetConditionals' (in target 'React-RCTAppDelegate' from project 'Pods')
    /Users/user276136/Documents/Dev/NSTApp/ios/Pods/Target Support Files/React-RCTAppDelegate/React-RCTAppDelegate-prefix.pch:2:9: note: while building module 'UIKit' imported from /Users/user276136/Documents/Dev/NSTApp/ios/Pods/Target Support Files/React-RCTAppDelegate/React-RCTAppDelegate-prefix.pch:2:
    /Applications/Xcode.app/Contents/Developer/Platforms/iPhoneSimulator.platform/Developer/SDKs/iPhoneSimulator18.2.sdk/System/Library/Frameworks/UIKit.framework/Headers/UIColor.h:13:9: note: while building module 'CoreImage' imported from /Applications/Xcode.app/Contents/Developer/Platforms/iPhoneSimulator.platform/Developer/SDKs/iPhoneSimulator18.2.sdk/System/Library/Frameworks/UIKit.framework/Headers/UIColor.h:13:
    /Applications/Xcode.app/Contents/Developer/Platforms/iPhoneSimulator.platform/Developer/SDKs/iPhoneSimulator18.2.sdk/System/Library/Frameworks/CoreImage.framework/Headers/CIImage.h:15:9: note: while building module 'CoreVideo' imported from /Applications/Xcode.app/Contents/Developer/Platforms/iPhoneSimulator.platform/Developer/SDKs/iPhoneSimulator18.2.sdk/System/Library/Frameworks/CoreImage.framework/Headers/CIImage.h:15:
    /Users/user276136/Documents/Dev/NSTApp/ios/Pods/<module-includes>:1:9: note: in file included from <module-includes>:1:
/Users/user276136/Documents/Dev/NSTApp/ios/Pods/Headers/Public/ReactCommon/ReactCommon.modulemap:1:8: error: Redefinition of module 'ReactCommon' (in target 'React-RCTAppDelegate' from project 'Pods')
    /Users/user276136/Documents/Dev/NSTApp/ios/Pods/Headers/Public/ReactCommon/React-RuntimeApple.modulemap:1:8: note: Previously defined here
/Applications/Xcode.app/Contents/Developer/Platforms/iPhoneSimulator.platform/Developer/SDKs/iPhoneSimulator18.2.sdk/System/Library/Frameworks/ImageIO.framework/Headers/ImageIOBase.h:11:10: error: Could not build module '_Builtin_stdbool' (in target 'React-RCTAppDelegate' from project 'Pods')
    /Users/user276136/Documents/Dev/NSTApp/ios/Pods/Target Support Files/React-RCTAppDelegate/React-RCTAppDelegate-prefix.pch:2:9: note: while building module 'UIKit' imported from /Users/user276136/Documents/Dev/NSTApp/ios/Pods/Target Support Files/React-RCTAppDelegate/React-RCTAppDelegate-prefix.pch:2:
    /Applications/Xcode.app/Contents/Developer/Platforms/iPhoneSimulator.platform/Developer/SDKs/iPhoneSimulator18.2.sdk/System/Library/Frameworks/UIKit.framework/Headers/UIColor.h:13:9: note: while building module 'CoreImage' imported from /Applications/Xcode.app/Contents/Developer/Platforms/iPhoneSimulator.platform/Developer/SDKs/iPhoneSimulator18.2.sdk/System/Library/Frameworks/UIKit.framework/Headers/UIColor.h:13:
    /Applications/Xcode.app/Contents/Developer/Platforms/iPhoneSimulator.platform/Developer/SDKs/iPhoneSimulator18.2.sdk/System/Library/Frameworks/CoreImage.framework/Headers/CIImage.h:16:9: note: while building module 'ImageIO' imported from /Applications/Xcode.app/Contents/Developer/Platforms/iPhoneSimulator.platform/Developer/SDKs/iPhoneSimulator18.2.sdk/System/Library/Frameworks/CoreImage.framework/Headers/CIImage.h:16:
    /Users/user276136/Documents/Dev/NSTApp/ios/Pods/<module-includes>:1:9: note: in file included from <module-includes>:1:
    /Applications/Xcode.app/Contents/Developer/Platforms/iPhoneSimulator.platform/Developer/SDKs/iPhoneSimulator18.2.sdk/System/Library/Frameworks/ImageIO.framework/Headers/ImageIO.h:10:10: note: in file included from /Applications/Xcode.app/Contents/Developer/Platforms/iPhoneSimulator.platform/Developer/SDKs/iPhoneSimulator18.2.sdk/System/Library/Frameworks/ImageIO.framework/Headers/ImageIO.h:10:
/Users/user276136/Documents/Dev/NSTApp/ios/Pods/Headers/Public/ReactCommon/ReactCommon.modulemap:1:8: error: Redefinition of module 'ReactCommon' (in target 'React-RCTAppDelegate' from project 'Pods')
    /Users/user276136/Documents/Dev/NSTApp/ios/Pods/Headers/Public/ReactCommon/React-RuntimeApple.modulemap:1:8: note: Previously defined here
/Applications/Xcode.app/Contents/Developer/Platforms/iPhoneSimulator.platform/Developer/SDKs/iPhoneSimulator18.2.sdk/System/Library/Frameworks/IOSurface.framework/Headers/IOSurfaceBase.h:12:10: error: Could not build module 'DarwinFoundation' (in target 'React-RCTAppDelegate' from project 'Pods')
    /Users/user276136/Documents/Dev/NSTApp/ios/Pods/Target Support Files/React-RCTAppDelegate/React-RCTAppDelegate-prefix.pch:2:9: note: while building module 'UIKit' imported from /Users/user276136/Documents/Dev/NSTApp/ios/Pods/Target Support Files/React-RCTAppDelegate/React-RCTAppDelegate-prefix.pch:2:
    /Applications/Xcode.app/Contents/Developer/Platforms/iPhoneSimulator.platform/Developer/SDKs/iPhoneSimulator18.2.sdk/System/Library/Frameworks/UIKit.framework/Headers/UIColor.h:13:9: note: while building module 'CoreImage' imported from /Applications/Xcode.app/Contents/Developer/Platforms/iPhoneSimulator.platform/Developer/SDKs/iPhoneSimulator18.2.sdk/System/Library/Frameworks/UIKit.framework/Headers/UIColor.h:13:
    /Applications/Xcode.app/Contents/Developer/Platforms/iPhoneSimulator.platform/Developer/SDKs/iPhoneSimulator18.2.sdk/System/Library/Frameworks/CoreImage.framework/Headers/CIImage.h:21:9: note: while building module 'IOSurface' imported from /Applications/Xcode.app/Contents/Developer/Platforms/iPhoneSimulator.platform/Developer/SDKs/iPhoneSimulator18.2.sdk/System/Library/Frameworks/CoreImage.framework/Headers/CIImage.h:21:
    /Users/user276136/Documents/Dev/NSTApp/ios/Pods/<module-includes>:1:9: note: in file included from <module-includes>:1:
/Users/user276136/Documents/Dev/NSTApp/ios/Pods/Headers/Public/ReactCommon/ReactCommon.modulemap:1:8: error: Redefinition of module 'ReactCommon' (in target 'React-RCTAppDelegate' from project 'Pods')
    /Users/user276136/Documents/Dev/NSTApp/ios/Pods/Headers/Public/ReactCommon/React-RuntimeApple.modulemap:1:8: note: Previously defined here
/Applications/Xcode.app/Contents/Developer/Platforms/iPhoneSimulator.platform/Developer/SDKs/iPhoneSimulator18.2.sdk/System/Library/Frameworks/Metal.framework/Headers/MTLDefines.h:8:9: error: Could not build module 'os_availability' (in target 'React-RCTAppDelegate' from project 'Pods')
    /Users/user276136/Documents/Dev/NSTApp/ios/Pods/Target Support Files/React-RCTAppDelegate/React-RCTAppDelegate-prefix.pch:2:9: note: while building module 'UIKit' imported from /Users/user276136/Documents/Dev/NSTApp/ios/Pods/Target Support Files/React-RCTAppDelegate/React-RCTAppDelegate-prefix.pch:2:
    /Applications/Xcode.app/Contents/Developer/Platforms/iPhoneSimulator.platform/Developer/SDKs/iPhoneSimulator18.2.sdk/System/Library/Frameworks/UIKit.framework/Headers/UIColor.h:13:9: note: while building module 'CoreImage' imported from /Applications/Xcode.app/Contents/Developer/Platforms/iPhoneSimulator.platform/Developer/SDKs/iPhoneSimulator18.2.sdk/System/Library/Frameworks/UIKit.framework/Headers/UIColor.h:13:
    /Applications/Xcode.app/Contents/Developer/Platforms/iPhoneSimulator.platform/Developer/SDKs/iPhoneSimulator18.2.sdk/System/Library/Frameworks/CoreImage.framework/Headers/CIRenderDestination.h:22:9: note: while building module 'Metal' imported from /Applications/Xcode.app/Contents/Developer/Platforms/iPhoneSimulator.platform/Developer/SDKs/iPhoneSimulator18.2.sdk/System/Library/Frameworks/CoreImage.framework/Headers/CIRenderDestination.h:22:
    /Users/user276136/Documents/Dev/NSTApp/ios/Pods/<module-includes>:1:9: note: in file included from <module-includes>:1:
    /Applications/Xcode.app/Contents/Developer/Platforms/iPhoneSimulator.platform/Developer/SDKs/iPhoneSimulator18.2.sdk/System/Library/Frameworks/Metal.framework/Headers/Metal.h:8:9: note: in file included from /Applications/Xcode.app/Contents/Developer/Platforms/iPhoneSimulator.platform/Developer/SDKs/iPhoneSimulator18.2.sdk/System/Library/Frameworks/Metal.framework/Headers/Metal.h:8:
/Users/user276136/Documents/Dev/NSTApp/ios/Pods/Headers/Public/ReactCommon/ReactCommon.modulemap:1:8: error: Redefinition of module 'ReactCommon' (in target 'React-RCTAppDelegate' from project 'Pods')
    /Users/user276136/Documents/Dev/NSTApp/ios/Pods/Headers/Public/ReactCommon/React-RuntimeApple.modulemap:1:8: note: Previously defined here
/Applications/Xcode.app/Contents/Developer/Platforms/iPhoneSimulator.platform/Developer/SDKs/iPhoneSimulator18.2.sdk/System/Library/Frameworks/CoreText.framework/Headers/CTDefines.h:12:10: error: Could not build module 'TargetConditionals' (in target 'React-RCTAppDelegate' from project 'Pods')
    /Users/user276136/Documents/Dev/NSTApp/ios/Pods/Target Support Files/React-RCTAppDelegate/React-RCTAppDelegate-prefix.pch:2:9: note: while building module 'UIKit' imported from /Users/user276136/Documents/Dev/NSTApp/ios/Pods/Target Support Files/React-RCTAppDelegate/React-RCTAppDelegate-prefix.pch:2:
    /Applications/Xcode.app/Contents/Developer/Platforms/iPhoneSimulator.platform/Developer/SDKs/iPhoneSimulator18.2.sdk/System/Library/Frameworks/UIKit.framework/Headers/NSText.h:34:9: note: while building module 'CoreText' imported from /Applications/Xcode.app/Contents/Developer/Platforms/iPhoneSimulator.platform/Developer/SDKs/iPhoneSimulator18.2.sdk/System/Library/Frameworks/UIKit.framework/Headers/NSText.h:34:
    /Users/user276136/Documents/Dev/NSTApp/ios/Pods/<module-includes>:1:9: note: in file included from <module-includes>:1:
    /Applications/Xcode.app/Contents/Developer/Platforms/iPhoneSimulator.platform/Developer/SDKs/iPhoneSimulator18.2.sdk/System/Library/Frameworks/CoreText.framework/Headers/CoreText.h:20:10: note: in file included from /Applications/Xcode.app/Contents/Developer/Platforms/iPhoneSimulator.platform/Developer/SDKs/iPhoneSimulator18.2.sdk/System/Library/Frameworks/CoreText.framework/Headers/CoreText.h:20:
    /Applications/Xcode.app/Contents/Developer/Platforms/iPhoneSimulator.platform/Developer/SDKs/iPhoneSimulator18.2.sdk/System/Library/Frameworks/CoreText.framework/Headers/CTFont.h:20:10: note: in file included from /Applications/Xcode.app/Contents/Developer/Platforms/iPhoneSimulator.platform/Developer/SDKs/iPhoneSimulator18.2.sdk/System/Library/Frameworks/CoreText.framework/Headers/CTFont.h:20:
    /Applications/Xcode.app/Contents/Developer/Platforms/iPhoneSimulator.platform/Developer/SDKs/iPhoneSimulator18.2.sdk/System/Library/Frameworks/CoreText.framework/Headers/CTFontDescriptor.h:20:10: note: in file included from /Applications/Xcode.app/Contents/Developer/Platforms/iPhoneSimulator.platform/Developer/SDKs/iPhoneSimulator18.2.sdk/System/Library/Frameworks/CoreText.framework/Headers/CTFontDescriptor.h:20:
    /Applications/Xcode.app/Contents/Developer/Platforms/iPhoneSimulator.platform/Developer/SDKs/iPhoneSimulator18.2.sdk/System/Library/Frameworks/CoreText.framework/Headers/CTFontTraits.h:12:10: note: in file included from /Applications/Xcode.app/Contents/Developer/Platforms/iPhoneSimulator.platform/Developer/SDKs/iPhoneSimulator18.2.sdk/System/Library/Frameworks/CoreText.framework/Headers/CTFontTraits.h:12:
/Users/user276136/Documents/Dev/NSTApp/ios/Pods/Headers/Public/ReactCommon/ReactCommon.modulemap:1:8: error: Redefinition of module 'ReactCommon' (in target 'React-RCTAppDelegate' from project 'Pods')
    /Users/user276136/Documents/Dev/NSTApp/ios/Pods/Headers/Public/ReactCommon/React-RuntimeApple.modulemap:1:8: note: Previously defined here
/Applications/Xcode.app/Contents/Developer/Platforms/iPhoneSimulator.platform/Developer/SDKs/iPhoneSimulator18.2.sdk/System/Library/Frameworks/QuartzCore.framework/Headers/CABase.h:11:10: error: Could not build module '_Builtin_stdbool' (in target 'React-RCTAppDelegate' from project 'Pods')
    /Users/user276136/Documents/Dev/NSTApp/ios/Pods/Target Support Files/React-RCTAppDelegate/React-RCTAppDelegate-prefix.pch:2:9: note: while building module 'UIKit' imported from /Users/user276136/Documents/Dev/NSTApp/ios/Pods/Target Support Files/React-RCTAppDelegate/React-RCTAppDelegate-prefix.pch:2:
    /Applications/Xcode.app/Contents/Developer/Platforms/iPhoneSimulator.platform/Developer/SDKs/iPhoneSimulator18.2.sdk/System/Library/Frameworks/UIKit.framework/Headers/UIView.h:10:9: note: while building module 'QuartzCore' imported from /Applications/Xcode.app/Contents/Developer/Platforms/iPhoneSimulator.platform/Developer/SDKs/iPhoneSimulator18.2.sdk/System/Library/Frameworks/UIKit.framework/Headers/UIView.h:10:
    /Users/user276136/Documents/Dev/NSTApp/ios/Pods/<module-includes>:1:9: note: in file included from <module-includes>:1:
    /Applications/Xcode.app/Contents/Developer/Platforms/iPhoneSimulator.platform/Developer/SDKs/iPhoneSimulator18.2.sdk/System/Library/Frameworks/QuartzCore.framework/Headers/QuartzCore.h:20:10: note: in file included from /Applications/Xcode.app/Contents/Developer/Platforms/iPhoneSimulator.platform/Developer/SDKs/iPhoneSimulator18.2.sdk/System/Library/Frameworks/QuartzCore.framework/Headers/QuartzCore.h:20:
    /Applications/Xcode.app/Contents/Developer/Platforms/iPhoneSimulator.platform/Developer/SDKs/iPhoneSimulator18.2.sdk/System/Library/Frameworks/QuartzCore.framework/Headers/CoreAnimation.h:9:10: note: in file included from /Applications/Xcode.app/Contents/Developer/Platforms/iPhoneSimulator.platform/Developer/SDKs/iPhoneSimulator18.2.sdk/System/Library/Frameworks/QuartzCore.framework/Headers/CoreAnimation.h:9:
/Users/user276136/Documents/Dev/NSTApp/ios/Pods/Headers/Public/ReactCommon/ReactCommon.modulemap:1:8: error: Redefinition of module 'ReactCommon' (in target 'React-RCTAppDelegate' from project 'Pods')
    /Users/user276136/Documents/Dev/NSTApp/ios/Pods/Headers/Public/ReactCommon/React-RuntimeApple.modulemap:1:8: note: Previously defined here
/Applications/Xcode.app/Contents/Developer/Platforms/iPhoneSimulator.platform/Developer/SDKs/iPhoneSimulator18.2.sdk/System/Library/Frameworks/OpenGLES.framework/Headers/EAGL.h:8:10: error: Could not build module 'Foundation' (in target 'React-RCTAppDelegate' from project 'Pods')
    /Users/user276136/Documents/Dev/NSTApp/ios/Pods/Target Support Files/React-RCTAppDelegate/React-RCTAppDelegate-prefix.pch:2:9: note: while building module 'UIKit' imported from /Users/user276136/Documents/Dev/NSTApp/ios/Pods/Target Support Files/React-RCTAppDelegate/React-RCTAppDelegate-prefix.pch:2:
    /Applications/Xcode.app/Contents/Developer/Platforms/iPhoneSimulator.platform/Developer/SDKs/iPhoneSimulator18.2.sdk/System/Library/Frameworks/UIKit.framework/Headers/UIView.h:10:9: note: while building module 'QuartzCore' imported from /Applications/Xcode.app/Contents/Developer/Platforms/iPhoneSimulator.platform/Developer/SDKs/iPhoneSimulator18.2.sdk/System/Library/Frameworks/UIKit.framework/Headers/UIView.h:10:
    /Applications/Xcode.app/Contents/Developer/Platforms/iPhoneSimulator.platform/Developer/SDKs/iPhoneSimulator18.2.sdk/System/Library/Frameworks/QuartzCore.framework/Headers/CAEAGLLayer.h:11:9: note: while building module 'OpenGLES' imported from /Applications/Xcode.app/Contents/Developer/Platforms/iPhoneSimulator.platform/Developer/SDKs/iPhoneSimulator18.2.sdk/System/Library/Frameworks/QuartzCore.framework/Headers/CAEAGLLayer.h:11:
    /Users/user276136/Documents/Dev/NSTApp/ios/Pods/<module-includes>:1:9: note: in file included from <module-includes>:1:
/Users/user276136/Documents/Dev/NSTApp/ios/Pods/Headers/Public/ReactCommon/ReactCommon.modulemap:1:8: error: Redefinition of module 'ReactCommon' (in target 'React-RCTAppDelegate' from project 'Pods')
    /Users/user276136/Documents/Dev/NSTApp/ios/Pods/Headers/Public/ReactCommon/React-RuntimeApple.modulemap:1:8: note: Previously defined here
/Applications/Xcode.app/Contents/Developer/Platforms/iPhoneSimulator.platform/Developer/SDKs/iPhoneSimulator18.2.sdk/System/Library/Frameworks/Symbols.framework/Headers/Symbols.h:8:9: error: Could not build module 'Foundation' (in target 'React-RCTAppDelegate' from project 'Pods')
    /Users/user276136/Documents/Dev/NSTApp/ios/Pods/Target Support Files/React-RCTAppDelegate/React-RCTAppDelegate-prefix.pch:2:9: note: while building module 'UIKit' imported from /Users/user276136/Documents/Dev/NSTApp/ios/Pods/Target Support Files/React-RCTAppDelegate/React-RCTAppDelegate-prefix.pch:2:
    /Applications/Xcode.app/Contents/Developer/Platforms/iPhoneSimulator.platform/Developer/SDKs/iPhoneSimulator18.2.sdk/System/Library/Frameworks/UIKit.framework/Headers/UIImageView.h:14:9: note: while building module 'Symbols' imported from /Applications/Xcode.app/Contents/Developer/Platforms/iPhoneSimulator.platform/Developer/SDKs/iPhoneSimulator18.2.sdk/System/Library/Frameworks/UIKit.framework/Headers/UIImageView.h:14:
    /Users/user276136/Documents/Dev/NSTApp/ios/Pods/<module-includes>:1:9: note: in file included from <module-includes>:1:
/Users/user276136/Documents/Dev/NSTApp/ios/Pods/Headers/Public/ReactCommon/ReactCommon.modulemap:1:8: error: Redefinition of module 'ReactCommon' (in target 'React-RCTAppDelegate' from project 'Pods')
    /Users/user276136/Documents/Dev/NSTApp/ios/Pods/Headers/Public/ReactCommon/React-RuntimeApple.modulemap:1:8: note: Previously defined here
/Applications/Xcode.app/Contents/Developer/Platforms/iPhoneSimulator.platform/Developer/SDKs/iPhoneSimulator18.2.sdk/System/Library/Frameworks/FileProvider.framework/Headers/NSFileProviderDomain.h:8:9: error: Could not build module 'Foundation' (in target 'React-RCTAppDelegate' from project 'Pods')
    /Users/user276136/Documents/Dev/NSTApp/ios/Pods/Target Support Files/React-RCTAppDelegate/React-RCTAppDelegate-prefix.pch:2:9: note: while building module 'UIKit' imported from /Users/user276136/Documents/Dev/NSTApp/ios/Pods/Target Support Files/React-RCTAppDelegate/React-RCTAppDelegate-prefix.pch:2:
    /Applications/Xcode.app/Contents/Developer/Platforms/iPhoneSimulator.platform/Developer/SDKs/iPhoneSimulator18.2.sdk/System/Library/Frameworks/UIKit.framework/Headers/NSFileProviderExtension.h:15:9: note: while building module 'FileProvider' imported from /Applications/Xcode.app/Contents/Developer/Platforms/iPhoneSimulator.platform/Developer/SDKs/iPhoneSimulator18.2.sdk/System/Library/Frameworks/UIKit.framework/Headers/NSFileProviderExtension.h:15:
    /Users/user276136/Documents/Dev/NSTApp/ios/Pods/<module-includes>:1:9: note: in file included from <module-includes>:1:
    /Applications/Xcode.app/Contents/Developer/Platforms/iPhoneSimulator.platform/Developer/SDKs/iPhoneSimulator18.2.sdk/System/Library/Frameworks/FileProvider.framework/Headers/FileProvider.h:16:9: note: in file included from /Applications/Xcode.app/Contents/Developer/Platforms/iPhoneSimulator.platform/Developer/SDKs/iPhoneSimulator18.2.sdk/System/Library/Frameworks/FileProvider.framework/Headers/FileProvider.h:16:
/Users/user276136/Documents/Dev/NSTApp/ios/Pods/Headers/Public/ReactCommon/ReactCommon.modulemap:1:8: error: Redefinition of module 'ReactCommon' (in target 'React-RCTAppDelegate' from project 'Pods')
    /Users/user276136/Documents/Dev/NSTApp/ios/Pods/Headers/Public/ReactCommon/React-RuntimeApple.modulemap:1:8: note: Previously defined here
/Applications/Xcode.app/Contents/Developer/Platforms/iPhoneSimulator.platform/Developer/SDKs/iPhoneSimulator18.2.sdk/System/Library/Frameworks/UserNotifications.framework/Headers/NSString+UserNotifications.h:8:9: error: Could not build module 'Foundation' (in target 'React-RCTAppDelegate' from project 'Pods')
    /Users/user276136/Documents/Dev/NSTApp/ios/Pods/Target Support Files/React-RCTAppDelegate/React-RCTAppDelegate-prefix.pch:2:9: note: while building module 'UIKit' imported from /Users/user276136/Documents/Dev/NSTApp/ios/Pods/Target Support Files/React-RCTAppDelegate/React-RCTAppDelegate-prefix.pch:2:
    /Applications/Xcode.app/Contents/Developer/Platforms/iPhoneSimulator.platform/Developer/SDKs/iPhoneSimulator18.2.sdk/System/Library/Frameworks/UIKit.framework/Headers/UNNotificationResponse+UIKitAdditions.h:10:9: note: while building module 'UserNotifications' imported from /Applications/Xcode.app/Contents/Developer/Platforms/iPhoneSimulator.platform/Developer/SDKs/iPhoneSimulator18.2.sdk/System/Library/Frameworks/UIKit.framework/Headers/UNNotificationResponse+UIKitAdditions.h:10:
    /Users/user276136/Documents/Dev/NSTApp/ios/Pods/<module-includes>:1:9: note: in file included from <module-includes>:1:
    /Applications/Xcode.app/Contents/Developer/Platforms/iPhoneSimulator.platform/Developer/SDKs/iPhoneSimulator18.2.sdk/System/Library/Frameworks/UserNotifications.framework/Headers/UserNotifications.h:8:9: note: in file included from /Applications/Xcode.app/Contents/Developer/Platforms/iPhoneSimulator.platform/Developer/SDKs/iPhoneSimulator18.2.sdk/System/Library/Frameworks/UserNotifications.framework/Headers/UserNotifications.h:8:
/Users/user276136/Documents/Dev/NSTApp/ios/Pods/Target Support Files/React-RCTAppDelegate/React-RCTAppDelegate-prefix.pch:2:9: error: Could not build module 'UIKit' (in target 'React-RCTAppDelegate' from project 'Pods')
    /Users/user276136/Documents/Dev/NSTApp/ios/Pods/<built-in>:1:10: note: in file included from <built-in>:446:

/Users/user276136/Documents/Dev/NSTApp/ios/Pods/Headers/Public/ReactCommon/ReactCommon.modulemap:1:8: Redefinition of module 'ReactCommon'

/Users/user276136/Documents/Dev/NSTApp/ios/Pods/Headers/Public/ReactCommon/ReactCommon.modulemap:1:8: Redefinition of module 'ReactCommon'

/Users/user276136/Documents/Dev/NSTApp/ios/Pods/Headers/Public/ReactCommon/ReactCommon.modulemap:1:8: Redefinition of module 'ReactCommon'

/Users/user276136/Documents/Dev/NSTApp/ios/Pods/Headers/Public/ReactCommon/ReactCommon.modulemap:1:8: Redefinition of module 'ReactCommon'

/Users/user276136/Documents/Dev/NSTApp/ios/Pods/Headers/Public/ReactCommon/ReactCommon.modulemap:1:8: Redefinition of module 'ReactCommon'

/Applications/Xcode.app/Contents/Developer/Platforms/iPhoneSimulator.platform/Developer/SDKs/iPhoneSimulator18.2.sdk/System/Library/Frameworks/CoreFoundation.framework/Headers/CoreFoundation.h:14:10: Could not build module 'TargetConditionals'

/Users/user276136/Documents/Dev/NSTApp/ios/Pods/Headers/Public/ReactCommon/ReactCommon.modulemap:1:8: Redefinition of module 'ReactCommon'

/Users/user276136/Documents/Dev/NSTApp/ios/Pods/Headers/Public/ReactCommon/ReactCommon.modulemap:1:8: Redefinition of module 'ReactCommon'

/Users/user276136/Documents/Dev/NSTApp/ios/Pods/Headers/Public/ReactCommon/ReactCommon.modulemap:1:8: Redefinition of module 'ReactCommon'

/Users/user276136/Documents/Dev/NSTApp/ios/Pods/Headers/Public/ReactCommon/ReactCommon.modulemap:1:8: Redefinition of module 'ReactCommon'

/Applications/Xcode.app/Contents/Developer/Platforms/iPhoneSimulator.platform/Developer/SDKs/iPhoneSimulator18.2.sdk/usr/include/os/availability.h:76:10: Could not build module 'os_availability_internal'

/Applications/Xcode.app/Contents/Developer/Platforms/iPhoneSimulator.platform/Developer/SDKs/iPhoneSimulator18.2.sdk/usr/include/sys/qos.h:28:10: Could not build module 'os_availability'

/Users/user276136/Documents/Dev/NSTApp/ios/Pods/Headers/Public/ReactCommon/ReactCommon.modulemap:1:8: Redefinition of module 'ReactCommon'

/Users/user276136/Documents/Dev/NSTApp/ios/Pods/Headers/Public/ReactCommon/ReactCommon.modulemap:1:8: Redefinition of module 'ReactCommon'

/Applications/Xcode.app/Contents/Developer/Platforms/iPhoneSimulator.platform/Developer/SDKs/iPhoneSimulator18.2.sdk/usr/include/sys/types.h:72:10: Could not build module 'DarwinFoundation'

/Users/user276136/Documents/Dev/NSTApp/ios/Pods/Headers/Public/ReactCommon/ReactCommon.modulemap:1:8: Redefinition of module 'ReactCommon'

/Applications/Xcode.app/Contents/Developer/Platforms/iPhoneSimulator.platform/Developer/SDKs/iPhoneSimulator18.2.sdk/usr/include/sys/_types/_in_addr_t.h:30:10: Could not build module 'DarwinFoundation'

/Users/user276136/Documents/Dev/NSTApp/ios/Pods/Headers/Public/ReactCommon/ReactCommon.modulemap:1:8: Redefinition of module 'ReactCommon'

/Applications/Xcode.app/Contents/Developer/Platforms/iPhoneSimulator.platform/Developer/SDKs/iPhoneSimulator18.2.sdk/usr/include/sys/_types/_useconds_t.h:30:10: Could not build module 'DarwinFoundation'

/Users/user276136/Documents/Dev/NSTApp/ios/Pods/Headers/Public/ReactCommon/ReactCommon.modulemap:1:8: Redefinition of module 'ReactCommon'

/Applications/Xcode.app/Contents/Developer/Platforms/iPhoneSimulator.platform/Developer/SDKs/iPhoneSimulator18.2.sdk/usr/include/sys/errno.h:72:10: Could not build module 'DarwinFoundation'

/Users/user276136/Documents/Dev/NSTApp/ios/Pods/Headers/Public/ReactCommon/ReactCommon.modulemap:1:8: Redefinition of module 'ReactCommon'

/Applications/Xcode.app/Contents/Developer/Platforms/iPhoneSimulator.platform/Developer/SDKs/iPhoneSimulator18.2.sdk/usr/include/sys/_types/_fd_def.h:31:10: Could not build module 'DarwinFoundation'

/Users/user276136/Documents/Dev/NSTApp/ios/Pods/Headers/Public/ReactCommon/ReactCommon.modulemap:1:8: Redefinition of module 'ReactCommon'

/Applications/Xcode.app/Contents/Developer/Platforms/iPhoneSimulator.platform/Developer/SDKs/iPhoneSimulator18.2.sdk/usr/include/_assert.h:45:10: Could not build module 'DarwinFoundation'

/Users/user276136/Documents/Dev/NSTApp/ios/Pods/Headers/Public/ReactCommon/ReactCommon.modulemap:1:8: Redefinition of module 'ReactCommon'

/Applications/Xcode.app/Contents/Developer/Platforms/iPhoneSimulator.platform/Developer/SDKs/iPhoneSimulator18.2.sdk/usr/include/_ctype.h:70:10: Could not build module 'DarwinFoundation'

/Users/user276136/Documents/Dev/NSTApp/ios/Pods/Headers/Public/ReactCommon/ReactCommon.modulemap:1:8: Redefinition of module 'ReactCommon'

/Applications/Xcode.app/Contents/Developer/Platforms/iPhoneSimulator.platform/Developer/SDKs/iPhoneSimulator18.2.sdk/usr/include/runetype.h:42:10: Could not build module 'DarwinFoundation'

/Users/user276136/Documents/Dev/NSTApp/ios/Pods/Headers/Public/ReactCommon/ReactCommon.modulemap:1:8: Redefinition of module 'ReactCommon'

/Users/user276136/Documents/Dev/NSTApp/ios/Pods/Headers/Public/ReactCommon/ReactCommon.modulemap:1:8: Redefinition of module 'ReactCommon'

/Applications/Xcode.app/Contents/Developer/Toolchains/XcodeDefault.xctoolchain/usr/lib/clang/16/include/float.h:28:17: Could not build module '_float'

/Users/user276136/Documents/Dev/NSTApp/ios/Pods/Headers/Public/ReactCommon/ReactCommon.modulemap:1:8: Redefinition of module 'ReactCommon'

/Users/user276136/Documents/Dev/NSTApp/ios/Pods/Headers/Public/ReactCommon/ReactCommon.modulemap:1:8: Redefinition of module 'ReactCommon'

/Applications/Xcode.app/Contents/Developer/Platforms/iPhoneSimulator.platform/Developer/SDKs/iPhoneSimulator18.2.sdk/usr/include/limits.h:63:10: Could not build module 'DarwinFoundation'

/Applications/Xcode.app/Contents/Developer/Toolchains/XcodeDefault.xctoolchain/usr/lib/clang/16/include/limits.h:21:15: Could not build module '_limits'

/Users/user276136/Documents/Dev/NSTApp/ios/Pods/Headers/Public/ReactCommon/ReactCommon.modulemap:1:8: Redefinition of module 'ReactCommon'

/Applications/Xcode.app/Contents/Developer/Platforms/iPhoneSimulator.platform/Developer/SDKs/iPhoneSimulator18.2.sdk/usr/include/_locale.h:40:10: Could not build module 'DarwinFoundation'

/Users/user276136/Documents/Dev/NSTApp/ios/Pods/Headers/Public/ReactCommon/ReactCommon.modulemap:1:8: Redefinition of module 'ReactCommon'

/Applications/Xcode.app/Contents/Developer/Platforms/iPhoneSimulator.platform/Developer/SDKs/iPhoneSimulator18.2.sdk/usr/include/math.h:31:10: Could not build module 'DarwinFoundation'

/Users/user276136/Documents/Dev/NSTApp/ios/Pods/Headers/Public/ReactCommon/ReactCommon.modulemap:1:8: Redefinition of module 'ReactCommon'

/Applications/Xcode.app/Contents/Developer/Platforms/iPhoneSimulator.platform/Developer/SDKs/iPhoneSimulator18.2.sdk/usr/include/setjmp.h:26:10: Could not build module 'DarwinFoundation'

/Users/user276136/Documents/Dev/NSTApp/ios/Pods/Headers/Public/ReactCommon/ReactCommon.modulemap:1:8: Redefinition of module 'ReactCommon'

/Applications/Xcode.app/Contents/Developer/Platforms/iPhoneSimulator.platform/Developer/SDKs/iPhoneSimulator18.2.sdk/usr/include/arm/signal.h:14:10: Could not build module 'DarwinFoundation'

/Users/user276136/Documents/Dev/NSTApp/ios/Pods/Headers/Public/ReactCommon/ReactCommon.modulemap:1:8: Redefinition of module 'ReactCommon'

/Applications/Xcode.app/Contents/Developer/Platforms/iPhoneSimulator.platform/Developer/SDKs/iPhoneSimulator18.2.sdk/usr/include/_stdio.h:69:10: Could not build module 'DarwinFoundation'

/Users/user276136/Documents/Dev/NSTApp/ios/Pods/Headers/Public/ReactCommon/ReactCommon.modulemap:1:8: Redefinition of module 'ReactCommon'

/Applications/Xcode.app/Contents/Developer/Platforms/iPhoneSimulator.platform/Developer/SDKs/iPhoneSimulator18.2.sdk/usr/include/_stdlib.h:61:10: Could not build module 'os_availability'

/Users/user276136/Documents/Dev/NSTApp/ios/Pods/Headers/Public/ReactCommon/ReactCommon.modulemap:1:8: Redefinition of module 'ReactCommon'

/Applications/Xcode.app/Contents/Developer/Platforms/iPhoneSimulator.platform/Developer/SDKs/iPhoneSimulator18.2.sdk/usr/include/sys/wait.h:67:10: Could not build module 'DarwinFoundation'

/Users/user276136/Documents/Dev/NSTApp/ios/Pods/Headers/Public/ReactCommon/ReactCommon.modulemap:1:8: Redefinition of module 'ReactCommon'

/Applications/Xcode.app/Contents/Developer/Platforms/iPhoneSimulator.platform/Developer/SDKs/iPhoneSimulator18.2.sdk/usr/include/sys/resource.h:67:10: Could not build module 'DarwinFoundation'

/Users/user276136/Documents/Dev/NSTApp/ios/Pods/Headers/Public/ReactCommon/ReactCommon.modulemap:1:8: Redefinition of module 'ReactCommon'

/Users/user276136/Documents/Dev/NSTApp/ios/Pods/Headers/Public/ReactCommon/ReactCommon.modulemap:1:8: Redefinition of module 'ReactCommon'

/Applications/Xcode.app/Contents/Developer/Platforms/iPhoneSimulator.platform/Developer/SDKs/iPhoneSimulator18.2.sdk/usr/include/stdint.h:18:10: Could not build module 'DarwinFoundation'

/Applications/Xcode.app/Contents/Developer/Toolchains/XcodeDefault.xctoolchain/usr/lib/clang/16/include/stdint.h:52:16: Could not build module '_stdint'

/Users/user276136/Documents/Dev/NSTApp/ios/Pods/Headers/Public/ReactCommon/ReactCommon.modulemap:1:8: Redefinition of module 'ReactCommon'

/Applications/Xcode.app/Contents/Developer/Platforms/iPhoneSimulator.platform/Developer/SDKs/iPhoneSimulator18.2.sdk/usr/include/sys/_types/_timeval.h:31:10: Could not build module 'DarwinFoundation'

/Users/user276136/Documents/Dev/NSTApp/ios/Pods/Headers/Public/ReactCommon/ReactCommon.modulemap:1:8: Redefinition of module 'ReactCommon'

/Applications/Xcode.app/Contents/Developer/Platforms/iPhoneSimulator.platform/Developer/SDKs/iPhoneSimulator18.2.sdk/usr/include/alloca.h:27:10: Could not build module 'DarwinFoundation'

/Users/user276136/Documents/Dev/NSTApp/ios/Pods/Headers/Public/ReactCommon/ReactCommon.modulemap:1:8: Redefinition of module 'ReactCommon'

/Applications/Xcode.app/Contents/Developer/Platforms/iPhoneSimulator.platform/Developer/SDKs/iPhoneSimulator18.2.sdk/usr/include/_string.h:61:10: Could not build module 'DarwinFoundation'

/Users/user276136/Documents/Dev/NSTApp/ios/Pods/Headers/Public/ReactCommon/ReactCommon.modulemap:1:8: Redefinition of module 'ReactCommon'

/Applications/Xcode.app/Contents/Developer/Platforms/iPhoneSimulator.platform/Developer/SDKs/iPhoneSimulator18.2.sdk/usr/include/_strings.h:61:10: Could not build module 'DarwinFoundation'

/Users/user276136/Documents/Dev/NSTApp/ios/Pods/Headers/Public/ReactCommon/ReactCommon.modulemap:1:8: Redefinition of module 'ReactCommon'

/Applications/Xcode.app/Contents/Developer/Platforms/iPhoneSimulator.platform/Developer/SDKs/iPhoneSimulator18.2.sdk/usr/include/_time.h:66:10: Could not build module 'DarwinFoundation'

/Users/user276136/Documents/Dev/NSTApp/ios/Pods/Headers/Public/ReactCommon/ReactCommon.modulemap:1:8: Redefinition of module 'ReactCommon'

/Users/user276136/Documents/Dev/NSTApp/ios/Pods/Headers/Public/ReactCommon/ReactCommon.modulemap:1:8: Redefinition of module 'ReactCommon'

/Applications/Xcode.app/Contents/Developer/Platforms/iPhoneSimulator.platform/Developer/SDKs/iPhoneSimulator18.2.sdk/usr/include/_inttypes.h:223:10: Could not build module 'DarwinFoundation'

/Applications/Xcode.app/Contents/Developer/Platforms/iPhoneSimulator.platform/Developer/SDKs/iPhoneSimulator18.2.sdk/usr/include/inttypes.h:31:10: Could not build module '_inttypes'

/Users/user276136/Documents/Dev/NSTApp/ios/Pods/Headers/Public/ReactCommon/ReactCommon.modulemap:1:8: Redefinition of module 'ReactCommon'

/Users/user276136/Documents/Dev/NSTApp/ios/Pods/Headers/Public/ReactCommon/ReactCommon.modulemap:1:8: Redefinition of module 'ReactCommon'

/Applications/Xcode.app/Contents/Developer/Platforms/iPhoneSimulator.platform/Developer/SDKs/iPhoneSimulator18.2.sdk/usr/include/AvailabilityMacros.h:89:10: Could not build module 'os_availability_internal'

/Users/user276136/Documents/Dev/NSTApp/ios/Pods/Headers/Public/ReactCommon/ReactCommon.modulemap:1:8: Redefinition of module 'ReactCommon'

/Users/user276136/Documents/Dev/NSTApp/ios/Pods/Headers/Public/ReactCommon/ReactCommon.modulemap:1:8: Redefinition of module 'ReactCommon'

/Applications/Xcode.app/Contents/Developer/Platforms/iPhoneSimulator.platform/Developer/SDKs/iPhoneSimulator18.2.sdk/usr/include/dispatch/dispatch.h:25:10: Could not build module 'os_availability'

/Users/user276136/Documents/Dev/NSTApp/ios/Pods/Headers/Public/ReactCommon/ReactCommon.modulemap:1:8: Redefinition of module 'ReactCommon'

/Applications/Xcode.app/Contents/Developer/Platforms/iPhoneSimulator.platform/Developer/SDKs/iPhoneSimulator18.2.sdk/usr/include/copyfile.h:35:10: Could not build module 'DarwinFoundation'

/Users/user276136/Documents/Dev/NSTApp/ios/Pods/Headers/Public/ReactCommon/ReactCommon.modulemap:1:8: Redefinition of module 'ReactCommon'

/Applications/Xcode.app/Contents/Developer/Platforms/iPhoneSimulator.platform/Developer/SDKs/iPhoneSimulator18.2.sdk/usr/include/sys/_types/_uuid_t.h:30:10: Could not build module 'DarwinFoundation'

/Users/user276136/Documents/Dev/NSTApp/ios/Pods/Headers/Public/ReactCommon/ReactCommon.modulemap:1:8: Redefinition of module 'ReactCommon'

/Applications/Xcode.app/Contents/Developer/Platforms/iPhoneSimulator.platform/Developer/SDKs/iPhoneSimulator18.2.sdk/usr/include/unistd.h:71:10: Could not build module 'DarwinFoundation'

/Users/user276136/Documents/Dev/NSTApp/ios/Pods/Headers/Public/ReactCommon/ReactCommon.modulemap:1:8: Redefinition of module 'ReactCommon'

/Applications/Xcode.app/Contents/Developer/Platforms/iPhoneSimulator.platform/Developer/SDKs/iPhoneSimulator18.2.sdk/usr/include/sys/select.h:66:10: Could not build module 'DarwinFoundation'

/Users/user276136/Documents/Dev/NSTApp/ios/Pods/Headers/Public/ReactCommon/ReactCommon.modulemap:1:8: Redefinition of module 'ReactCommon'

/Applications/Xcode.app/Contents/Developer/Platforms/iPhoneSimulator.platform/Developer/SDKs/iPhoneSimulator18.2.sdk/usr/include/gethostuuid.h:32:10: Could not build module '_time'

/Users/user276136/Documents/Dev/NSTApp/ios/Pods/Headers/Public/ReactCommon/ReactCommon.modulemap:1:8: Redefinition of module 'ReactCommon'

/Applications/Xcode.app/Contents/Developer/Platforms/iPhoneSimulator.platform/Developer/SDKs/iPhoneSimulator18.2.sdk/usr/include/complex.h:34:10: Could not build module 'DarwinFoundation'

/Users/user276136/Documents/Dev/NSTApp/ios/Pods/Headers/Public/ReactCommon/ReactCommon.modulemap:1:8: Redefinition of module 'ReactCommon'

/Users/user276136/Documents/Dev/NSTApp/ios/Pods/Headers/Public/ReactCommon/ReactCommon.modulemap:1:8: Redefinition of module 'ReactCommon'

/Users/user276136/Documents/Dev/NSTApp/ios/Pods/Headers/Public/ReactCommon/ReactCommon.modulemap:1:8: Redefinition of module 'ReactCommon'

/Applications/Xcode.app/Contents/Developer/Toolchains/XcodeDefault.xctoolchain/usr/lib/clang/16/include/stddef.h:78:10: Could not build module '_Builtin_stddef'

/Users/user276136/Documents/Dev/NSTApp/ios/Pods/Headers/Public/ReactCommon/ReactCommon.modulemap:1:8: Redefinition of module 'ReactCommon'

/Applications/Xcode.app/Contents/Developer/Toolchains/XcodeDefault.xctoolchain/usr/lib/clang/16/include/tgmath.h:13:10: Could not build module '_math'

/Users/user276136/Documents/Dev/NSTApp/ios/Pods/Headers/Public/ReactCommon/ReactCommon.modulemap:1:8: Redefinition of module 'ReactCommon'

/Applications/Xcode.app/Contents/Developer/Platforms/iPhoneSimulator.platform/Developer/SDKs/iPhoneSimulator18.2.sdk/usr/include/tgmath.h:27:10: Could not build module '_math'

/Users/user276136/Documents/Dev/NSTApp/ios/Pods/Headers/Public/ReactCommon/ReactCommon.modulemap:1:8: Redefinition of module 'ReactCommon'

/Applications/Xcode.app/Contents/Developer/Platforms/iPhoneSimulator.platform/Developer/SDKs/iPhoneSimulator18.2.sdk/usr/include/_wchar.h:70:10: Could not build module 'DarwinFoundation'

/Users/user276136/Documents/Dev/NSTApp/ios/Pods/Headers/Public/ReactCommon/ReactCommon.modulemap:1:8: Redefinition of module 'ReactCommon'

/Applications/Xcode.app/Contents/Developer/Platforms/iPhoneSimulator.platform/Developer/SDKs/iPhoneSimulator18.2.sdk/usr/include/___wctype.h:58:10: Could not build module 'DarwinFoundation'

/Users/user276136/Documents/Dev/NSTApp/ios/Pods/Headers/Public/ReactCommon/ReactCommon.modulemap:1:8: Redefinition of module 'ReactCommon'

/Applications/Xcode.app/Contents/Developer/Platforms/iPhoneSimulator.platform/Developer/SDKs/iPhoneSimulator18.2.sdk/usr/include/_wctype.h:34:10: Could not build module 'DarwinFoundation'

/Users/user276136/Documents/Dev/NSTApp/ios/Pods/Headers/Public/ReactCommon/ReactCommon.modulemap:1:8: Redefinition of module 'ReactCommon'

/Applications/Xcode.app/Contents/Developer/Platforms/iPhoneSimulator.platform/Developer/SDKs/iPhoneSimulator18.2.sdk/usr/include/_xlocale.h:27:10: Could not build module 'DarwinFoundation'

/Users/user276136/Documents/Dev/NSTApp/ios/Pods/Headers/Public/ReactCommon/ReactCommon.modulemap:1:8: Redefinition of module 'ReactCommon'

/Applications/Xcode.app/Contents/Developer/Platforms/iPhoneSimulator.platform/Developer/SDKs/iPhoneSimulator18.2.sdk/usr/include/nl_types.h:44:10: Could not build module 'DarwinFoundation'

/Users/user276136/Documents/Dev/NSTApp/ios/Pods/Headers/Public/ReactCommon/ReactCommon.modulemap:1:8: Redefinition of module 'ReactCommon'

/Applications/Xcode.app/Contents/Developer/Platforms/iPhoneSimulator.platform/Developer/SDKs/iPhoneSimulator18.2.sdk/usr/include/pthread/pthread.h:55:10: Could not build module 'DarwinFoundation'

/Users/user276136/Documents/Dev/NSTApp/ios/Pods/Headers/Public/ReactCommon/ReactCommon.modulemap:1:8: Redefinition of module 'ReactCommon'

/Applications/Xcode.app/Contents/Developer/Platforms/iPhoneSimulator.platform/Developer/SDKs/iPhoneSimulator18.2.sdk/usr/include/sys/_types/_mach_port_t.h:49:10: Could not build module 'DarwinFoundation'

/Users/user276136/Documents/Dev/NSTApp/ios/Pods/Headers/Public/ReactCommon/ReactCommon.modulemap:1:8: Redefinition of module 'ReactCommon'

/Applications/Xcode.app/Contents/Developer/Platforms/iPhoneSimulator.platform/Developer/SDKs/iPhoneSimulator18.2.sdk/usr/include/os/object.h:25:10: Could not build module 'os_availability'

/Users/user276136/Documents/Dev/NSTApp/ios/Pods/Headers/Public/ReactCommon/ReactCommon.modulemap:1:8: Redefinition of module 'ReactCommon'

/Applications/Xcode.app/Contents/Developer/Platforms/iPhoneSimulator.platform/Developer/SDKs/iPhoneSimulator18.2.sdk/usr/include/os/workgroup_base.h:8:10: Could not build module 'sys_types'

/Applications/Xcode.app/Contents/Developer/Platforms/iPhoneSimulator.platform/Developer/SDKs/iPhoneSimulator18.2.sdk/System/Library/Frameworks/Foundation.framework/Headers/Foundation.h:6:10: Could not build module 'CoreFoundation'

/Users/user276136/Documents/Dev/NSTApp/ios/Pods/Headers/Public/ReactCommon/ReactCommon.modulemap:1:8: Redefinition of module 'ReactCommon'

/Applications/Xcode.app/Contents/Developer/Platforms/iPhoneSimulator.platform/Developer/SDKs/iPhoneSimulator18.2.sdk/usr/include/objc/NSObjCRuntime.h:8:10: Could not build module 'TargetConditionals'

/Users/user276136/Documents/Dev/NSTApp/ios/Pods/Headers/Public/ReactCommon/ReactCommon.modulemap:1:8: Redefinition of module 'ReactCommon'

/Applications/Xcode.app/Contents/Developer/Platforms/iPhoneSimulator.platform/Developer/SDKs/iPhoneSimulator18.2.sdk/System/Library/Frameworks/Security.framework/Headers/SecBase.h:27:10: Could not build module 'TargetConditionals'

/Users/user276136/Documents/Dev/NSTApp/ios/Pods/Headers/Public/ReactCommon/ReactCommon.modulemap:1:8: Redefinition of module 'ReactCommon'

/Applications/Xcode.app/Contents/Developer/Platforms/iPhoneSimulator.platform/Developer/SDKs/iPhoneSimulator18.2.sdk/System/Library/Frameworks/CoreServices.framework/Headers/UTCoreTypes.h:19:10: Could not build module 'CoreFoundation'

/Users/user276136/Documents/Dev/NSTApp/ios/Pods/Headers/Public/ReactCommon/ReactCommon.modulemap:1:8: Redefinition of module 'ReactCommon'

/Applications/Xcode.app/Contents/Developer/Platforms/iPhoneSimulator.platform/Developer/SDKs/iPhoneSimulator18.2.sdk/usr/include/xpc/xpc.h:6:10: Could not build module 'os_object'

/Applications/Xcode.app/Contents/Developer/Platforms/iPhoneSimulator.platform/Developer/SDKs/iPhoneSimulator18.2.sdk/System/Library/Frameworks/UIKit.framework/Headers/UIKit.h:8:9: Could not build module 'Foundation'

/Users/user276136/Documents/Dev/NSTApp/ios/Pods/Headers/Public/ReactCommon/ReactCommon.modulemap:1:8: Redefinition of module 'ReactCommon'

/Applications/Xcode.app/Contents/Developer/Platforms/iPhoneSimulator.platform/Developer/SDKs/iPhoneSimulator18.2.sdk/System/Library/Frameworks/CoreGraphics.framework/Headers/CGBase.h:8:10: Could not build module '_Builtin_stdbool'

/Users/user276136/Documents/Dev/NSTApp/ios/Pods/Headers/Public/ReactCommon/ReactCommon.modulemap:1:8: Redefinition of module 'ReactCommon'

/Applications/Xcode.app/Contents/Developer/Platforms/iPhoneSimulator.platform/Developer/SDKs/iPhoneSimulator18.2.sdk/System/Library/Frameworks/CoreImage.framework/Headers/CoreImageDefines.h:11:10: Could not build module 'TargetConditionals'

/Users/user276136/Documents/Dev/NSTApp/ios/Pods/Headers/Public/ReactCommon/ReactCommon.modulemap:1:8: Redefinition of module 'ReactCommon'

/Applications/Xcode.app/Contents/Developer/Platforms/iPhoneSimulator.platform/Developer/SDKs/iPhoneSimulator18.2.sdk/System/Library/Frameworks/CoreVideo.framework/Headers/CoreVideo.h:16:10: Could not build module 'TargetConditionals'

/Users/user276136/Documents/Dev/NSTApp/ios/Pods/Headers/Public/ReactCommon/ReactCommon.modulemap:1:8: Redefinition of module 'ReactCommon'

/Applications/Xcode.app/Contents/Developer/Platforms/iPhoneSimulator.platform/Developer/SDKs/iPhoneSimulator18.2.sdk/System/Library/Frameworks/ImageIO.framework/Headers/ImageIOBase.h:11:10: Could not build module '_Builtin_stdbool'

/Users/user276136/Documents/Dev/NSTApp/ios/Pods/Headers/Public/ReactCommon/ReactCommon.modulemap:1:8: Redefinition of module 'ReactCommon'

/Applications/Xcode.app/Contents/Developer/Platforms/iPhoneSimulator.platform/Developer/SDKs/iPhoneSimulator18.2.sdk/System/Library/Frameworks/IOSurface.framework/Headers/IOSurfaceBase.h:12:10: Could not build module 'DarwinFoundation'

/Users/user276136/Documents/Dev/NSTApp/ios/Pods/Headers/Public/ReactCommon/ReactCommon.modulemap:1:8: Redefinition of module 'ReactCommon'

/Applications/Xcode.app/Contents/Developer/Platforms/iPhoneSimulator.platform/Developer/SDKs/iPhoneSimulator18.2.sdk/System/Library/Frameworks/Metal.framework/Headers/MTLDefines.h:8:9: Could not build module 'os_availability'

/Users/user276136/Documents/Dev/NSTApp/ios/Pods/Headers/Public/ReactCommon/ReactCommon.modulemap:1:8: Redefinition of module 'ReactCommon'

/Applications/Xcode.app/Contents/Developer/Platforms/iPhoneSimulator.platform/Developer/SDKs/iPhoneSimulator18.2.sdk/System/Library/Frameworks/CoreText.framework/Headers/CTDefines.h:12:10: Could not build module 'TargetConditionals'

/Users/user276136/Documents/Dev/NSTApp/ios/Pods/Headers/Public/ReactCommon/ReactCommon.modulemap:1:8: Redefinition of module 'ReactCommon'

/Applications/Xcode.app/Contents/Developer/Platforms/iPhoneSimulator.platform/Developer/SDKs/iPhoneSimulator18.2.sdk/System/Library/Frameworks/QuartzCore.framework/Headers/CABase.h:11:10: Could not build module '_Builtin_stdbool'

/Users/user276136/Documents/Dev/NSTApp/ios/Pods/Headers/Public/ReactCommon/ReactCommon.modulemap:1:8: Redefinition of module 'ReactCommon'

/Applications/Xcode.app/Contents/Developer/Platforms/iPhoneSimulator.platform/Developer/SDKs/iPhoneSimulator18.2.sdk/System/Library/Frameworks/OpenGLES.framework/Headers/EAGL.h:8:10: Could not build module 'Foundation'

/Users/user276136/Documents/Dev/NSTApp/ios/Pods/Headers/Public/ReactCommon/ReactCommon.modulemap:1:8: Redefinition of module 'ReactCommon'

/Applications/Xcode.app/Contents/Developer/Platforms/iPhoneSimulator.platform/Developer/SDKs/iPhoneSimulator18.2.sdk/System/Library/Frameworks/Symbols.framework/Headers/Symbols.h:8:9: Could not build module 'Foundation'

/Users/user276136/Documents/Dev/NSTApp/ios/Pods/Headers/Public/ReactCommon/ReactCommon.modulemap:1:8: Redefinition of module 'ReactCommon'

/Applications/Xcode.app/Contents/Developer/Platforms/iPhoneSimulator.platform/Developer/SDKs/iPhoneSimulator18.2.sdk/System/Library/Frameworks/FileProvider.framework/Headers/NSFileProviderDomain.h:8:9: Could not build module 'Foundation'

/Users/user276136/Documents/Dev/NSTApp/ios/Pods/Headers/Public/ReactCommon/ReactCommon.modulemap:1:8: Redefinition of module 'ReactCommon'

/Applications/Xcode.app/Contents/Developer/Platforms/iPhoneSimulator.platform/Developer/SDKs/iPhoneSimulator18.2.sdk/System/Library/Frameworks/UserNotifications.framework/Headers/NSString+UserNotifications.h:8:9: Could not build module 'Foundation'

/Users/user276136/Documents/Dev/NSTApp/ios/Pods/Target Support Files/React-RCTAppDelegate/React-RCTAppDelegate-prefix.pch:2:9: Could not build module 'UIKit'



Build failed    3/20/25, 3:23PM    118.4 seconds
